<?xml version="1.0" encoding="UTF-8"?>
<!DOCTYPE html PUBLIC "-//W3C//DTD XHTML 1.0 Strict//EN" "http://www.w3.org/TR/xhtml1/DTD/xhtml1-strict.dtd">
<html xmlns="http://www.w3.org/1999/xhtml">
<head>
    <title>Result</title>
    <meta name="generator" content="HTMLTestRunner 0.8.2"/>
    <meta http-equiv="Content-Type" content="text/html; charset=UTF-8"/>
    
<style type="text/css" media="screen">
body        { font-family: verdana, arial, helvetica, sans-serif; font-size: 80%; }
table       { font-size: 100%; }
pre         { }

/* -- heading ---------------------------------------------------------------------- */
h1 {
	font-size: 16pt;
	color: gray;
}
.heading {
    margin-top: 0ex;
    margin-bottom: 1ex;
}

.heading .attribute {
    margin-top: 1ex;
    margin-bottom: 0;
}

.heading .description {
    margin-top: 4ex;
    margin-bottom: 6ex;
}

/* -- css div popup ------------------------------------------------------------------------ */
a.popup_link {
}

a.popup_link:hover {
    color: red;
}

.popup_window {
    display: none;
    position: relative;
    left: 0px;
    top: 0px;
    /*border: solid #627173 1px; */
    padding: 10px;
    background-color: #E6E6D6;
    font-family: "Lucida Console", "Courier New", Courier, monospace;
    text-align: left;
    font-size: 8pt;
    width: 500px;
}

}
/* -- report ------------------------------------------------------------------------ */
#show_detail_line {
    margin-top: 3ex;
    margin-bottom: 1ex;
}
#result_table {
    width: 80%;
    border-collapse: collapse;
    border: 1px solid #777;
}
#header_row {
    font-weight: bold;
    color: white;
    background-color: #777;
}
#result_table td {
    border: 1px solid #777;
    padding: 2px;
}
#total_row  { font-weight: bold; }
.passClass  { background-color: #6c6; }
.failClass  { background-color: #c60; }
.errorClass { background-color: #c00; }
.passCase   { color: #6c6; }
.failCase   { color: #c60; font-weight: bold; }
.errorCase  { color: #c00; font-weight: bold; }
.hiddenRow  { display: none; }
.testcase   { margin-left: 2em; }


/* -- ending ---------------------------------------------------------------------- */
#ending {
}

</style>

</head>
<body>
<script language="javascript" type="text/javascript"><!--
output_list = Array();

/* level - 0:Summary; 1:Failed; 2:All */
function showCase(level) {
    trs = document.getElementsByTagName("tr");
    for (var i = 0; i < trs.length; i++) {
        tr = trs[i];
        id = tr.id;
        if (id.substr(0,2) == 'ft') {
            if (level < 1) {
                tr.className = 'hiddenRow';
            }
            else {
                tr.className = '';
            }
        }
        if (id.substr(0,2) == 'pt') {
            if (level > 1) {
                tr.className = '';
            }
            else {
                tr.className = 'hiddenRow';
            }
        }
    }
}


function showClassDetail(cid, count) {
    var id_list = Array(count);
    var toHide = 1;
    for (var i = 0; i < count; i++) {
        tid0 = 't' + cid.substr(1) + '.' + (i+1);
        tid = 'f' + tid0;
        tr = document.getElementById(tid);
        if (!tr) {
            tid = 'p' + tid0;
            tr = document.getElementById(tid);
        }
        id_list[i] = tid;
        if (tr.className) {
            toHide = 0;
        }
    }
    for (var i = 0; i < count; i++) {
        tid = id_list[i];
        if (toHide) {
            document.getElementById('div_'+tid).style.display = 'none'
            document.getElementById(tid).className = 'hiddenRow';
        }
        else {
            document.getElementById(tid).className = '';
        }
    }
}


function showTestDetail(div_id){
    var details_div = document.getElementById(div_id)
    var displayState = details_div.style.display
    // alert(displayState)
    if (displayState != 'block' ) {
        displayState = 'block'
        details_div.style.display = 'block'
    }
    else {
        details_div.style.display = 'none'
    }
}


function html_escape(s) {
    s = s.replace(/&/g,'&amp;');
    s = s.replace(/</g,'&lt;');
    s = s.replace(/>/g,'&gt;');
    return s;
}

/* obsoleted by detail in <div>
function showOutput(id, name) {
    var w = window.open("", //url
                    name,
                    "resizable,scrollbars,status,width=800,height=450");
    d = w.document;
    d.write("<pre>");
    d.write(html_escape(output_list[id]));
    d.write("\n");
    d.write("<a href='javascript:window.close()'>close</a>\n");
    d.write("</pre>\n");
    d.close();
}
*/
--></script>

<div class='heading'>
<h1>Result</h1>
<p class='attribute'><strong>Start Time:</strong> 2016-06-06 17:26:57</p>
<p class='attribute'><strong>Duration:</strong> 2:24:02.902000</p>
<p class='attribute'><strong>Status:</strong> Pass 122 Failure 6 Error 19</p>

<p class='description'>Test_Report</p>
</div>



<p id='show_detail_line'>Show
<a href='javascript:showCase(0)'>Summary</a>
<a href='javascript:showCase(1)'>Failed</a>
<a href='javascript:showCase(2)'>All</a>
</p>
<table id='result_table'>
<colgroup>
<col align='left' />
<col align='right' />
<col align='right' />
<col align='right' />
<col align='right' />
<col align='right' />
</colgroup>
<tr id='header_row'>
    <td>Test Group/Test case</td>
    <td>Count</td>
    <td>Pass</td>
    <td>Fail</td>
    <td>Error</td>
    <td>View</td>
</tr>

<tr class='passClass'>
    <td>Project_management.test_account_factory.Test_suite_account</td>
    <td>1</td>
    <td>1</td>
    <td>0</td>
    <td>0</td>
    <td><a href="javascript:showClassDetail('c1',1)">Detail</a></td>
</tr>

<tr id='pt1.1' class='hiddenRow'>
    <td class='none'><div class='testcase'>test_C581271</div></td>
    <td colspan='5' align='center'>pass</td>
</tr>

<tr class='passClass'>
    <td>System_setup.test_account_GA1_2.Test_suite_traffic</td>
    <td>7</td>
    <td>7</td>
    <td>0</td>
    <td>0</td>
    <td><a href="javascript:showClassDetail('c2',7)">Detail</a></td>
</tr>

<tr id='pt2.1' class='hiddenRow'>
    <td class='none'><div class='testcase'>test_C707469</div></td>
    <td colspan='5' align='center'>pass</td>
</tr>

<tr id='pt2.2' class='hiddenRow'>
    <td class='none'><div class='testcase'>test_C707470</div></td>
    <td colspan='5' align='center'>pass</td>
</tr>

<tr id='pt2.3' class='hiddenRow'>
    <td class='none'><div class='testcase'>test_C707471</div></td>
    <td colspan='5' align='center'>pass</td>
</tr>

<tr id='pt2.4' class='hiddenRow'>
    <td class='none'><div class='testcase'>test_C707472</div></td>
    <td colspan='5' align='center'>pass</td>
</tr>

<tr id='pt2.5' class='hiddenRow'>
    <td class='none'><div class='testcase'>test_C707473</div></td>
    <td colspan='5' align='center'>pass</td>
</tr>

<tr id='pt2.6' class='hiddenRow'>
    <td class='none'><div class='testcase'>test_C707490</div></td>
    <td colspan='5' align='center'>pass</td>
</tr>

<tr id='pt2.7' class='hiddenRow'>
    <td class='none'><div class='testcase'>test_C707491</div></td>
    <td colspan='5' align='center'>pass</td>
</tr>

<tr class='passClass'>
    <td>Asset_analysis.test_asset_factory.Test_suite_1</td>
    <td>6</td>
    <td>6</td>
    <td>0</td>
    <td>0</td>
    <td><a href="javascript:showClassDetail('c3',6)">Detail</a></td>
</tr>

<tr id='pt3.1' class='hiddenRow'>
    <td class='none'><div class='testcase'>test_C640425</div></td>
    <td colspan='5' align='center'>pass</td>
</tr>

<tr id='pt3.2' class='hiddenRow'>
    <td class='none'><div class='testcase'>test_C618947</div></td>
    <td colspan='5' align='center'>pass</td>
</tr>

<tr id='pt3.3' class='hiddenRow'>
    <td class='none'><div class='testcase'>test_C618913</div></td>
    <td colspan='5' align='center'>pass</td>
</tr>

<tr id='pt3.4' class='hiddenRow'>
    <td class='none'><div class='testcase'>test_C640425</div></td>
    <td colspan='5' align='center'>pass</td>
</tr>

<tr id='pt3.5' class='hiddenRow'>
    <td class='none'><div class='testcase'>test_C571722</div></td>
    <td colspan='5' align='center'>pass</td>
</tr>

<tr id='pt3.6' class='hiddenRow'>
    <td class='none'><div class='testcase'>test_C571727</div></td>
    <td colspan='5' align='center'>

    <!--css div popup start-->
    <a class="popup_link" onfocus='this.blur();' href="javascript:showTestDetail('div_pt3.6')" >
        pass</a>

    <div id='div_pt3.6' class="popup_window">
        <div style='text-align: right; color:red;cursor:pointer'>
        <a onfocus='this.blur();' onclick="document.getElementById('div_pt3.6').style.display = 'none' " >
           [x]</a>
        </div>
        <pre>
        
pt3.6: true CVE
true CNNVD
true CNVD
true æ¼æ´å¬å
true å¨èç±»å
true æ¼æ´ç±»å
true æ¼æ´ç»æ
true æ´æ°æ¶é´
true åå¸æ¶é´
true æ»å»å¤æåº¦
true èº«ä»½è®¤è¯
true å¯ç¨æ§å½±å
true æºå¯æ§å½±å
true å®æ´æ§å½±å
true æ»å»åé


        </pre>
    </div>
    <!--css div popup end-->

    </td>
</tr>

<tr class='passClass'>
    <td>Asset_analysis.test_factory_split_case.Test_suite_1</td>
    <td>4</td>
    <td>4</td>
    <td>0</td>
    <td>0</td>
    <td><a href="javascript:showClassDetail('c4',4)">Detail</a></td>
</tr>

<tr id='pt4.1' class='hiddenRow'>
    <td class='none'><div class='testcase'>test_C707249</div></td>
    <td colspan='5' align='center'>pass</td>
</tr>

<tr id='pt4.2' class='hiddenRow'>
    <td class='none'><div class='testcase'>test_C707247</div></td>
    <td colspan='5' align='center'>pass</td>
</tr>

<tr id='pt4.3' class='hiddenRow'>
    <td class='none'><div class='testcase'>test_C707244</div></td>
    <td colspan='5' align='center'>pass</td>
</tr>

<tr id='pt4.4' class='hiddenRow'>
    <td class='none'><div class='testcase'>test_C707246</div></td>
    <td colspan='5' align='center'>pass</td>
</tr>

<tr class='passClass'>
    <td>Asset_analysis.test_asset_analysis.Test_suite_1</td>
    <td>5</td>
    <td>5</td>
    <td>0</td>
    <td>0</td>
    <td><a href="javascript:showClassDetail('c5',5)">Detail</a></td>
</tr>

<tr id='pt5.1' class='hiddenRow'>
    <td class='none'><div class='testcase'>test_C581268</div></td>
    <td colspan='5' align='center'>

    <!--css div popup start-->
    <a class="popup_link" onfocus='this.blur();' href="javascript:showTestDetail('div_pt5.1')" >
        pass</a>

    <div id='div_pt5.1' class="popup_window">
        <div style='text-align: right; color:red;cursor:pointer'>
        <a onfocus='this.blur();' onclick="document.getElementById('div_pt5.1').style.display = 'none' " >
           [x]</a>
        </div>
        <pre>
        
pt5.1: true test


        </pre>
    </div>
    <!--css div popup end-->

    </td>
</tr>

<tr id='pt5.2' class='hiddenRow'>
    <td class='none'><div class='testcase'>test_C588245</div></td>
    <td colspan='5' align='center'>pass</td>
</tr>

<tr id='pt5.3' class='hiddenRow'>
    <td class='none'><div class='testcase'>test_C736973</div></td>
    <td colspan='5' align='center'>pass</td>
</tr>

<tr id='pt5.4' class='hiddenRow'>
    <td class='none'><div class='testcase'>test_C618005</div></td>
    <td colspan='5' align='center'>pass</td>
</tr>

<tr id='pt5.5' class='hiddenRow'>
    <td class='none'><div class='testcase'>test_C581263</div></td>
    <td colspan='5' align='center'>pass</td>
</tr>

<tr class='passClass'>
    <td>Asset_analysis.test_manul_fulltest.Test_suite_full</td>
    <td>11</td>
    <td>11</td>
    <td>0</td>
    <td>0</td>
    <td><a href="javascript:showClassDetail('c6',11)">Detail</a></td>
</tr>

<tr id='pt6.1' class='hiddenRow'>
    <td class='none'><div class='testcase'>test_C618008</div></td>
    <td colspan='5' align='center'>pass</td>
</tr>

<tr id='pt6.2' class='hiddenRow'>
    <td class='none'><div class='testcase'>test_C618945</div></td>
    <td colspan='5' align='center'>pass</td>
</tr>

<tr id='pt6.3' class='hiddenRow'>
    <td class='none'><div class='testcase'>test_C618946</div></td>
    <td colspan='5' align='center'>pass</td>
</tr>

<tr id='pt6.4' class='hiddenRow'>
    <td class='none'><div class='testcase'>test_C571733</div></td>
    <td colspan='5' align='center'>pass</td>
</tr>

<tr id='pt6.5' class='hiddenRow'>
    <td class='none'><div class='testcase'>test_C595323</div></td>
    <td colspan='5' align='center'>pass</td>
</tr>

<tr id='pt6.6' class='hiddenRow'>
    <td class='none'><div class='testcase'>test_C602495</div></td>
    <td colspan='5' align='center'>pass</td>
</tr>

<tr id='pt6.7' class='hiddenRow'>
    <td class='none'><div class='testcase'>test_C639821</div></td>
    <td colspan='5' align='center'>pass</td>
</tr>

<tr id='pt6.8' class='hiddenRow'>
    <td class='none'><div class='testcase'>test_C639822</div></td>
    <td colspan='5' align='center'>pass</td>
</tr>

<tr id='pt6.9' class='hiddenRow'>
    <td class='none'><div class='testcase'>test_C640408</div></td>
    <td colspan='5' align='center'>pass</td>
</tr>

<tr id='pt6.10' class='hiddenRow'>
    <td class='none'><div class='testcase'>test_C683445</div></td>
    <td colspan='5' align='center'>pass</td>
</tr>

<tr id='pt6.11' class='hiddenRow'>
    <td class='none'><div class='testcase'>test_C683446</div></td>
    <td colspan='5' align='center'>pass</td>
</tr>

<tr class='errorClass'>
    <td>Asset_analysis.test_autoscan_fulltest.Test_suite_full</td>
    <td>7</td>
    <td>6</td>
    <td>0</td>
    <td>1</td>
    <td><a href="javascript:showClassDetail('c7',7)">Detail</a></td>
</tr>

<tr id='ft7.1' class='none'>
    <td class='errorCase'><div class='testcase'>test_C571743</div></td>
    <td colspan='5' align='center'>

    <!--css div popup start-->
    <a class="popup_link" onfocus='this.blur();' href="javascript:showTestDetail('div_ft7.1')" >
        error</a>

    <div id='div_ft7.1' class="popup_window">
        <div style='text-align: right; color:red;cursor:pointer'>
        <a onfocus='this.blur();' onclick="document.getElementById('div_ft7.1').style.display = 'none' " >
           [x]</a>
        </div>
        <pre>
        
ft7.1: Traceback (most recent call last):
  File "E:\touchstone_qa\gemstone\Asset_analysis\test_autoscan_fulltest.py", line 40, in test_C571743
    asset.manul_entry()
  File "E:\touchstone_qa\gemstone\GemstoneLib\page_class.py", line 517, in manul_entry
    self.find_ele("//a[contains(@ng-click,'zone') and contains(.,'%s')]" % area)
  File "E:\touchstone_qa\gemstone\GemstoneLib\page_class.py", line 406, in find_ele
    self.driver.find_element_by_xpath(xpath)
  File "C:\Python27\lib\site-packages\selenium\webdriver\remote\webdriver.py", line 258, in find_element_by_xpath
    return self.find_element(by=By.XPATH, value=xpath)
  File "C:\Python27\lib\site-packages\selenium\webdriver\remote\webdriver.py", line 712, in find_element
    {'using': by, 'value': value})['value']
  File "C:\Python27\lib\site-packages\selenium\webdriver\remote\webdriver.py", line 201, in execute
    self.error_handler.check_response(response)
  File "C:\Python27\lib\site-packages\selenium\webdriver\remote\errorhandler.py", line 194, in check_response
    raise exception_class(message, screen, stacktrace)
NoSuchElementException: Message: no such element: Unable to locate element: {"method":"xpath","selector":"//a[contains(@ng-click,'zone') and contains(.,'\u9ed8\u8ba4\u533a\u57df\u540d\u79f0')]"}
  (Session info: chrome=50.0.2661.94)
  (Driver info: chromedriver=2.19.346078 (6f1f0cde889532d48ce8242342d0b84f94b114a1),platform=Windows NT 6.1 x86)



        </pre>
    </div>
    <!--css div popup end-->

    </td>
</tr>

<tr id='pt7.2' class='hiddenRow'>
    <td class='none'><div class='testcase'>test_C571730</div></td>
    <td colspan='5' align='center'>pass</td>
</tr>

<tr id='pt7.3' class='hiddenRow'>
    <td class='none'><div class='testcase'>test_C618919</div></td>
    <td colspan='5' align='center'>pass</td>
</tr>

<tr id='pt7.4' class='hiddenRow'>
    <td class='none'><div class='testcase'>test_C618963</div></td>
    <td colspan='5' align='center'>pass</td>
</tr>

<tr id='pt7.5' class='hiddenRow'>
    <td class='none'><div class='testcase'>test_C578735</div></td>
    <td colspan='5' align='center'>pass</td>
</tr>

<tr id='pt7.6' class='hiddenRow'>
    <td class='none'><div class='testcase'>test_C683444</div></td>
    <td colspan='5' align='center'>pass</td>
</tr>

<tr id='pt7.7' class='hiddenRow'>
    <td class='none'><div class='testcase'>test_C736391</div></td>
    <td colspan='5' align='center'>pass</td>
</tr>

<tr class='passClass'>
    <td>Asset_analysis.test_asset_setup.Test_suite_full</td>
    <td>1</td>
    <td>1</td>
    <td>0</td>
    <td>0</td>
    <td><a href="javascript:showClassDetail('c8',1)">Detail</a></td>
</tr>

<tr id='pt8.1' class='hiddenRow'>
    <td class='none'><div class='testcase'>test_C595354</div></td>
    <td colspan='5' align='center'>pass</td>
</tr>

<tr class='errorClass'>
    <td>Asset_analysis.test_asset_list_fulltest.Test_suite_full</td>
    <td>14</td>
    <td>11</td>
    <td>1</td>
    <td>2</td>
    <td><a href="javascript:showClassDetail('c9',14)">Detail</a></td>
</tr>

<tr id='pt9.1' class='hiddenRow'>
    <td class='none'><div class='testcase'>test_C571736</div></td>
    <td colspan='5' align='center'>pass</td>
</tr>

<tr id='pt9.2' class='hiddenRow'>
    <td class='none'><div class='testcase'>test_C571737</div></td>
    <td colspan='5' align='center'>pass</td>
</tr>

<tr id='pt9.3' class='hiddenRow'>
    <td class='none'><div class='testcase'>test_C736291</div></td>
    <td colspan='5' align='center'>pass</td>
</tr>

<tr id='pt9.4' class='hiddenRow'>
    <td class='none'><div class='testcase'>test_C581269</div></td>
    <td colspan='5' align='center'>pass</td>
</tr>

<tr id='pt9.5' class='hiddenRow'>
    <td class='none'><div class='testcase'>test_C617738</div></td>
    <td colspan='5' align='center'>pass</td>
</tr>

<tr id='pt9.6' class='hiddenRow'>
    <td class='none'><div class='testcase'>test_C618006</div></td>
    <td colspan='5' align='center'>pass</td>
</tr>

<tr id='pt9.7' class='hiddenRow'>
    <td class='none'><div class='testcase'>test_C618040</div></td>
    <td colspan='5' align='center'>pass</td>
</tr>

<tr id='pt9.8' class='hiddenRow'>
    <td class='none'><div class='testcase'>test_C618911</div></td>
    <td colspan='5' align='center'>pass</td>
</tr>

<tr id='ft9.9' class='none'>
    <td class='failCase'><div class='testcase'>test_C618962</div></td>
    <td colspan='5' align='center'>

    <!--css div popup start-->
    <a class="popup_link" onfocus='this.blur();' href="javascript:showTestDetail('div_ft9.9')" >
        fail</a>

    <div id='div_ft9.9' class="popup_window">
        <div style='text-align: right; color:red;cursor:pointer'>
        <a onfocus='this.blur();' onclick="document.getElementById('div_ft9.9').style.display = 'none' " >
           [x]</a>
        </div>
        <pre>
        
ft9.9: Traceback (most recent call last):
  File "E:\touchstone_qa\gemstone\Asset_analysis\test_asset_list_fulltest.py", line 157, in test_C618962
    self.assertTrue(result1 and not result2)
AssertionError: False is not true


        </pre>
    </div>
    <!--css div popup end-->

    </td>
</tr>

<tr id='ft9.10' class='none'>
    <td class='errorCase'><div class='testcase'>test_C595361</div></td>
    <td colspan='5' align='center'>

    <!--css div popup start-->
    <a class="popup_link" onfocus='this.blur();' href="javascript:showTestDetail('div_ft9.10')" >
        error</a>

    <div id='div_ft9.10' class="popup_window">
        <div style='text-align: right; color:red;cursor:pointer'>
        <a onfocus='this.blur();' onclick="document.getElementById('div_ft9.10').style.display = 'none' " >
           [x]</a>
        </div>
        <pre>
        
ft9.10: Traceback (most recent call last):
  File "E:\touchstone_qa\gemstone\Asset_analysis\test_asset_list_fulltest.py", line 13, in setUp
    self.project_manager = self.login.open_browser_to_login_page(para.ADMIN_USER, para.ADMIN_USER_PASSWORD)
  File "E:\touchstone_qa\gemstone\GemstoneLib\page_class.py", line 29, in open_browser_to_login_page
    driver.maximize_window()
  File "C:\Python27\lib\site-packages\selenium\webdriver\remote\webdriver.py", line 514, in maximize_window
    self.execute(command, {"windowHandle": "current"})
  File "C:\Python27\lib\site-packages\selenium\webdriver\remote\webdriver.py", line 201, in execute
    self.error_handler.check_response(response)
  File "C:\Python27\lib\site-packages\selenium\webdriver\remote\errorhandler.py", line 194, in check_response
    raise exception_class(message, screen, stacktrace)
WebDriverException: Message: unknown error: cannot get automation extension
from disconnected: not connected to DevTools
  (Session info: chrome=50.0.2661.94)
  (Driver info: chromedriver=2.19.346078 (6f1f0cde889532d48ce8242342d0b84f94b114a1),platform=Windows NT 6.1 x86)



        </pre>
    </div>
    <!--css div popup end-->

    </td>
</tr>

<tr id='ft9.11' class='none'>
    <td class='errorCase'><div class='testcase'>test_C618004</div></td>
    <td colspan='5' align='center'>

    <!--css div popup start-->
    <a class="popup_link" onfocus='this.blur();' href="javascript:showTestDetail('div_ft9.11')" >
        error</a>

    <div id='div_ft9.11' class="popup_window">
        <div style='text-align: right; color:red;cursor:pointer'>
        <a onfocus='this.blur();' onclick="document.getElementById('div_ft9.11').style.display = 'none' " >
           [x]</a>
        </div>
        <pre>
        
ft9.11: Traceback (most recent call last):
  File "E:\touchstone_qa\gemstone\Asset_analysis\test_asset_list_fulltest.py", line 13, in setUp
    self.project_manager = self.login.open_browser_to_login_page(para.ADMIN_USER, para.ADMIN_USER_PASSWORD)
  File "E:\touchstone_qa\gemstone\GemstoneLib\page_class.py", line 29, in open_browser_to_login_page
    driver.maximize_window()
  File "C:\Python27\lib\site-packages\selenium\webdriver\remote\webdriver.py", line 514, in maximize_window
    self.execute(command, {"windowHandle": "current"})
  File "C:\Python27\lib\site-packages\selenium\webdriver\remote\webdriver.py", line 201, in execute
    self.error_handler.check_response(response)
  File "C:\Python27\lib\site-packages\selenium\webdriver\remote\errorhandler.py", line 194, in check_response
    raise exception_class(message, screen, stacktrace)
WebDriverException: Message: unknown error: cannot get automation extension
from chrome not reachable
  (Session info: chrome=50.0.2661.94)
  (Driver info: chromedriver=2.19.346078 (6f1f0cde889532d48ce8242342d0b84f94b114a1),platform=Windows NT 6.1 x86)



        </pre>
    </div>
    <!--css div popup end-->

    </td>
</tr>

<tr id='pt9.12' class='hiddenRow'>
    <td class='none'><div class='testcase'>test_C622927</div></td>
    <td colspan='5' align='center'>pass</td>
</tr>

<tr id='pt9.13' class='hiddenRow'>
    <td class='none'><div class='testcase'>test_C639820</div></td>
    <td colspan='5' align='center'>pass</td>
</tr>

<tr id='pt9.14' class='hiddenRow'>
    <td class='none'><div class='testcase'>test_C736268</div></td>
    <td colspan='5' align='center'>

    <!--css div popup start-->
    <a class="popup_link" onfocus='this.blur();' href="javascript:showTestDetail('div_pt9.14')" >
        pass</a>

    <div id='div_pt9.14' class="popup_window">
        <div style='text-align: right; color:red;cursor:pointer'>
        <a onfocus='this.blur();' onclick="document.getElementById('div_pt9.14').style.display = 'none' " >
           [x]</a>
        </div>
        <pre>
        
pt9.14: True True True


        </pre>
    </div>
    <!--css div popup end-->

    </td>
</tr>

<tr class='errorClass'>
    <td>Asset_analysis.test_asset_GA1_2.Test_suite_1</td>
    <td>6</td>
    <td>5</td>
    <td>0</td>
    <td>1</td>
    <td><a href="javascript:showClassDetail('c10',6)">Detail</a></td>
</tr>

<tr id='ft10.1' class='none'>
    <td class='errorCase'><div class='testcase'>test_C707252</div></td>
    <td colspan='5' align='center'>

    <!--css div popup start-->
    <a class="popup_link" onfocus='this.blur();' href="javascript:showTestDetail('div_ft10.1')" >
        error</a>

    <div id='div_ft10.1' class="popup_window">
        <div style='text-align: right; color:red;cursor:pointer'>
        <a onfocus='this.blur();' onclick="document.getElementById('div_ft10.1').style.display = 'none' " >
           [x]</a>
        </div>
        <pre>
        
ft10.1: Traceback (most recent call last):
  File "E:\touchstone_qa\gemstone\Asset_analysis\test_asset_GA1_2.py", line 22, in test_C707252
    asset.add_specific(vendor=vendor_name, model=model_type, device_type='æ°æ®æå¡å¨ï¼DBï¼', ip_address='')
  File "E:\touchstone_qa\gemstone\GemstoneLib\page_class.py", line 829, in add_specific
    self.driver.find_element_by_xpath("//div[@class='form-group' and contains(.,'ååä¸­æåç§°')]//input").send_keys(vendor)
  File "C:\Python27\lib\site-packages\selenium\webdriver\remote\webdriver.py", line 258, in find_element_by_xpath
    return self.find_element(by=By.XPATH, value=xpath)
  File "C:\Python27\lib\site-packages\selenium\webdriver\remote\webdriver.py", line 712, in find_element
    {'using': by, 'value': value})['value']
  File "C:\Python27\lib\site-packages\selenium\webdriver\remote\webdriver.py", line 201, in execute
    self.error_handler.check_response(response)
  File "C:\Python27\lib\site-packages\selenium\webdriver\remote\errorhandler.py", line 194, in check_response
    raise exception_class(message, screen, stacktrace)
NoSuchElementException: Message: no such element: Unable to locate element: {"method":"xpath","selector":"//div[@class='form-group' and contains(.,'\u5382\u5546\u4e2d\u6587\u540d\u79f0')]//input"}
  (Session info: chrome=50.0.2661.94)
  (Driver info: chromedriver=2.19.346078 (6f1f0cde889532d48ce8242342d0b84f94b114a1),platform=Windows NT 6.1 x86)



        </pre>
    </div>
    <!--css div popup end-->

    </td>
</tr>

<tr id='pt10.2' class='hiddenRow'>
    <td class='none'><div class='testcase'>test_C707303</div></td>
    <td colspan='5' align='center'>pass</td>
</tr>

<tr id='pt10.3' class='hiddenRow'>
    <td class='none'><div class='testcase'>test_C707345</div></td>
    <td colspan='5' align='center'>

    <!--css div popup start-->
    <a class="popup_link" onfocus='this.blur();' href="javascript:showTestDetail('div_pt10.3')" >
        pass</a>

    <div id='div_pt10.3' class="popup_window">
        <div style='text-align: right; color:red;cursor:pointer'>
        <a onfocus='this.blur();' onclick="document.getElementById('div_pt10.3').style.display = 'none' " >
           [x]</a>
        </div>
        <pre>
        
pt10.3: True True False


        </pre>
    </div>
    <!--css div popup end-->

    </td>
</tr>

<tr id='pt10.4' class='hiddenRow'>
    <td class='none'><div class='testcase'>test_C777615</div></td>
    <td colspan='5' align='center'>pass</td>
</tr>

<tr id='pt10.5' class='hiddenRow'>
    <td class='none'><div class='testcase'>test_C784151</div></td>
    <td colspan='5' align='center'>pass</td>
</tr>

<tr id='pt10.6' class='hiddenRow'>
    <td class='none'><div class='testcase'>test_C784156</div></td>
    <td colspan='5' align='center'>pass</td>
</tr>

<tr class='passClass'>
    <td>Asset_analysis.test_score_overview.Test_suite_full</td>
    <td>6</td>
    <td>6</td>
    <td>0</td>
    <td>0</td>
    <td><a href="javascript:showClassDetail('c11',6)">Detail</a></td>
</tr>

<tr id='pt11.1' class='hiddenRow'>
    <td class='none'><div class='testcase'>test_C590626</div></td>
    <td colspan='5' align='center'>

    <!--css div popup start-->
    <a class="popup_link" onfocus='this.blur();' href="javascript:showTestDetail('div_pt11.1')" >
        pass</a>

    <div id='div_pt11.1' class="popup_window">
        <div style='text-align: right; color:red;cursor:pointer'>
        <a onfocus='this.blur();' onclick="document.getElementById('div_pt11.1').style.display = 'none' " >
           [x]</a>
        </div>
        <pre>
        
pt11.1: åºåè®¾å¤æ°
ä¿¡æ¯é½å¨è®¾å¤
å¨ç½æ¼æ´
ç½æ®µè®¾å¤æ¾ç¤º
é«å¨èè¯åè®¾å¤ åäºå
æå±é©æ¼æ´ åäºå


        </pre>
    </div>
    <!--css div popup end-->

    </td>
</tr>

<tr id='pt11.2' class='hiddenRow'>
    <td class='none'><div class='testcase'>test_C603385</div></td>
    <td colspan='5' align='center'>pass</td>
</tr>

<tr id='pt11.3' class='hiddenRow'>
    <td class='none'><div class='testcase'>test_C618003</div></td>
    <td colspan='5' align='center'>pass</td>
</tr>

<tr id='pt11.4' class='hiddenRow'>
    <td class='none'><div class='testcase'>test_C602492</div></td>
    <td colspan='5' align='center'>pass</td>
</tr>

<tr id='pt11.5' class='hiddenRow'>
    <td class='none'><div class='testcase'>test_C618948</div></td>
    <td colspan='5' align='center'>pass</td>
</tr>

<tr id='pt11.6' class='hiddenRow'>
    <td class='none'><div class='testcase'>test_C640906</div></td>
    <td colspan='5' align='center'>pass</td>
</tr>

<tr class='failClass'>
    <td>Asset_analysis.test_topology_fulltest.Test_suite_1</td>
    <td>4</td>
    <td>3</td>
    <td>1</td>
    <td>0</td>
    <td><a href="javascript:showClassDetail('c12',4)">Detail</a></td>
</tr>

<tr id='ft12.1' class='none'>
    <td class='failCase'><div class='testcase'>test_C618050</div></td>
    <td colspan='5' align='center'>

    <!--css div popup start-->
    <a class="popup_link" onfocus='this.blur();' href="javascript:showTestDetail('div_ft12.1')" >
        fail</a>

    <div id='div_ft12.1' class="popup_window">
        <div style='text-align: right; color:red;cursor:pointer'>
        <a onfocus='this.blur();' onclick="document.getElementById('div_ft12.1').style.display = 'none' " >
           [x]</a>
        </div>
        <pre>
        
ft12.1: Traceback (most recent call last):
  File "E:\touchstone_qa\gemstone\Asset_analysis\test_topology_fulltest.py", line 33, in test_C618050
    self.assertTrue(check_type and check_vendor and check_model and check1)
AssertionError: False is not true


        </pre>
    </div>
    <!--css div popup end-->

    </td>
</tr>

<tr id='pt12.2' class='hiddenRow'>
    <td class='none'><div class='testcase'>test_C618912</div></td>
    <td colspan='5' align='center'>pass</td>
</tr>

<tr id='pt12.3' class='hiddenRow'>
    <td class='none'><div class='testcase'>test_C618915</div></td>
    <td colspan='5' align='center'>pass</td>
</tr>

<tr id='pt12.4' class='hiddenRow'>
    <td class='none'><div class='testcase'>test_C571725</div></td>
    <td colspan='5' align='center'>pass</td>
</tr>

<tr class='errorClass'>
    <td>Threat_analysis.test_threat_fulltest.Test_suite_threat_full</td>
    <td>16</td>
    <td>9</td>
    <td>0</td>
    <td>7</td>
    <td><a href="javascript:showClassDetail('c13',16)">Detail</a></td>
</tr>

<tr id='ft13.1' class='none'>
    <td class='errorCase'><div class='testcase'>test_C640237</div></td>
    <td colspan='5' align='center'>

    <!--css div popup start-->
    <a class="popup_link" onfocus='this.blur();' href="javascript:showTestDetail('div_ft13.1')" >
        error</a>

    <div id='div_ft13.1' class="popup_window">
        <div style='text-align: right; color:red;cursor:pointer'>
        <a onfocus='this.blur();' onclick="document.getElementById('div_ft13.1').style.display = 'none' " >
           [x]</a>
        </div>
        <pre>
        
ft13.1: Traceback (most recent call last):
  File "E:\touchstone_qa\gemstone\Threat_analysis\test_threat_fulltest.py", line 149, in test_C640237
    first = json.dumps(threat_analysis.get_management_level()).strip('"')
  File "E:\touchstone_qa\gemstone\GemstoneLib\page_class.py", line 1546, in get_management_level
    self.find_ele("//div[@class='score-header' and contains(.,'å¨èåæè¯å')]")
  File "E:\touchstone_qa\gemstone\GemstoneLib\page_class.py", line 406, in find_ele
    self.driver.find_element_by_xpath(xpath)
  File "C:\Python27\lib\site-packages\selenium\webdriver\remote\webdriver.py", line 258, in find_element_by_xpath
    return self.find_element(by=By.XPATH, value=xpath)
  File "C:\Python27\lib\site-packages\selenium\webdriver\remote\webdriver.py", line 712, in find_element
    {'using': by, 'value': value})['value']
  File "C:\Python27\lib\site-packages\selenium\webdriver\remote\webdriver.py", line 201, in execute
    self.error_handler.check_response(response)
  File "C:\Python27\lib\site-packages\selenium\webdriver\remote\errorhandler.py", line 194, in check_response
    raise exception_class(message, screen, stacktrace)
NoSuchElementException: Message: no such element: Unable to locate element: {"method":"xpath","selector":"//div[@class='score-header' and contains(.,'\u5a01\u80c1\u5206\u6790\u8bc4\u5206')]"}
  (Session info: chrome=50.0.2661.94)
  (Driver info: chromedriver=2.19.346078 (6f1f0cde889532d48ce8242342d0b84f94b114a1),platform=Windows NT 6.1 x86)



        </pre>
    </div>
    <!--css div popup end-->

    </td>
</tr>

<tr id='ft13.2' class='none'>
    <td class='errorCase'><div class='testcase'>test_C736410</div></td>
    <td colspan='5' align='center'>

    <!--css div popup start-->
    <a class="popup_link" onfocus='this.blur();' href="javascript:showTestDetail('div_ft13.2')" >
        error</a>

    <div id='div_ft13.2' class="popup_window">
        <div style='text-align: right; color:red;cursor:pointer'>
        <a onfocus='this.blur();' onclick="document.getElementById('div_ft13.2').style.display = 'none' " >
           [x]</a>
        </div>
        <pre>
        
ft13.2: Traceback (most recent call last):
  File "E:\touchstone_qa\gemstone\Threat_analysis\test_threat_fulltest.py", line 164, in test_C736410
    score = json.dumps(threat_analysis.get_score()).strip('"')
  File "E:\touchstone_qa\gemstone\GemstoneLib\page_class.py", line 1538, in get_score
    self.find_ele("//div[@class='score-header' and contains(.,'å¨èåæè¯å')]")
  File "E:\touchstone_qa\gemstone\GemstoneLib\page_class.py", line 406, in find_ele
    self.driver.find_element_by_xpath(xpath)
  File "C:\Python27\lib\site-packages\selenium\webdriver\remote\webdriver.py", line 258, in find_element_by_xpath
    return self.find_element(by=By.XPATH, value=xpath)
  File "C:\Python27\lib\site-packages\selenium\webdriver\remote\webdriver.py", line 712, in find_element
    {'using': by, 'value': value})['value']
  File "C:\Python27\lib\site-packages\selenium\webdriver\remote\webdriver.py", line 201, in execute
    self.error_handler.check_response(response)
  File "C:\Python27\lib\site-packages\selenium\webdriver\remote\errorhandler.py", line 194, in check_response
    raise exception_class(message, screen, stacktrace)
NoSuchElementException: Message: no such element: Unable to locate element: {"method":"xpath","selector":"//div[@class='score-header' and contains(.,'\u5a01\u80c1\u5206\u6790\u8bc4\u5206')]"}
  (Session info: chrome=50.0.2661.94)
  (Driver info: chromedriver=2.19.346078 (6f1f0cde889532d48ce8242342d0b84f94b114a1),platform=Windows NT 6.1 x86)



        </pre>
    </div>
    <!--css div popup end-->

    </td>
</tr>

<tr id='pt13.3' class='hiddenRow'>
    <td class='none'><div class='testcase'>test_C619023</div></td>
    <td colspan='5' align='center'>pass</td>
</tr>

<tr id='ft13.4' class='none'>
    <td class='errorCase'><div class='testcase'>test_C571692</div></td>
    <td colspan='5' align='center'>

    <!--css div popup start-->
    <a class="popup_link" onfocus='this.blur();' href="javascript:showTestDetail('div_ft13.4')" >
        error</a>

    <div id='div_ft13.4' class="popup_window">
        <div style='text-align: right; color:red;cursor:pointer'>
        <a onfocus='this.blur();' onclick="document.getElementById('div_ft13.4').style.display = 'none' " >
           [x]</a>
        </div>
        <pre>
        
ft13.4: Traceback (most recent call last):
  File "E:\touchstone_qa\gemstone\Threat_analysis\test_threat_fulltest.py", line 84, in test_C571692
    result1 = json.dumps(threat_analysis.get_score())
  File "E:\touchstone_qa\gemstone\GemstoneLib\page_class.py", line 1538, in get_score
    self.find_ele("//div[@class='score-header' and contains(.,'å¨èåæè¯å')]")
  File "E:\touchstone_qa\gemstone\GemstoneLib\page_class.py", line 406, in find_ele
    self.driver.find_element_by_xpath(xpath)
  File "C:\Python27\lib\site-packages\selenium\webdriver\remote\webdriver.py", line 258, in find_element_by_xpath
    return self.find_element(by=By.XPATH, value=xpath)
  File "C:\Python27\lib\site-packages\selenium\webdriver\remote\webdriver.py", line 712, in find_element
    {'using': by, 'value': value})['value']
  File "C:\Python27\lib\site-packages\selenium\webdriver\remote\webdriver.py", line 201, in execute
    self.error_handler.check_response(response)
  File "C:\Python27\lib\site-packages\selenium\webdriver\remote\errorhandler.py", line 194, in check_response
    raise exception_class(message, screen, stacktrace)
NoSuchElementException: Message: no such element: Unable to locate element: {"method":"xpath","selector":"//div[@class='score-header' and contains(.,'\u5a01\u80c1\u5206\u6790\u8bc4\u5206')]"}
  (Session info: chrome=50.0.2661.94)
  (Driver info: chromedriver=2.19.346078 (6f1f0cde889532d48ce8242342d0b84f94b114a1),platform=Windows NT 6.1 x86)



        </pre>
    </div>
    <!--css div popup end-->

    </td>
</tr>

<tr id='ft13.5' class='none'>
    <td class='errorCase'><div class='testcase'>test_C571693</div></td>
    <td colspan='5' align='center'>

    <!--css div popup start-->
    <a class="popup_link" onfocus='this.blur();' href="javascript:showTestDetail('div_ft13.5')" >
        error</a>

    <div id='div_ft13.5' class="popup_window">
        <div style='text-align: right; color:red;cursor:pointer'>
        <a onfocus='this.blur();' onclick="document.getElementById('div_ft13.5').style.display = 'none' " >
           [x]</a>
        </div>
        <pre>
        
ft13.5: Traceback (most recent call last):
  File "E:\touchstone_qa\gemstone\Threat_analysis\test_threat_fulltest.py", line 100, in test_C571693
    result1 = json.dumps(threat_analysis.get_score())
  File "E:\touchstone_qa\gemstone\GemstoneLib\page_class.py", line 1538, in get_score
    self.find_ele("//div[@class='score-header' and contains(.,'å¨èåæè¯å')]")
  File "E:\touchstone_qa\gemstone\GemstoneLib\page_class.py", line 406, in find_ele
    self.driver.find_element_by_xpath(xpath)
  File "C:\Python27\lib\site-packages\selenium\webdriver\remote\webdriver.py", line 258, in find_element_by_xpath
    return self.find_element(by=By.XPATH, value=xpath)
  File "C:\Python27\lib\site-packages\selenium\webdriver\remote\webdriver.py", line 712, in find_element
    {'using': by, 'value': value})['value']
  File "C:\Python27\lib\site-packages\selenium\webdriver\remote\webdriver.py", line 201, in execute
    self.error_handler.check_response(response)
  File "C:\Python27\lib\site-packages\selenium\webdriver\remote\errorhandler.py", line 194, in check_response
    raise exception_class(message, screen, stacktrace)
NoSuchElementException: Message: no such element: Unable to locate element: {"method":"xpath","selector":"//div[@class='score-header' and contains(.,'\u5a01\u80c1\u5206\u6790\u8bc4\u5206')]"}
  (Session info: chrome=50.0.2661.94)
  (Driver info: chromedriver=2.19.346078 (6f1f0cde889532d48ce8242342d0b84f94b114a1),platform=Windows NT 6.1 x86)



        </pre>
    </div>
    <!--css div popup end-->

    </td>
</tr>

<tr id='pt13.6' class='hiddenRow'>
    <td class='none'><div class='testcase'>test_C571697</div></td>
    <td colspan='5' align='center'>

    <!--css div popup start-->
    <a class="popup_link" onfocus='this.blur();' href="javascript:showTestDetail('div_pt13.6')" >
        pass</a>

    <div id='div_pt13.6' class="popup_window">
        <div style='text-align: right; color:red;cursor:pointer'>
        <a onfocus='this.blur();' onclick="document.getElementById('div_pt13.6').style.display = 'none' " >
           [x]</a>
        </div>
        <pre>
        
pt13.6: True True True


        </pre>
    </div>
    <!--css div popup end-->

    </td>
</tr>

<tr id='pt13.7' class='hiddenRow'>
    <td class='none'><div class='testcase'>test_C578736</div></td>
    <td colspan='5' align='center'>pass</td>
</tr>

<tr id='pt13.8' class='hiddenRow'>
    <td class='none'><div class='testcase'>test_C619025</div></td>
    <td colspan='5' align='center'>

    <!--css div popup start-->
    <a class="popup_link" onfocus='this.blur();' href="javascript:showTestDetail('div_pt13.8')" >
        pass</a>

    <div id='div_pt13.8' class="popup_window">
        <div style='text-align: right; color:red;cursor:pointer'>
        <a onfocus='this.blur();' onclick="document.getElementById('div_pt13.8').style.display = 'none' " >
           [x]</a>
        </div>
        <pre>
        
pt13.8: 2016-06-06 "\u4e0a\u6b21\u66f4\u65b0:2016-06-06"


        </pre>
    </div>
    <!--css div popup end-->

    </td>
</tr>

<tr id='pt13.9' class='hiddenRow'>
    <td class='none'><div class='testcase'>test_C736412</div></td>
    <td colspan='5' align='center'>pass</td>
</tr>

<tr id='pt13.10' class='hiddenRow'>
    <td class='none'><div class='testcase'>test_C736413</div></td>
    <td colspan='5' align='center'>pass</td>
</tr>

<tr id='ft13.11' class='none'>
    <td class='errorCase'><div class='testcase'>test_C736414</div></td>
    <td colspan='5' align='center'>

    <!--css div popup start-->
    <a class="popup_link" onfocus='this.blur();' href="javascript:showTestDetail('div_ft13.11')" >
        error</a>

    <div id='div_ft13.11' class="popup_window">
        <div style='text-align: right; color:red;cursor:pointer'>
        <a onfocus='this.blur();' onclick="document.getElementById('div_ft13.11').style.display = 'none' " >
           [x]</a>
        </div>
        <pre>
        
ft13.11: Traceback (most recent call last):
  File "E:\touchstone_qa\gemstone\Threat_analysis\test_threat_fulltest.py", line 204, in test_C736414
    threat_analysis.close_report()
  File "E:\touchstone_qa\gemstone\GemstoneLib\page_class.py", line 1564, in close_report
    self.find_ele("//div[@class='score-header' and contains(.,'å¨èåæè¯å')]")
  File "E:\touchstone_qa\gemstone\GemstoneLib\page_class.py", line 406, in find_ele
    self.driver.find_element_by_xpath(xpath)
  File "C:\Python27\lib\site-packages\selenium\webdriver\remote\webdriver.py", line 258, in find_element_by_xpath
    return self.find_element(by=By.XPATH, value=xpath)
  File "C:\Python27\lib\site-packages\selenium\webdriver\remote\webdriver.py", line 712, in find_element
    {'using': by, 'value': value})['value']
  File "C:\Python27\lib\site-packages\selenium\webdriver\remote\webdriver.py", line 201, in execute
    self.error_handler.check_response(response)
  File "C:\Python27\lib\site-packages\selenium\webdriver\remote\errorhandler.py", line 194, in check_response
    raise exception_class(message, screen, stacktrace)
NoSuchElementException: Message: no such element: Unable to locate element: {"method":"xpath","selector":"//div[@class='score-header' and contains(.,'\u5a01\u80c1\u5206\u6790\u8bc4\u5206')]"}
  (Session info: chrome=50.0.2661.94)
  (Driver info: chromedriver=2.19.346078 (6f1f0cde889532d48ce8242342d0b84f94b114a1),platform=Windows NT 6.1 x86)



        </pre>
    </div>
    <!--css div popup end-->

    </td>
</tr>

<tr id='pt13.12' class='hiddenRow'>
    <td class='none'><div class='testcase'>test_C618943</div></td>
    <td colspan='5' align='center'>

    <!--css div popup start-->
    <a class="popup_link" onfocus='this.blur();' href="javascript:showTestDetail('div_pt13.12')" >
        pass</a>

    <div id='div_pt13.12' class="popup_window">
        <div style='text-align: right; color:red;cursor:pointer'>
        <a onfocus='this.blur();' onclick="document.getElementById('div_pt13.12').style.display = 'none' " >
           [x]</a>
        </div>
        <pre>
        
pt13.12: \u672c\u5957\u5a01\u80c1\u5206\u6790\u6807\u51c6\u6839\u636e \u56fd\u80fd\u5b89\u516836\u53f7\u6587 \u7535\u529b\u76d1\u63a7\u7cfb\u7edf\u5b89\u5168\u9632\u62a4\u8bc4\u4f30\u89c4\u8303\u7684\u76f8\u5173\u8981\u6c42\u6574\u7406\uff0c\u9002\u7528\u4e8e\u5404\u7535\u529b\u4f01\u4e1a\u7535\u529b\u76d1\u63a7\u7cfb\u7edf\u7684\u5b89\u5168\u9632\u62a4\u8bc4\u4f30\u5de5\u4f5c\u3002


        </pre>
    </div>
    <!--css div popup end-->

    </td>
</tr>

<tr id='pt13.13' class='hiddenRow'>
    <td class='none'><div class='testcase'>test_C571702</div></td>
    <td colspan='5' align='center'>pass</td>
</tr>

<tr id='ft13.14' class='none'>
    <td class='errorCase'><div class='testcase'>test_C610560</div></td>
    <td colspan='5' align='center'>

    <!--css div popup start-->
    <a class="popup_link" onfocus='this.blur();' href="javascript:showTestDetail('div_ft13.14')" >
        error</a>

    <div id='div_ft13.14' class="popup_window">
        <div style='text-align: right; color:red;cursor:pointer'>
        <a onfocus='this.blur();' onclick="document.getElementById('div_ft13.14').style.display = 'none' " >
           [x]</a>
        </div>
        <pre>
        
ft13.14: Traceback (most recent call last):
  File "E:\touchstone_qa\gemstone\Threat_analysis\test_threat_fulltest.py", line 61, in test_C610560
    threat_analysis.enter_form(form_name='å·¥ä¸æ§å¶ç³»ç»')
  File "E:\touchstone_qa\gemstone\GemstoneLib\page_class.py", line 1328, in enter_form
    des = self.driver.find_element_by_xpath("//span[@class='keyData ng-binding']").text
  File "C:\Python27\lib\site-packages\selenium\webdriver\remote\webdriver.py", line 258, in find_element_by_xpath
    return self.find_element(by=By.XPATH, value=xpath)
  File "C:\Python27\lib\site-packages\selenium\webdriver\remote\webdriver.py", line 712, in find_element
    {'using': by, 'value': value})['value']
  File "C:\Python27\lib\site-packages\selenium\webdriver\remote\webdriver.py", line 201, in execute
    self.error_handler.check_response(response)
  File "C:\Python27\lib\site-packages\selenium\webdriver\remote\errorhandler.py", line 194, in check_response
    raise exception_class(message, screen, stacktrace)
NoSuchElementException: Message: no such element: Unable to locate element: {"method":"xpath","selector":"//span[@class='keyData ng-binding']"}
  (Session info: chrome=50.0.2661.94)
  (Driver info: chromedriver=2.19.346078 (6f1f0cde889532d48ce8242342d0b84f94b114a1),platform=Windows NT 6.1 x86)



        </pre>
    </div>
    <!--css div popup end-->

    </td>
</tr>

<tr id='pt13.15' class='hiddenRow'>
    <td class='none'><div class='testcase'>test_C571699</div></td>
    <td colspan='5' align='center'>pass</td>
</tr>

<tr id='ft13.16' class='none'>
    <td class='errorCase'><div class='testcase'>test_C618037</div></td>
    <td colspan='5' align='center'>

    <!--css div popup start-->
    <a class="popup_link" onfocus='this.blur();' href="javascript:showTestDetail('div_ft13.16')" >
        error</a>

    <div id='div_ft13.16' class="popup_window">
        <div style='text-align: right; color:red;cursor:pointer'>
        <a onfocus='this.blur();' onclick="document.getElementById('div_ft13.16').style.display = 'none' " >
           [x]</a>
        </div>
        <pre>
        
ft13.16: Traceback (most recent call last):
  File "E:\touchstone_qa\gemstone\Threat_analysis\test_threat_fulltest.py", line 119, in test_C618037
    result = json.dumps(threat_analysis.get_number_of_choice('å¦'))
  File "E:\touchstone_qa\gemstone\GemstoneLib\page_class.py", line 1556, in get_number_of_choice
    self.find_ele("//div[@class='score-header' and contains(.,'å¨èåæè¯å')]")
  File "E:\touchstone_qa\gemstone\GemstoneLib\page_class.py", line 406, in find_ele
    self.driver.find_element_by_xpath(xpath)
  File "C:\Python27\lib\site-packages\selenium\webdriver\remote\webdriver.py", line 258, in find_element_by_xpath
    return self.find_element(by=By.XPATH, value=xpath)
  File "C:\Python27\lib\site-packages\selenium\webdriver\remote\webdriver.py", line 712, in find_element
    {'using': by, 'value': value})['value']
  File "C:\Python27\lib\site-packages\selenium\webdriver\remote\webdriver.py", line 201, in execute
    self.error_handler.check_response(response)
  File "C:\Python27\lib\site-packages\selenium\webdriver\remote\errorhandler.py", line 194, in check_response
    raise exception_class(message, screen, stacktrace)
NoSuchElementException: Message: no such element: Unable to locate element: {"method":"xpath","selector":"//div[@class='score-header' and contains(.,'\u5a01\u80c1\u5206\u6790\u8bc4\u5206')]"}
  (Session info: chrome=50.0.2661.94)
  (Driver info: chromedriver=2.19.346078 (6f1f0cde889532d48ce8242342d0b84f94b114a1),platform=Windows NT 6.1 x86)



        </pre>
    </div>
    <!--css div popup end-->

    </td>
</tr>

<tr class='failClass'>
    <td>Threat_analysis.test_threat_analysis.Test_suite_adds_functionality</td>
    <td>5</td>
    <td>2</td>
    <td>3</td>
    <td>0</td>
    <td><a href="javascript:showClassDetail('c14',5)">Detail</a></td>
</tr>

<tr id='ft14.1' class='none'>
    <td class='failCase'><div class='testcase'>test_C640888</div></td>
    <td colspan='5' align='center'>

    <!--css div popup start-->
    <a class="popup_link" onfocus='this.blur();' href="javascript:showTestDetail('div_ft14.1')" >
        fail</a>

    <div id='div_ft14.1' class="popup_window">
        <div style='text-align: right; color:red;cursor:pointer'>
        <a onfocus='this.blur();' onclick="document.getElementById('div_ft14.1').style.display = 'none' " >
           [x]</a>
        </div>
        <pre>
        
ft14.1: Traceback (most recent call last):
  File "E:\touchstone_qa\gemstone\Threat_analysis\test_threat_analysis.py", line 72, in test_C640888
    self.assertTrue(result)
AssertionError: False is not true


        </pre>
    </div>
    <!--css div popup end-->

    </td>
</tr>

<tr id='pt14.2' class='hiddenRow'>
    <td class='none'><div class='testcase'>test_C618009</div></td>
    <td colspan='5' align='center'>pass</td>
</tr>

<tr id='pt14.3' class='hiddenRow'>
    <td class='none'><div class='testcase'>test_C571705</div></td>
    <td colspan='5' align='center'>pass</td>
</tr>

<tr id='ft14.4' class='none'>
    <td class='failCase'><div class='testcase'>test_C571703</div></td>
    <td colspan='5' align='center'>

    <!--css div popup start-->
    <a class="popup_link" onfocus='this.blur();' href="javascript:showTestDetail('div_ft14.4')" >
        fail</a>

    <div id='div_ft14.4' class="popup_window">
        <div style='text-align: right; color:red;cursor:pointer'>
        <a onfocus='this.blur();' onclick="document.getElementById('div_ft14.4').style.display = 'none' " >
           [x]</a>
        </div>
        <pre>
        
ft14.4: Traceback (most recent call last):
  File "E:\touchstone_qa\gemstone\Threat_analysis\test_threat_analysis.py", line 48, in test_C571703
    self.assertTrue(threat_analysis.fill_and_reset())
AssertionError: False is not true


        </pre>
    </div>
    <!--css div popup end-->

    </td>
</tr>

<tr id='ft14.5' class='none'>
    <td class='failCase'><div class='testcase'>test_C571704</div></td>
    <td colspan='5' align='center'>

    <!--css div popup start-->
    <a class="popup_link" onfocus='this.blur();' href="javascript:showTestDetail('div_ft14.5')" >
        fail</a>

    <div id='div_ft14.5' class="popup_window">
        <div style='text-align: right; color:red;cursor:pointer'>
        <a onfocus='this.blur();' onclick="document.getElementById('div_ft14.5').style.display = 'none' " >
           [x]</a>
        </div>
        <pre>
        
ft14.5: Traceback (most recent call last):
  File "E:\touchstone_qa\gemstone\Threat_analysis\test_threat_analysis.py", line 60, in test_C571704
    self.assertTrue(second and not first)
AssertionError: False is not true


        </pre>
    </div>
    <!--css div popup end-->

    </td>
</tr>

<tr class='errorClass'>
    <td>Threat_analysis.test_threat_GA1_2.Test_suite_adds_functionality</td>
    <td>13</td>
    <td>6</td>
    <td>0</td>
    <td>7</td>
    <td><a href="javascript:showClassDetail('c15',13)">Detail</a></td>
</tr>

<tr id='ft15.1' class='none'>
    <td class='errorCase'><div class='testcase'>test_C747330</div></td>
    <td colspan='5' align='center'>

    <!--css div popup start-->
    <a class="popup_link" onfocus='this.blur();' href="javascript:showTestDetail('div_ft15.1')" >
        error</a>

    <div id='div_ft15.1' class="popup_window">
        <div style='text-align: right; color:red;cursor:pointer'>
        <a onfocus='this.blur();' onclick="document.getElementById('div_ft15.1').style.display = 'none' " >
           [x]</a>
        </div>
        <pre>
        
ft15.1: Traceback (most recent call last):
  File "E:\touchstone_qa\gemstone\Threat_analysis\test_threat_GA1_2.py", line 89, in test_C747330
    res = threat_analysis.get_management_level()
  File "E:\touchstone_qa\gemstone\GemstoneLib\page_class.py", line 1546, in get_management_level
    self.find_ele("//div[@class='score-header' and contains(.,'å¨èåæè¯å')]")
  File "E:\touchstone_qa\gemstone\GemstoneLib\page_class.py", line 406, in find_ele
    self.driver.find_element_by_xpath(xpath)
  File "C:\Python27\lib\site-packages\selenium\webdriver\remote\webdriver.py", line 258, in find_element_by_xpath
    return self.find_element(by=By.XPATH, value=xpath)
  File "C:\Python27\lib\site-packages\selenium\webdriver\remote\webdriver.py", line 712, in find_element
    {'using': by, 'value': value})['value']
  File "C:\Python27\lib\site-packages\selenium\webdriver\remote\webdriver.py", line 201, in execute
    self.error_handler.check_response(response)
  File "C:\Python27\lib\site-packages\selenium\webdriver\remote\errorhandler.py", line 194, in check_response
    raise exception_class(message, screen, stacktrace)
NoSuchElementException: Message: no such element: Unable to locate element: {"method":"xpath","selector":"//div[@class='score-header' and contains(.,'\u5a01\u80c1\u5206\u6790\u8bc4\u5206')]"}
  (Session info: chrome=50.0.2661.94)
  (Driver info: chromedriver=2.19.346078 (6f1f0cde889532d48ce8242342d0b84f94b114a1),platform=Windows NT 6.1 x86)



        </pre>
    </div>
    <!--css div popup end-->

    </td>
</tr>

<tr id='ft15.2' class='none'>
    <td class='errorCase'><div class='testcase'>test_C747331</div></td>
    <td colspan='5' align='center'>

    <!--css div popup start-->
    <a class="popup_link" onfocus='this.blur();' href="javascript:showTestDetail('div_ft15.2')" >
        error</a>

    <div id='div_ft15.2' class="popup_window">
        <div style='text-align: right; color:red;cursor:pointer'>
        <a onfocus='this.blur();' onclick="document.getElementById('div_ft15.2').style.display = 'none' " >
           [x]</a>
        </div>
        <pre>
        
ft15.2: Traceback (most recent call last):
  File "E:\touchstone_qa\gemstone\Threat_analysis\test_threat_GA1_2.py", line 107, in test_C747331
    res = threat_analysis.get_performance_level()
  File "E:\touchstone_qa\gemstone\GemstoneLib\page_class.py", line 1551, in get_performance_level
    self.find_ele("//div[@class='score-header' and contains(.,'å¨èåæè¯å')]")
  File "E:\touchstone_qa\gemstone\GemstoneLib\page_class.py", line 406, in find_ele
    self.driver.find_element_by_xpath(xpath)
  File "C:\Python27\lib\site-packages\selenium\webdriver\remote\webdriver.py", line 258, in find_element_by_xpath
    return self.find_element(by=By.XPATH, value=xpath)
  File "C:\Python27\lib\site-packages\selenium\webdriver\remote\webdriver.py", line 712, in find_element
    {'using': by, 'value': value})['value']
  File "C:\Python27\lib\site-packages\selenium\webdriver\remote\webdriver.py", line 201, in execute
    self.error_handler.check_response(response)
  File "C:\Python27\lib\site-packages\selenium\webdriver\remote\errorhandler.py", line 194, in check_response
    raise exception_class(message, screen, stacktrace)
NoSuchElementException: Message: no such element: Unable to locate element: {"method":"xpath","selector":"//div[@class='score-header' and contains(.,'\u5a01\u80c1\u5206\u6790\u8bc4\u5206')]"}
  (Session info: chrome=50.0.2661.94)
  (Driver info: chromedriver=2.19.346078 (6f1f0cde889532d48ce8242342d0b84f94b114a1),platform=Windows NT 6.1 x86)



        </pre>
    </div>
    <!--css div popup end-->

    </td>
</tr>

<tr id='pt15.3' class='hiddenRow'>
    <td class='none'><div class='testcase'>test_C747332</div></td>
    <td colspan='5' align='center'>

    <!--css div popup start-->
    <a class="popup_link" onfocus='this.blur();' href="javascript:showTestDetail('div_pt15.3')" >
        pass</a>

    <div id='div_pt15.3' class="popup_window">
        <div style='text-align: right; color:red;cursor:pointer'>
        <a onfocus='this.blur();' onclick="document.getElementById('div_pt15.3').style.display = 'none' " >
           [x]</a>
        </div>
        <pre>
        
pt15.3: 等级选项: 厂站端系统2级  等级选项: 厂站端系统3级 


        </pre>
    </div>
    <!--css div popup end-->

    </td>
</tr>

<tr id='pt15.4' class='hiddenRow'>
    <td class='none'><div class='testcase'>test_C747333</div></td>
    <td colspan='5' align='center'>

    <!--css div popup start-->
    <a class="popup_link" onfocus='this.blur();' href="javascript:showTestDetail('div_pt15.4')" >
        pass</a>

    <div id='div_pt15.4' class="popup_window">
        <div style='text-align: right; color:red;cursor:pointer'>
        <a onfocus='this.blur();' onclick="document.getElementById('div_pt15.4').style.display = 'none' " >
           [x]</a>
        </div>
        <pre>
        
pt15.4: 等级选项: 调度端系统2级  等级选项: 调度端系统3级  等级选项: 调度端系统4级 


        </pre>
    </div>
    <!--css div popup end-->

    </td>
</tr>

<tr id='ft15.5' class='none'>
    <td class='errorCase'><div class='testcase'>test_C747334</div></td>
    <td colspan='5' align='center'>

    <!--css div popup start-->
    <a class="popup_link" onfocus='this.blur();' href="javascript:showTestDetail('div_ft15.5')" >
        error</a>

    <div id='div_ft15.5' class="popup_window">
        <div style='text-align: right; color:red;cursor:pointer'>
        <a onfocus='this.blur();' onclick="document.getElementById('div_ft15.5').style.display = 'none' " >
           [x]</a>
        </div>
        <pre>
        
ft15.5: Traceback (most recent call last):
  File "E:\touchstone_qa\gemstone\Threat_analysis\test_threat_GA1_2.py", line 149, in test_C747334
    num1 = threat_analysis.get_number_of_yes()
  File "E:\touchstone_qa\gemstone\GemstoneLib\page_class.py", line 1560, in get_number_of_yes
    self.find_ele("//div[@class='score-header' and contains(.,'å¨èåæè¯å')]")
  File "E:\touchstone_qa\gemstone\GemstoneLib\page_class.py", line 406, in find_ele
    self.driver.find_element_by_xpath(xpath)
  File "C:\Python27\lib\site-packages\selenium\webdriver\remote\webdriver.py", line 258, in find_element_by_xpath
    return self.find_element(by=By.XPATH, value=xpath)
  File "C:\Python27\lib\site-packages\selenium\webdriver\remote\webdriver.py", line 712, in find_element
    {'using': by, 'value': value})['value']
  File "C:\Python27\lib\site-packages\selenium\webdriver\remote\webdriver.py", line 201, in execute
    self.error_handler.check_response(response)
  File "C:\Python27\lib\site-packages\selenium\webdriver\remote\errorhandler.py", line 194, in check_response
    raise exception_class(message, screen, stacktrace)
NoSuchElementException: Message: no such element: Unable to locate element: {"method":"xpath","selector":"//div[@class='score-header' and contains(.,'\u5a01\u80c1\u5206\u6790\u8bc4\u5206')]"}
  (Session info: chrome=50.0.2661.94)
  (Driver info: chromedriver=2.19.346078 (6f1f0cde889532d48ce8242342d0b84f94b114a1),platform=Windows NT 6.1 x86)



        </pre>
    </div>
    <!--css div popup end-->

    </td>
</tr>

<tr id='ft15.6' class='none'>
    <td class='errorCase'><div class='testcase'>test_C595363</div></td>
    <td colspan='5' align='center'>

    <!--css div popup start-->
    <a class="popup_link" onfocus='this.blur();' href="javascript:showTestDetail('div_ft15.6')" >
        error</a>

    <div id='div_ft15.6' class="popup_window">
        <div style='text-align: right; color:red;cursor:pointer'>
        <a onfocus='this.blur();' onclick="document.getElementById('div_ft15.6').style.display = 'none' " >
           [x]</a>
        </div>
        <pre>
        
ft15.6: Traceback (most recent call last):
  File "E:\touchstone_qa\gemstone\Threat_analysis\test_threat_GA1_2.py", line 235, in test_C595363
    threat_analysis.close_report()
  File "E:\touchstone_qa\gemstone\GemstoneLib\page_class.py", line 1564, in close_report
    self.find_ele("//div[@class='score-header' and contains(.,'å¨èåæè¯å')]")
  File "E:\touchstone_qa\gemstone\GemstoneLib\page_class.py", line 406, in find_ele
    self.driver.find_element_by_xpath(xpath)
  File "C:\Python27\lib\site-packages\selenium\webdriver\remote\webdriver.py", line 258, in find_element_by_xpath
    return self.find_element(by=By.XPATH, value=xpath)
  File "C:\Python27\lib\site-packages\selenium\webdriver\remote\webdriver.py", line 712, in find_element
    {'using': by, 'value': value})['value']
  File "C:\Python27\lib\site-packages\selenium\webdriver\remote\webdriver.py", line 201, in execute
    self.error_handler.check_response(response)
  File "C:\Python27\lib\site-packages\selenium\webdriver\remote\errorhandler.py", line 194, in check_response
    raise exception_class(message, screen, stacktrace)
NoSuchElementException: Message: no such element: Unable to locate element: {"method":"xpath","selector":"//div[@class='score-header' and contains(.,'\u5a01\u80c1\u5206\u6790\u8bc4\u5206')]"}
  (Session info: chrome=50.0.2661.94)
  (Driver info: chromedriver=2.19.346078 (6f1f0cde889532d48ce8242342d0b84f94b114a1),platform=Windows NT 6.1 x86)



        </pre>
    </div>
    <!--css div popup end-->

    </td>
</tr>

<tr id='pt15.7' class='hiddenRow'>
    <td class='none'><div class='testcase'>test_C707346</div></td>
    <td colspan='5' align='center'>pass</td>
</tr>

<tr id='ft15.8' class='none'>
    <td class='errorCase'><div class='testcase'>test_C726634</div></td>
    <td colspan='5' align='center'>

    <!--css div popup start-->
    <a class="popup_link" onfocus='this.blur();' href="javascript:showTestDetail('div_ft15.8')" >
        error</a>

    <div id='div_ft15.8' class="popup_window">
        <div style='text-align: right; color:red;cursor:pointer'>
        <a onfocus='this.blur();' onclick="document.getElementById('div_ft15.8').style.display = 'none' " >
           [x]</a>
        </div>
        <pre>
        
ft15.8: Traceback (most recent call last):
  File "E:\touchstone_qa\gemstone\Threat_analysis\test_threat_GA1_2.py", line 41, in test_C726634
    threat_analysis.close_report()
  File "E:\touchstone_qa\gemstone\GemstoneLib\page_class.py", line 1564, in close_report
    self.find_ele("//div[@class='score-header' and contains(.,'å¨èåæè¯å')]")
  File "E:\touchstone_qa\gemstone\GemstoneLib\page_class.py", line 406, in find_ele
    self.driver.find_element_by_xpath(xpath)
  File "C:\Python27\lib\site-packages\selenium\webdriver\remote\webdriver.py", line 258, in find_element_by_xpath
    return self.find_element(by=By.XPATH, value=xpath)
  File "C:\Python27\lib\site-packages\selenium\webdriver\remote\webdriver.py", line 712, in find_element
    {'using': by, 'value': value})['value']
  File "C:\Python27\lib\site-packages\selenium\webdriver\remote\webdriver.py", line 201, in execute
    self.error_handler.check_response(response)
  File "C:\Python27\lib\site-packages\selenium\webdriver\remote\errorhandler.py", line 194, in check_response
    raise exception_class(message, screen, stacktrace)
NoSuchElementException: Message: no such element: Unable to locate element: {"method":"xpath","selector":"//div[@class='score-header' and contains(.,'\u5a01\u80c1\u5206\u6790\u8bc4\u5206')]"}
  (Session info: chrome=50.0.2661.94)
  (Driver info: chromedriver=2.19.346078 (6f1f0cde889532d48ce8242342d0b84f94b114a1),platform=Windows NT 6.1 x86)



        </pre>
    </div>
    <!--css div popup end-->

    </td>
</tr>

<tr id='pt15.9' class='hiddenRow'>
    <td class='none'><div class='testcase'>test_C726635</div></td>
    <td colspan='5' align='center'>pass</td>
</tr>

<tr id='ft15.10' class='none'>
    <td class='errorCase'><div class='testcase'>test_C726636</div></td>
    <td colspan='5' align='center'>

    <!--css div popup start-->
    <a class="popup_link" onfocus='this.blur();' href="javascript:showTestDetail('div_ft15.10')" >
        error</a>

    <div id='div_ft15.10' class="popup_window">
        <div style='text-align: right; color:red;cursor:pointer'>
        <a onfocus='this.blur();' onclick="document.getElementById('div_ft15.10').style.display = 'none' " >
           [x]</a>
        </div>
        <pre>
        
ft15.10: Traceback (most recent call last):
  File "E:\touchstone_qa\gemstone\Threat_analysis\test_threat_GA1_2.py", line 54, in test_C726636
    threat_analysis.close_report()
  File "E:\touchstone_qa\gemstone\GemstoneLib\page_class.py", line 1564, in close_report
    self.find_ele("//div[@class='score-header' and contains(.,'å¨èåæè¯å')]")
  File "E:\touchstone_qa\gemstone\GemstoneLib\page_class.py", line 406, in find_ele
    self.driver.find_element_by_xpath(xpath)
  File "C:\Python27\lib\site-packages\selenium\webdriver\remote\webdriver.py", line 258, in find_element_by_xpath
    return self.find_element(by=By.XPATH, value=xpath)
  File "C:\Python27\lib\site-packages\selenium\webdriver\remote\webdriver.py", line 712, in find_element
    {'using': by, 'value': value})['value']
  File "C:\Python27\lib\site-packages\selenium\webdriver\remote\webdriver.py", line 201, in execute
    self.error_handler.check_response(response)
  File "C:\Python27\lib\site-packages\selenium\webdriver\remote\errorhandler.py", line 194, in check_response
    raise exception_class(message, screen, stacktrace)
NoSuchElementException: Message: no such element: Unable to locate element: {"method":"xpath","selector":"//div[@class='score-header' and contains(.,'\u5a01\u80c1\u5206\u6790\u8bc4\u5206')]"}
  (Session info: chrome=50.0.2661.94)
  (Driver info: chromedriver=2.19.346078 (6f1f0cde889532d48ce8242342d0b84f94b114a1),platform=Windows NT 6.1 x86)



        </pre>
    </div>
    <!--css div popup end-->

    </td>
</tr>

<tr id='ft15.11' class='none'>
    <td class='errorCase'><div class='testcase'>test_C747424</div></td>
    <td colspan='5' align='center'>

    <!--css div popup start-->
    <a class="popup_link" onfocus='this.blur();' href="javascript:showTestDetail('div_ft15.11')" >
        error</a>

    <div id='div_ft15.11' class="popup_window">
        <div style='text-align: right; color:red;cursor:pointer'>
        <a onfocus='this.blur();' onclick="document.getElementById('div_ft15.11').style.display = 'none' " >
           [x]</a>
        </div>
        <pre>
        
ft15.11: Traceback (most recent call last):
  File "E:\touchstone_qa\gemstone\Threat_analysis\test_threat_GA1_2.py", line 189, in test_C747424
    threat_analysis.close_report()
  File "E:\touchstone_qa\gemstone\GemstoneLib\page_class.py", line 1564, in close_report
    self.find_ele("//div[@class='score-header' and contains(.,'å¨èåæè¯å')]")
  File "E:\touchstone_qa\gemstone\GemstoneLib\page_class.py", line 406, in find_ele
    self.driver.find_element_by_xpath(xpath)
  File "C:\Python27\lib\site-packages\selenium\webdriver\remote\webdriver.py", line 258, in find_element_by_xpath
    return self.find_element(by=By.XPATH, value=xpath)
  File "C:\Python27\lib\site-packages\selenium\webdriver\remote\webdriver.py", line 712, in find_element
    {'using': by, 'value': value})['value']
  File "C:\Python27\lib\site-packages\selenium\webdriver\remote\webdriver.py", line 201, in execute
    self.error_handler.check_response(response)
  File "C:\Python27\lib\site-packages\selenium\webdriver\remote\errorhandler.py", line 194, in check_response
    raise exception_class(message, screen, stacktrace)
NoSuchElementException: Message: no such element: Unable to locate element: {"method":"xpath","selector":"//div[@class='score-header' and contains(.,'\u5a01\u80c1\u5206\u6790\u8bc4\u5206')]"}
  (Session info: chrome=50.0.2661.94)
  (Driver info: chromedriver=2.19.346078 (6f1f0cde889532d48ce8242342d0b84f94b114a1),platform=Windows NT 6.1 x86)



        </pre>
    </div>
    <!--css div popup end-->

    </td>
</tr>

<tr id='pt15.12' class='hiddenRow'>
    <td class='none'><div class='testcase'>test_C747423</div></td>
    <td colspan='5' align='center'>pass</td>
</tr>

<tr id='pt15.13' class='hiddenRow'>
    <td class='none'><div class='testcase'>test_C763105</div></td>
    <td colspan='5' align='center'>pass</td>
</tr>

<tr class='passClass'>
    <td>Traffic_ananlyis.test_traffic_analysis.Test_suite_traffic</td>
    <td>6</td>
    <td>6</td>
    <td>0</td>
    <td>0</td>
    <td><a href="javascript:showClassDetail('c16',6)">Detail</a></td>
</tr>

<tr id='pt16.1' class='hiddenRow'>
    <td class='none'><div class='testcase'>test_C571717</div></td>
    <td colspan='5' align='center'>pass</td>
</tr>

<tr id='pt16.2' class='hiddenRow'>
    <td class='none'><div class='testcase'>test_C618049</div></td>
    <td colspan='5' align='center'>pass</td>
</tr>

<tr id='pt16.3' class='hiddenRow'>
    <td class='none'><div class='testcase'>test_C571715</div></td>
    <td colspan='5' align='center'>pass</td>
</tr>

<tr id='pt16.4' class='hiddenRow'>
    <td class='none'><div class='testcase'>test_C571724</div></td>
    <td colspan='5' align='center'>pass</td>
</tr>

<tr id='pt16.5' class='hiddenRow'>
    <td class='none'><div class='testcase'>test_C736878</div></td>
    <td colspan='5' align='center'>pass</td>
</tr>

<tr id='pt16.6' class='hiddenRow'>
    <td class='none'><div class='testcase'>test_C736898</div></td>
    <td colspan='5' align='center'>pass</td>
</tr>

<tr class='passClass'>
    <td>Traffic_ananlyis.test_traffic_GA1_2.Test_suite_traffic</td>
    <td>8</td>
    <td>8</td>
    <td>0</td>
    <td>0</td>
    <td><a href="javascript:showClassDetail('c17',8)">Detail</a></td>
</tr>

<tr id='pt17.1' class='hiddenRow'>
    <td class='none'><div class='testcase'>test_C736879</div></td>
    <td colspan='5' align='center'>

    <!--css div popup start-->
    <a class="popup_link" onfocus='this.blur();' href="javascript:showTestDetail('div_pt17.1')" >
        pass</a>

    <div id='div_pt17.1' class="popup_window">
        <div style='text-align: right; color:red;cursor:pointer'>
        <a onfocus='this.blur();' onclick="document.getElementById('div_pt17.1').style.display = 'none' " >
           [x]</a>
        </div>
        <pre>
        
pt17.1: 1465211810 数据包名称已存在.


        </pre>
    </div>
    <!--css div popup end-->

    </td>
</tr>

<tr id='pt17.2' class='hiddenRow'>
    <td class='none'><div class='testcase'>test_C736880</div></td>
    <td colspan='5' align='center'>pass</td>
</tr>

<tr id='pt17.3' class='hiddenRow'>
    <td class='none'><div class='testcase'>test_C736886</div></td>
    <td colspan='5' align='center'>pass</td>
</tr>

<tr id='pt17.4' class='hiddenRow'>
    <td class='none'><div class='testcase'>test_C736888</div></td>
    <td colspan='5' align='center'>pass</td>
</tr>

<tr id='pt17.5' class='hiddenRow'>
    <td class='none'><div class='testcase'>test_C736897</div></td>
    <td colspan='5' align='center'>pass</td>
</tr>

<tr id='pt17.6' class='hiddenRow'>
    <td class='none'><div class='testcase'>test_C747684</div></td>
    <td colspan='5' align='center'>pass</td>
</tr>

<tr id='pt17.7' class='hiddenRow'>
    <td class='none'><div class='testcase'>test_C747402</div></td>
    <td colspan='5' align='center'>pass</td>
</tr>

<tr id='pt17.8' class='hiddenRow'>
    <td class='none'><div class='testcase'>test_C747687</div></td>
    <td colspan='5' align='center'>pass</td>
</tr>

<tr class='passClass'>
    <td>Project_management.test_project_fulltest.Test_suite_project</td>
    <td>9</td>
    <td>9</td>
    <td>0</td>
    <td>0</td>
    <td><a href="javascript:showClassDetail('c18',9)">Detail</a></td>
</tr>

<tr id='pt18.1' class='hiddenRow'>
    <td class='none'><div class='testcase'>test_C571747</div></td>
    <td colspan='5' align='center'>pass</td>
</tr>

<tr id='pt18.2' class='hiddenRow'>
    <td class='none'><div class='testcase'>test_C571748</div></td>
    <td colspan='5' align='center'>pass</td>
</tr>

<tr id='pt18.3' class='hiddenRow'>
    <td class='none'><div class='testcase'>test_C571749</div></td>
    <td colspan='5' align='center'>pass</td>
</tr>

<tr id='pt18.4' class='hiddenRow'>
    <td class='none'><div class='testcase'>test_C578734</div></td>
    <td colspan='5' align='center'>

    <!--css div popup start-->
    <a class="popup_link" onfocus='this.blur();' href="javascript:showTestDetail('div_pt18.4')" >
        pass</a>

    <div id='div_pt18.4' class="popup_window">
        <div style='text-align: right; color:red;cursor:pointer'>
        <a onfocus='this.blur();' onclick="document.getElementById('div_pt18.4').style.display = 'none' " >
           [x]</a>
        </div>
        <pre>
        
pt18.4: 项目基本信息 项目管理 &lt;type 'unicode'&gt; &lt;type 'unicode'&gt;


        </pre>
    </div>
    <!--css div popup end-->

    </td>
</tr>

<tr id='pt18.5' class='hiddenRow'>
    <td class='none'><div class='testcase'>test_C602355</div></td>
    <td colspan='5' align='center'>

    <!--css div popup start-->
    <a class="popup_link" onfocus='this.blur();' href="javascript:showTestDetail('div_pt18.5')" >
        pass</a>

    <div id='div_pt18.5' class="popup_window">
        <div style='text-align: right; color:red;cursor:pointer'>
        <a onfocus='this.blur();' onclick="document.getElementById('div_pt18.5').style.display = 'none' " >
           [x]</a>
        </div>
        <pre>
        
pt18.5: 区域名称不能重复.
此区域已产生分析数据无法删除.


        </pre>
    </div>
    <!--css div popup end-->

    </td>
</tr>

<tr id='pt18.6' class='hiddenRow'>
    <td class='none'><div class='testcase'>test_C618033</div></td>
    <td colspan='5' align='center'>pass</td>
</tr>

<tr id='pt18.7' class='hiddenRow'>
    <td class='none'><div class='testcase'>test_C618986</div></td>
    <td colspan='5' align='center'>pass</td>
</tr>

<tr id='pt18.8' class='hiddenRow'>
    <td class='none'><div class='testcase'>test_C640411</div></td>
    <td colspan='5' align='center'>pass</td>
</tr>

<tr id='pt18.9' class='hiddenRow'>
    <td class='none'><div class='testcase'>test_C707344</div></td>
    <td colspan='5' align='center'>pass</td>
</tr>

<tr class='passClass'>
    <td>Project_management.test_project_management.Test_suite_project</td>
    <td>4</td>
    <td>4</td>
    <td>0</td>
    <td>0</td>
    <td><a href="javascript:showClassDetail('c19',4)">Detail</a></td>
</tr>

<tr id='pt19.1' class='hiddenRow'>
    <td class='none'><div class='testcase'>test_C618917</div></td>
    <td colspan='5' align='center'>pass</td>
</tr>

<tr id='pt19.2' class='hiddenRow'>
    <td class='none'><div class='testcase'>test_C747678</div></td>
    <td colspan='5' align='center'>pass</td>
</tr>

<tr id='pt19.3' class='hiddenRow'>
    <td class='none'><div class='testcase'>test_C747679</div></td>
    <td colspan='5' align='center'>pass</td>
</tr>

<tr id='pt19.4' class='hiddenRow'>
    <td class='none'><div class='testcase'>test_C747681</div></td>
    <td colspan='5' align='center'>pass</td>
</tr>

<tr class='passClass'>
    <td>System_setup.test_system_factory.Test_suite_sys</td>
    <td>2</td>
    <td>2</td>
    <td>0</td>
    <td>0</td>
    <td><a href="javascript:showClassDetail('c20',2)">Detail</a></td>
</tr>

<tr id='pt20.1' class='hiddenRow'>
    <td class='none'><div class='testcase'>test_C581201</div></td>
    <td colspan='5' align='center'>pass</td>
</tr>

<tr id='pt20.2' class='hiddenRow'>
    <td class='none'><div class='testcase'>test_C617975</div></td>
    <td colspan='5' align='center'>pass</td>
</tr>

<tr class='errorClass'>
    <td>System_setup.test_system_setup.Test_suite_management</td>
    <td>3</td>
    <td>2</td>
    <td>0</td>
    <td>1</td>
    <td><a href="javascript:showClassDetail('c21',3)">Detail</a></td>
</tr>

<tr id='pt21.1' class='hiddenRow'>
    <td class='none'><div class='testcase'>test_C581202</div></td>
    <td colspan='5' align='center'>pass</td>
</tr>

<tr id='ft21.2' class='none'>
    <td class='errorCase'><div class='testcase'>test_C617974</div></td>
    <td colspan='5' align='center'>

    <!--css div popup start-->
    <a class="popup_link" onfocus='this.blur();' href="javascript:showTestDetail('div_ft21.2')" >
        error</a>

    <div id='div_ft21.2' class="popup_window">
        <div style='text-align: right; color:red;cursor:pointer'>
        <a onfocus='this.blur();' onclick="document.getElementById('div_ft21.2').style.display = 'none' " >
           [x]</a>
        </div>
        <pre>
        
ft21.2: Traceback (most recent call last):
  File "E:\touchstone_qa\gemstone\System_setup\test_system_setup.py", line 20, in test_C617974
    self.assertTrue(system.wifi_setup())
  File "E:\touchstone_qa\gemstone\GemstoneLib\page_class.py", line 1757, in wifi_setup
    self.driver.find_element_by_xpath("//input[@name='ip']").clear()
  File "C:\Python27\lib\site-packages\selenium\webdriver\remote\webdriver.py", line 258, in find_element_by_xpath
    return self.find_element(by=By.XPATH, value=xpath)
  File "C:\Python27\lib\site-packages\selenium\webdriver\remote\webdriver.py", line 712, in find_element
    {'using': by, 'value': value})['value']
  File "C:\Python27\lib\site-packages\selenium\webdriver\remote\webdriver.py", line 201, in execute
    self.error_handler.check_response(response)
  File "C:\Python27\lib\site-packages\selenium\webdriver\remote\errorhandler.py", line 194, in check_response
    raise exception_class(message, screen, stacktrace)
NoSuchElementException: Message: no such element: Unable to locate element: {"method":"xpath","selector":"//input[@name='ip']"}
  (Session info: chrome=50.0.2661.94)
  (Driver info: chromedriver=2.19.346078 (6f1f0cde889532d48ce8242342d0b84f94b114a1),platform=Windows NT 6.1 x86)



        </pre>
    </div>
    <!--css div popup end-->

    </td>
</tr>

<tr id='pt21.3' class='hiddenRow'>
    <td class='none'><div class='testcase'>test_C757447</div></td>
    <td colspan='5' align='center'>pass</td>
</tr>

<tr class='failClass'>
    <td>report.test_report_GA1_2.Test_suite_report1_2</td>
    <td>8</td>
    <td>7</td>
    <td>1</td>
    <td>0</td>
    <td><a href="javascript:showClassDetail('c22',8)">Detail</a></td>
</tr>

<tr id='pt22.1' class='hiddenRow'>
    <td class='none'><div class='testcase'>test_C736430</div></td>
    <td colspan='5' align='center'>

    <!--css div popup start-->
    <a class="popup_link" onfocus='this.blur();' href="javascript:showTestDetail('div_pt22.1')" >
        pass</a>

    <div id='div_pt22.1' class="popup_window">
        <div style='text-align: right; color:red;cursor:pointer'>
        <a onfocus='this.blur();' onclick="document.getElementById('div_pt22.1').style.display = 'none' " >
           [x]</a>
        </div>
        <pre>
        
pt22.1: [u'1', u'1', u'310000', u'1', u'1', u'1'] [u'1', u'1', u'310000', u'1', u'1', u'1'] [u'3', u'3', u'333333', u'3', u'3', u'3']


        </pre>
    </div>
    <!--css div popup end-->

    </td>
</tr>

<tr id='pt22.2' class='hiddenRow'>
    <td class='none'><div class='testcase'>test_C736431</div></td>
    <td colspan='5' align='center'>

    <!--css div popup start-->
    <a class="popup_link" onfocus='this.blur();' href="javascript:showTestDetail('div_pt22.2')" >
        pass</a>

    <div id='div_pt22.2' class="popup_window">
        <div style='text-align: right; color:red;cursor:pointer'>
        <a onfocus='this.blur();' onclick="document.getElementById('div_pt22.2').style.display = 'none' " >
           [x]</a>
        </div>
        <pre>
        
pt22.2: [u'3', u'3', u'333333', u'3qwe@gmail.com'] [u'3', u'3', u'333333', u'3qwe@gmail.com'] [u'3', u'3', u'333333', u'3qwe@gmail.com']


        </pre>
    </div>
    <!--css div popup end-->

    </td>
</tr>

<tr id='pt22.3' class='hiddenRow'>
    <td class='none'><div class='testcase'>test_C736432</div></td>
    <td colspan='5' align='center'>

    <!--css div popup start-->
    <a class="popup_link" onfocus='this.blur();' href="javascript:showTestDetail('div_pt22.3')" >
        pass</a>

    <div id='div_pt22.3' class="popup_window">
        <div style='text-align: right; color:red;cursor:pointer'>
        <a onfocus='this.blur();' onclick="document.getElementById('div_pt22.3').style.display = 'none' " >
           [x]</a>
        </div>
        <pre>
        
pt22.3: [u'1465205350', u'1465205350', u'111111'] [u'1465205350', u'1465205350', u'111111'] [u'3', u'3', u'333333']


        </pre>
    </div>
    <!--css div popup end-->

    </td>
</tr>

<tr id='pt22.4' class='hiddenRow'>
    <td class='none'><div class='testcase'>test_C736847</div></td>
    <td colspan='5' align='center'>

    <!--css div popup start-->
    <a class="popup_link" onfocus='this.blur();' href="javascript:showTestDetail('div_pt22.4')" >
        pass</a>

    <div id='div_pt22.4' class="popup_window">
        <div style='text-align: right; color:red;cursor:pointer'>
        <a onfocus='this.blur();' onclick="document.getElementById('div_pt22.4').style.display = 'none' " >
           [x]</a>
        </div>
        <pre>
        
pt22.4: [u'1465213032', u'', u'', u'', u''] [u'1465213032', u'', u'', u'', u''] [u'1465213032', u'3', u'3', u'333333', u'3qwe@gmail.com']


        </pre>
    </div>
    <!--css div popup end-->

    </td>
</tr>

<tr id='ft22.5' class='none'>
    <td class='failCase'><div class='testcase'>test_C747388</div></td>
    <td colspan='5' align='center'>

    <!--css div popup start-->
    <a class="popup_link" onfocus='this.blur();' href="javascript:showTestDetail('div_ft22.5')" >
        fail</a>

    <div id='div_ft22.5' class="popup_window">
        <div style='text-align: right; color:red;cursor:pointer'>
        <a onfocus='this.blur();' onclick="document.getElementById('div_ft22.5').style.display = 'none' " >
           [x]</a>
        </div>
        <pre>
        
ft22.5: Traceback (most recent call last):
  File "E:\touchstone_qa\gemstone\report\test_report_GA1_2.py", line 120, in test_C747388
    self.assertTrue(res)
AssertionError: False is not true


        </pre>
    </div>
    <!--css div popup end-->

    </td>
</tr>

<tr id='pt22.6' class='hiddenRow'>
    <td class='none'><div class='testcase'>test_C747390</div></td>
    <td colspan='5' align='center'>pass</td>
</tr>

<tr id='pt22.7' class='hiddenRow'>
    <td class='none'><div class='testcase'>test_C747403</div></td>
    <td colspan='5' align='center'>pass</td>
</tr>

<tr id='pt22.8' class='hiddenRow'>
    <td class='none'><div class='testcase'>test_C747408</div></td>
    <td colspan='5' align='center'>

    <!--css div popup start-->
    <a class="popup_link" onfocus='this.blur();' href="javascript:showTestDetail('div_pt22.8')" >
        pass</a>

    <div id='div_pt22.8' class="popup_window">
        <div style='text-align: right; color:red;cursor:pointer'>
        <a onfocus='this.blur();' onclick="document.getElementById('div_pt22.8').style.display = 'none' " >
           [x]</a>
        </div>
        <pre>
        
pt22.8: [u'3', u'3', u'333333'] [u'3', u'3', u'333333'] [u'3', u'3', u'333333']


        </pre>
    </div>
    <!--css div popup end-->

    </td>
</tr>

<tr class='passClass'>
    <td>Project_management.test_ui_GA1_2.Test_suite_project</td>
    <td>1</td>
    <td>1</td>
    <td>0</td>
    <td>0</td>
    <td><a href="javascript:showClassDetail('c23',1)">Detail</a></td>
</tr>

<tr id='pt23.1' class='hiddenRow'>
    <td class='none'><div class='testcase'>test_C707348</div></td>
    <td colspan='5' align='center'>pass</td>
</tr>

<tr id='total_row'>
    <td>Total</td>
    <td>147</td>
    <td>122</td>
    <td>6</td>
    <td>19</td>
    <td>&nbsp;</td>
</tr>
</table>

<div id='ending'>&nbsp;</div>

</body>
</html>
