<?xml version="1.0" encoding="UTF-8"?>
<!DOCTYPE html PUBLIC "-//W3C//DTD XHTML 1.0 Strict//EN" "http://www.w3.org/TR/xhtml1/DTD/xhtml1-strict.dtd">
<html xmlns="http://www.w3.org/1999/xhtml">
<head>
    <title>Result</title>
    <meta name="generator" content="HTMLTestRunner 0.8.2"/>
    <meta http-equiv="Content-Type" content="text/html; charset=UTF-8"/>
    
<style type="text/css" media="screen">
body        { font-family: verdana, arial, helvetica, sans-serif; font-size: 80%; }
table       { font-size: 100%; }
pre         { }

/* -- heading ---------------------------------------------------------------------- */
h1 {
	font-size: 16pt;
	color: gray;
}
.heading {
    margin-top: 0ex;
    margin-bottom: 1ex;
}

.heading .attribute {
    margin-top: 1ex;
    margin-bottom: 0;
}

.heading .description {
    margin-top: 4ex;
    margin-bottom: 6ex;
}

/* -- css div popup ------------------------------------------------------------------------ */
a.popup_link {
}

a.popup_link:hover {
    color: red;
}

.popup_window {
    display: none;
    position: relative;
    left: 0px;
    top: 0px;
    /*border: solid #627173 1px; */
    padding: 10px;
    background-color: #E6E6D6;
    font-family: "Lucida Console", "Courier New", Courier, monospace;
    text-align: left;
    font-size: 8pt;
    width: 500px;
}

}
/* -- report ------------------------------------------------------------------------ */
#show_detail_line {
    margin-top: 3ex;
    margin-bottom: 1ex;
}
#result_table {
    width: 80%;
    border-collapse: collapse;
    border: 1px solid #777;
}
#header_row {
    font-weight: bold;
    color: white;
    background-color: #777;
}
#result_table td {
    border: 1px solid #777;
    padding: 2px;
}
#total_row  { font-weight: bold; }
.passClass  { background-color: #6c6; }
.failClass  { background-color: #c60; }
.errorClass { background-color: #c00; }
.passCase   { color: #6c6; }
.failCase   { color: #c60; font-weight: bold; }
.errorCase  { color: #c00; font-weight: bold; }
.hiddenRow  { display: none; }
.testcase   { margin-left: 2em; }


/* -- ending ---------------------------------------------------------------------- */
#ending {
}

</style>

</head>
<body>
<script language="javascript" type="text/javascript"><!--
output_list = Array();

/* level - 0:Summary; 1:Failed; 2:All */
function showCase(level) {
    trs = document.getElementsByTagName("tr");
    for (var i = 0; i < trs.length; i++) {
        tr = trs[i];
        id = tr.id;
        if (id.substr(0,2) == 'ft') {
            if (level < 1) {
                tr.className = 'hiddenRow';
            }
            else {
                tr.className = '';
            }
        }
        if (id.substr(0,2) == 'pt') {
            if (level > 1) {
                tr.className = '';
            }
            else {
                tr.className = 'hiddenRow';
            }
        }
    }
}


function showClassDetail(cid, count) {
    var id_list = Array(count);
    var toHide = 1;
    for (var i = 0; i < count; i++) {
        tid0 = 't' + cid.substr(1) + '.' + (i+1);
        tid = 'f' + tid0;
        tr = document.getElementById(tid);
        if (!tr) {
            tid = 'p' + tid0;
            tr = document.getElementById(tid);
        }
        id_list[i] = tid;
        if (tr.className) {
            toHide = 0;
        }
    }
    for (var i = 0; i < count; i++) {
        tid = id_list[i];
        if (toHide) {
            document.getElementById('div_'+tid).style.display = 'none'
            document.getElementById(tid).className = 'hiddenRow';
        }
        else {
            document.getElementById(tid).className = '';
        }
    }
}


function showTestDetail(div_id){
    var details_div = document.getElementById(div_id)
    var displayState = details_div.style.display
    // alert(displayState)
    if (displayState != 'block' ) {
        displayState = 'block'
        details_div.style.display = 'block'
    }
    else {
        details_div.style.display = 'none'
    }
}


function html_escape(s) {
    s = s.replace(/&/g,'&amp;');
    s = s.replace(/</g,'&lt;');
    s = s.replace(/>/g,'&gt;');
    return s;
}

/* obsoleted by detail in <div>
function showOutput(id, name) {
    var w = window.open("", //url
                    name,
                    "resizable,scrollbars,status,width=800,height=450");
    d = w.document;
    d.write("<pre>");
    d.write(html_escape(output_list[id]));
    d.write("\n");
    d.write("<a href='javascript:window.close()'>close</a>\n");
    d.write("</pre>\n");
    d.close();
}
*/
--></script>

<div class='heading'>
<h1>Result</h1>
<p class='attribute'><strong>Start Time:</strong> 2016-06-03 11:21:26</p>
<p class='attribute'><strong>Duration:</strong> 2:52:57.420000</p>
<p class='attribute'><strong>Status:</strong> Pass 122 Failure 4 Error 30</p>

<p class='description'>Test_Report</p>
</div>



<p id='show_detail_line'>Show
<a href='javascript:showCase(0)'>Summary</a>
<a href='javascript:showCase(1)'>Failed</a>
<a href='javascript:showCase(2)'>All</a>
</p>
<table id='result_table'>
<colgroup>
<col align='left' />
<col align='right' />
<col align='right' />
<col align='right' />
<col align='right' />
<col align='right' />
</colgroup>
<tr id='header_row'>
    <td>Test Group/Test case</td>
    <td>Count</td>
    <td>Pass</td>
    <td>Fail</td>
    <td>Error</td>
    <td>View</td>
</tr>

<tr class='passClass'>
    <td>Project_management.test_account_factory.Test_suite_account</td>
    <td>1</td>
    <td>1</td>
    <td>0</td>
    <td>0</td>
    <td><a href="javascript:showClassDetail('c1',1)">Detail</a></td>
</tr>

<tr id='pt1.1' class='hiddenRow'>
    <td class='none'><div class='testcase'>test_C581271</div></td>
    <td colspan='5' align='center'>pass</td>
</tr>

<tr class='errorClass'>
    <td>System_setup.test_account_GA1_2.Test_suite_traffic</td>
    <td>7</td>
    <td>4</td>
    <td>0</td>
    <td>3</td>
    <td><a href="javascript:showClassDetail('c2',7)">Detail</a></td>
</tr>

<tr id='ft2.1' class='none'>
    <td class='errorCase'><div class='testcase'>test_C707469</div></td>
    <td colspan='5' align='center'>

    <!--css div popup start-->
    <a class="popup_link" onfocus='this.blur();' href="javascript:showTestDetail('div_ft2.1')" >
        error</a>

    <div id='div_ft2.1' class="popup_window">
        <div style='text-align: right; color:red;cursor:pointer'>
        <a onfocus='this.blur();' onclick="document.getElementById('div_ft2.1').style.display = 'none' " >
           [x]</a>
        </div>
        <pre>
        
ft2.1: Traceback (most recent call last):
  File "E:\touchstone_qa\gemstone\System_setup\test_account_GA1_2.py", line 22, in test_C707469
    self.login.open_browser_to_login_page(para.ADMIN_USER, para.ADMIN_USER_PASSWORD)
  File "E:\touchstone_qa\gemstone\GemstoneLib\page_class.py", line 33, in open_browser_to_login_page
    driver.find_element_by_id("inputUsername").clear()
  File "C:\Python27\lib\site-packages\selenium-2.47.1-py2.7.egg\selenium\webdriver\remote\webdriver.py", line 229, in find_element_by_id
    return self.find_element(by=By.ID, value=id_)
  File "C:\Python27\lib\site-packages\selenium-2.47.1-py2.7.egg\selenium\webdriver\remote\webdriver.py", line 707, in find_element
    {'using': by, 'value': value})['value']
  File "C:\Python27\lib\site-packages\selenium-2.47.1-py2.7.egg\selenium\webdriver\remote\webdriver.py", line 196, in execute
    self.error_handler.check_response(response)
  File "C:\Python27\lib\site-packages\selenium-2.47.1-py2.7.egg\selenium\webdriver\remote\errorhandler.py", line 181, in check_response
    raise exception_class(message, screen, stacktrace)
NoSuchElementException: Message: no such element: Unable to locate element: {"method":"id","selector":"inputUsername"}
  (Session info: chrome=44.0.2403.107)
  (Driver info: chromedriver=2.19.346078 (6f1f0cde889532d48ce8242342d0b84f94b114a1),platform=Windows NT 10.0 x86_64)



        </pre>
    </div>
    <!--css div popup end-->

    </td>
</tr>

<tr id='pt2.2' class='hiddenRow'>
    <td class='none'><div class='testcase'>test_C707470</div></td>
    <td colspan='5' align='center'>pass</td>
</tr>

<tr id='pt2.3' class='hiddenRow'>
    <td class='none'><div class='testcase'>test_C707471</div></td>
    <td colspan='5' align='center'>pass</td>
</tr>

<tr id='pt2.4' class='hiddenRow'>
    <td class='none'><div class='testcase'>test_C707472</div></td>
    <td colspan='5' align='center'>pass</td>
</tr>

<tr id='pt2.5' class='hiddenRow'>
    <td class='none'><div class='testcase'>test_C707473</div></td>
    <td colspan='5' align='center'>pass</td>
</tr>

<tr id='ft2.6' class='none'>
    <td class='errorCase'><div class='testcase'>test_C707490</div></td>
    <td colspan='5' align='center'>

    <!--css div popup start-->
    <a class="popup_link" onfocus='this.blur();' href="javascript:showTestDetail('div_ft2.6')" >
        error</a>

    <div id='div_ft2.6' class="popup_window">
        <div style='text-align: right; color:red;cursor:pointer'>
        <a onfocus='this.blur();' onclick="document.getElementById('div_ft2.6').style.display = 'none' " >
           [x]</a>
        </div>
        <pre>
        
ft2.6: Traceback (most recent call last):
  File "E:\touchstone_qa\gemstone\System_setup\test_account_GA1_2.py", line 87, in test_C707490
    self.login.open_browser_to_login_page(para.ADMIN_USER, para.ADMIN_USER_PASSWORD)
  File "E:\touchstone_qa\gemstone\GemstoneLib\page_class.py", line 33, in open_browser_to_login_page
    driver.find_element_by_id("inputUsername").clear()
  File "C:\Python27\lib\site-packages\selenium-2.47.1-py2.7.egg\selenium\webdriver\remote\webdriver.py", line 229, in find_element_by_id
    return self.find_element(by=By.ID, value=id_)
  File "C:\Python27\lib\site-packages\selenium-2.47.1-py2.7.egg\selenium\webdriver\remote\webdriver.py", line 707, in find_element
    {'using': by, 'value': value})['value']
  File "C:\Python27\lib\site-packages\selenium-2.47.1-py2.7.egg\selenium\webdriver\remote\webdriver.py", line 196, in execute
    self.error_handler.check_response(response)
  File "C:\Python27\lib\site-packages\selenium-2.47.1-py2.7.egg\selenium\webdriver\remote\errorhandler.py", line 181, in check_response
    raise exception_class(message, screen, stacktrace)
NoSuchElementException: Message: no such element: Unable to locate element: {"method":"id","selector":"inputUsername"}
  (Session info: chrome=44.0.2403.107)
  (Driver info: chromedriver=2.19.346078 (6f1f0cde889532d48ce8242342d0b84f94b114a1),platform=Windows NT 10.0 x86_64)



        </pre>
    </div>
    <!--css div popup end-->

    </td>
</tr>

<tr id='ft2.7' class='none'>
    <td class='errorCase'><div class='testcase'>test_C707491</div></td>
    <td colspan='5' align='center'>

    <!--css div popup start-->
    <a class="popup_link" onfocus='this.blur();' href="javascript:showTestDetail('div_ft2.7')" >
        error</a>

    <div id='div_ft2.7' class="popup_window">
        <div style='text-align: right; color:red;cursor:pointer'>
        <a onfocus='this.blur();' onclick="document.getElementById('div_ft2.7').style.display = 'none' " >
           [x]</a>
        </div>
        <pre>
        
ft2.7: Traceback (most recent call last):
  File "E:\touchstone_qa\gemstone\System_setup\test_account_GA1_2.py", line 97, in test_C707491
    self.login.open_browser_to_login_page(acc_name, 'A12345678')
  File "E:\touchstone_qa\gemstone\GemstoneLib\page_class.py", line 33, in open_browser_to_login_page
    driver.find_element_by_id("inputUsername").clear()
  File "C:\Python27\lib\site-packages\selenium-2.47.1-py2.7.egg\selenium\webdriver\remote\webdriver.py", line 229, in find_element_by_id
    return self.find_element(by=By.ID, value=id_)
  File "C:\Python27\lib\site-packages\selenium-2.47.1-py2.7.egg\selenium\webdriver\remote\webdriver.py", line 707, in find_element
    {'using': by, 'value': value})['value']
  File "C:\Python27\lib\site-packages\selenium-2.47.1-py2.7.egg\selenium\webdriver\remote\webdriver.py", line 196, in execute
    self.error_handler.check_response(response)
  File "C:\Python27\lib\site-packages\selenium-2.47.1-py2.7.egg\selenium\webdriver\remote\errorhandler.py", line 181, in check_response
    raise exception_class(message, screen, stacktrace)
NoSuchElementException: Message: no such element: Unable to locate element: {"method":"id","selector":"inputUsername"}
  (Session info: chrome=44.0.2403.107)
  (Driver info: chromedriver=2.19.346078 (6f1f0cde889532d48ce8242342d0b84f94b114a1),platform=Windows NT 10.0 x86_64)



        </pre>
    </div>
    <!--css div popup end-->

    </td>
</tr>

<tr class='passClass'>
    <td>Asset_analysis.test_asset_factory.Test_suite_1</td>
    <td>7</td>
    <td>7</td>
    <td>0</td>
    <td>0</td>
    <td><a href="javascript:showClassDetail('c3',7)">Detail</a></td>
</tr>

<tr id='pt3.1' class='hiddenRow'>
    <td class='none'><div class='testcase'>test_C640425</div></td>
    <td colspan='5' align='center'>pass</td>
</tr>

<tr id='pt3.2' class='hiddenRow'>
    <td class='none'><div class='testcase'>test_C618947</div></td>
    <td colspan='5' align='center'>pass</td>
</tr>

<tr id='pt3.3' class='hiddenRow'>
    <td class='none'><div class='testcase'>test_C618913</div></td>
    <td colspan='5' align='center'>pass</td>
</tr>

<tr id='pt3.4' class='hiddenRow'>
    <td class='none'><div class='testcase'>test_C571740</div></td>
    <td colspan='5' align='center'>pass</td>
</tr>

<tr id='pt3.5' class='hiddenRow'>
    <td class='none'><div class='testcase'>test_C640425</div></td>
    <td colspan='5' align='center'>pass</td>
</tr>

<tr id='pt3.6' class='hiddenRow'>
    <td class='none'><div class='testcase'>test_C571722</div></td>
    <td colspan='5' align='center'>pass</td>
</tr>

<tr id='pt3.7' class='hiddenRow'>
    <td class='none'><div class='testcase'>test_C571727</div></td>
    <td colspan='5' align='center'>

    <!--css div popup start-->
    <a class="popup_link" onfocus='this.blur();' href="javascript:showTestDetail('div_pt3.7')" >
        pass</a>

    <div id='div_pt3.7' class="popup_window">
        <div style='text-align: right; color:red;cursor:pointer'>
        <a onfocus='this.blur();' onclick="document.getElementById('div_pt3.7').style.display = 'none' " >
           [x]</a>
        </div>
        <pre>
        
pt3.7: true CVE
true CNNVD
true CNVD
true æ¼æ´å¬å
true å¨èç±»å
true æ¼æ´ç±»å
true æ¼æ´ç»æ
true æ´æ°æ¶é´
true åå¸æ¶é´
true æ»å»å¤æåº¦
true èº«ä»½è®¤è¯
true å¯ç¨æ§å½±å
true æºå¯æ§å½±å
true å®æ´æ§å½±å
true æ»å»åé


        </pre>
    </div>
    <!--css div popup end-->

    </td>
</tr>

<tr class='errorClass'>
    <td>Asset_analysis.test_factory_split_case.Test_suite_1</td>
    <td>4</td>
    <td>3</td>
    <td>0</td>
    <td>1</td>
    <td><a href="javascript:showClassDetail('c4',4)">Detail</a></td>
</tr>

<tr id='ft4.1' class='none'>
    <td class='errorCase'><div class='testcase'>test_C707249</div></td>
    <td colspan='5' align='center'>

    <!--css div popup start-->
    <a class="popup_link" onfocus='this.blur();' href="javascript:showTestDetail('div_ft4.1')" >
        error</a>

    <div id='div_ft4.1' class="popup_window">
        <div style='text-align: right; color:red;cursor:pointer'>
        <a onfocus='this.blur();' onclick="document.getElementById('div_ft4.1').style.display = 'none' " >
           [x]</a>
        </div>
        <pre>
        
ft4.1: Traceback (most recent call last):
  File "E:\touchstone_qa\gemstone\Asset_analysis\test_factory_split_case.py", line 22, in test_C707249
    asset.modify_device(device_type=d_type, vendor=d_vendor, device_model=d_model)
  File "E:\touchstone_qa\gemstone\GemstoneLib\page_class.py", line 826, in modify_device
    self.driver.find_element_by_xpath("//div[@class='name' and text()='èµäº§å½å¥è¡¨']")
  File "C:\Python27\lib\site-packages\selenium-2.47.1-py2.7.egg\selenium\webdriver\remote\webdriver.py", line 253, in find_element_by_xpath
    return self.find_element(by=By.XPATH, value=xpath)
  File "C:\Python27\lib\site-packages\selenium-2.47.1-py2.7.egg\selenium\webdriver\remote\webdriver.py", line 707, in find_element
    {'using': by, 'value': value})['value']
  File "C:\Python27\lib\site-packages\selenium-2.47.1-py2.7.egg\selenium\webdriver\remote\webdriver.py", line 196, in execute
    self.error_handler.check_response(response)
  File "C:\Python27\lib\site-packages\selenium-2.47.1-py2.7.egg\selenium\webdriver\remote\errorhandler.py", line 181, in check_response
    raise exception_class(message, screen, stacktrace)
NoSuchElementException: Message: no such element: Unable to locate element: {"method":"xpath","selector":"//div[@class='name' and text()='\u8d44\u4ea7\u5f55\u5165\u8868']"}
  (Session info: chrome=44.0.2403.107)
  (Driver info: chromedriver=2.19.346078 (6f1f0cde889532d48ce8242342d0b84f94b114a1),platform=Windows NT 10.0 x86_64)



        </pre>
    </div>
    <!--css div popup end-->

    </td>
</tr>

<tr id='pt4.2' class='hiddenRow'>
    <td class='none'><div class='testcase'>test_C707247</div></td>
    <td colspan='5' align='center'>pass</td>
</tr>

<tr id='pt4.3' class='hiddenRow'>
    <td class='none'><div class='testcase'>test_C707244</div></td>
    <td colspan='5' align='center'>pass</td>
</tr>

<tr id='pt4.4' class='hiddenRow'>
    <td class='none'><div class='testcase'>test_C707246</div></td>
    <td colspan='5' align='center'>pass</td>
</tr>

<tr class='errorClass'>
    <td>Asset_analysis.test_asset_analysis.Test_suite_1</td>
    <td>5</td>
    <td>3</td>
    <td>1</td>
    <td>1</td>
    <td><a href="javascript:showClassDetail('c5',5)">Detail</a></td>
</tr>

<tr id='pt5.1' class='hiddenRow'>
    <td class='none'><div class='testcase'>test_C581268</div></td>
    <td colspan='5' align='center'>

    <!--css div popup start-->
    <a class="popup_link" onfocus='this.blur();' href="javascript:showTestDetail('div_pt5.1')" >
        pass</a>

    <div id='div_pt5.1' class="popup_window">
        <div style='text-align: right; color:red;cursor:pointer'>
        <a onfocus='this.blur();' onclick="document.getElementById('div_pt5.1').style.display = 'none' " >
           [x]</a>
        </div>
        <pre>
        
pt5.1: true test


        </pre>
    </div>
    <!--css div popup end-->

    </td>
</tr>

<tr id='pt5.2' class='hiddenRow'>
    <td class='none'><div class='testcase'>test_C588245</div></td>
    <td colspan='5' align='center'>pass</td>
</tr>

<tr id='ft5.3' class='none'>
    <td class='errorCase'><div class='testcase'>test_C736973</div></td>
    <td colspan='5' align='center'>

    <!--css div popup start-->
    <a class="popup_link" onfocus='this.blur();' href="javascript:showTestDetail('div_ft5.3')" >
        error</a>

    <div id='div_ft5.3' class="popup_window">
        <div style='text-align: right; color:red;cursor:pointer'>
        <a onfocus='this.blur();' onclick="document.getElementById('div_ft5.3').style.display = 'none' " >
           [x]</a>
        </div>
        <pre>
        
ft5.3: Traceback (most recent call last):
  File "E:\touchstone_qa\gemstone\Asset_analysis\test_asset_analysis.py", line 39, in test_C736973
    project_navigation = self.project_manager.build_project(task_name)
  File "E:\touchstone_qa\gemstone\GemstoneLib\page_class.py", line 120, in build_project
    article = driver.find_element_by_xpath("//input[@name='projectName']")
  File "C:\Python27\lib\site-packages\selenium-2.47.1-py2.7.egg\selenium\webdriver\remote\webdriver.py", line 253, in find_element_by_xpath
    return self.find_element(by=By.XPATH, value=xpath)
  File "C:\Python27\lib\site-packages\selenium-2.47.1-py2.7.egg\selenium\webdriver\remote\webdriver.py", line 707, in find_element
    {'using': by, 'value': value})['value']
  File "C:\Python27\lib\site-packages\selenium-2.47.1-py2.7.egg\selenium\webdriver\remote\webdriver.py", line 196, in execute
    self.error_handler.check_response(response)
  File "C:\Python27\lib\site-packages\selenium-2.47.1-py2.7.egg\selenium\webdriver\remote\errorhandler.py", line 181, in check_response
    raise exception_class(message, screen, stacktrace)
NoSuchElementException: Message: no such element: Unable to locate element: {"method":"xpath","selector":"//input[@name='projectName']"}
  (Session info: chrome=44.0.2403.107)
  (Driver info: chromedriver=2.19.346078 (6f1f0cde889532d48ce8242342d0b84f94b114a1),platform=Windows NT 10.0 x86_64)



        </pre>
    </div>
    <!--css div popup end-->

    </td>
</tr>

<tr id='pt5.4' class='hiddenRow'>
    <td class='none'><div class='testcase'>test_C618005</div></td>
    <td colspan='5' align='center'>pass</td>
</tr>

<tr id='ft5.5' class='none'>
    <td class='failCase'><div class='testcase'>test_C581263</div></td>
    <td colspan='5' align='center'>

    <!--css div popup start-->
    <a class="popup_link" onfocus='this.blur();' href="javascript:showTestDetail('div_ft5.5')" >
        fail</a>

    <div id='div_ft5.5' class="popup_window">
        <div style='text-align: right; color:red;cursor:pointer'>
        <a onfocus='this.blur();' onclick="document.getElementById('div_ft5.5').style.display = 'none' " >
           [x]</a>
        </div>
        <pre>
        
ft5.5: Traceback (most recent call last):
  File "E:\touchstone_qa\gemstone\Asset_analysis\test_asset_analysis.py", line 65, in test_C581263
    self.assertTrue(first and second)
AssertionError: False is not true


        </pre>
    </div>
    <!--css div popup end-->

    </td>
</tr>

<tr class='errorClass'>
    <td>Asset_analysis.test_manul_fulltest.Test_suite_full</td>
    <td>12</td>
    <td>7</td>
    <td>0</td>
    <td>5</td>
    <td><a href="javascript:showClassDetail('c6',12)">Detail</a></td>
</tr>

<tr id='ft6.1' class='none'>
    <td class='errorCase'><div class='testcase'>test_C602491</div></td>
    <td colspan='5' align='center'>

    <!--css div popup start-->
    <a class="popup_link" onfocus='this.blur();' href="javascript:showTestDetail('div_ft6.1')" >
        error</a>

    <div id='div_ft6.1' class="popup_window">
        <div style='text-align: right; color:red;cursor:pointer'>
        <a onfocus='this.blur();' onclick="document.getElementById('div_ft6.1').style.display = 'none' " >
           [x]</a>
        </div>
        <pre>
        
ft6.1: Traceback (most recent call last):
  File "E:\touchstone_qa\gemstone\Asset_analysis\test_manul_fulltest.py", line 180, in test_C602491
    asset.go_back()
  File "E:\touchstone_qa\gemstone\GemstoneLib\page_class.py", line 1118, in go_back
    self.find_ele("//span[text()='è¿å']")
  File "E:\touchstone_qa\gemstone\GemstoneLib\page_class.py", line 397, in find_ele
    self.driver.find_element_by_xpath(xpath)
  File "C:\Python27\lib\site-packages\selenium-2.47.1-py2.7.egg\selenium\webdriver\remote\webdriver.py", line 253, in find_element_by_xpath
    return self.find_element(by=By.XPATH, value=xpath)
  File "C:\Python27\lib\site-packages\selenium-2.47.1-py2.7.egg\selenium\webdriver\remote\webdriver.py", line 707, in find_element
    {'using': by, 'value': value})['value']
  File "C:\Python27\lib\site-packages\selenium-2.47.1-py2.7.egg\selenium\webdriver\remote\webdriver.py", line 196, in execute
    self.error_handler.check_response(response)
  File "C:\Python27\lib\site-packages\selenium-2.47.1-py2.7.egg\selenium\webdriver\remote\errorhandler.py", line 181, in check_response
    raise exception_class(message, screen, stacktrace)
NoSuchElementException: Message: no such element: Unable to locate element: {"method":"xpath","selector":"//span[text()='\u8fd4\u56de']"}
  (Session info: chrome=44.0.2403.107)
  (Driver info: chromedriver=2.19.346078 (6f1f0cde889532d48ce8242342d0b84f94b114a1),platform=Windows NT 10.0 x86_64)



        </pre>
    </div>
    <!--css div popup end-->

    </td>
</tr>

<tr id='pt6.2' class='hiddenRow'>
    <td class='none'><div class='testcase'>test_C618008</div></td>
    <td colspan='5' align='center'>pass</td>
</tr>

<tr id='pt6.3' class='hiddenRow'>
    <td class='none'><div class='testcase'>test_C618945</div></td>
    <td colspan='5' align='center'>pass</td>
</tr>

<tr id='ft6.4' class='none'>
    <td class='errorCase'><div class='testcase'>test_C618946</div></td>
    <td colspan='5' align='center'>

    <!--css div popup start-->
    <a class="popup_link" onfocus='this.blur();' href="javascript:showTestDetail('div_ft6.4')" >
        error</a>

    <div id='div_ft6.4' class="popup_window">
        <div style='text-align: right; color:red;cursor:pointer'>
        <a onfocus='this.blur();' onclick="document.getElementById('div_ft6.4').style.display = 'none' " >
           [x]</a>
        </div>
        <pre>
        
ft6.4: Traceback (most recent call last):
  File "E:\touchstone_qa\gemstone\Asset_analysis\test_manul_fulltest.py", line 34, in test_C618946
    asset.manul_entry()
  File "E:\touchstone_qa\gemstone\GemstoneLib\page_class.py", line 504, in manul_entry
    self.driver.find_element_by_xpath("//button[@ng-click='assetCtrl.startEntry()']")
  File "C:\Python27\lib\site-packages\selenium-2.47.1-py2.7.egg\selenium\webdriver\remote\webdriver.py", line 253, in find_element_by_xpath
    return self.find_element(by=By.XPATH, value=xpath)
  File "C:\Python27\lib\site-packages\selenium-2.47.1-py2.7.egg\selenium\webdriver\remote\webdriver.py", line 707, in find_element
    {'using': by, 'value': value})['value']
  File "C:\Python27\lib\site-packages\selenium-2.47.1-py2.7.egg\selenium\webdriver\remote\webdriver.py", line 196, in execute
    self.error_handler.check_response(response)
  File "C:\Python27\lib\site-packages\selenium-2.47.1-py2.7.egg\selenium\webdriver\remote\errorhandler.py", line 181, in check_response
    raise exception_class(message, screen, stacktrace)
NoSuchElementException: Message: no such element: Unable to locate element: {"method":"xpath","selector":"//button[@ng-click='assetCtrl.startEntry()']"}
  (Session info: chrome=44.0.2403.107)
  (Driver info: chromedriver=2.19.346078 (6f1f0cde889532d48ce8242342d0b84f94b114a1),platform=Windows NT 10.0 x86_64)



        </pre>
    </div>
    <!--css div popup end-->

    </td>
</tr>

<tr id='pt6.5' class='hiddenRow'>
    <td class='none'><div class='testcase'>test_C571733</div></td>
    <td colspan='5' align='center'>pass</td>
</tr>

<tr id='ft6.6' class='none'>
    <td class='errorCase'><div class='testcase'>test_C595323</div></td>
    <td colspan='5' align='center'>

    <!--css div popup start-->
    <a class="popup_link" onfocus='this.blur();' href="javascript:showTestDetail('div_ft6.6')" >
        error</a>

    <div id='div_ft6.6' class="popup_window">
        <div style='text-align: right; color:red;cursor:pointer'>
        <a onfocus='this.blur();' onclick="document.getElementById('div_ft6.6').style.display = 'none' " >
           [x]</a>
        </div>
        <pre>
        
ft6.6: Traceback (most recent call last):
  File "E:\touchstone_qa\gemstone\Asset_analysis\test_manul_fulltest.py", line 124, in test_C595323
    asset.add_specific(vendor=d_vendor, model=d_model)
  File "E:\touchstone_qa\gemstone\GemstoneLib\page_class.py", line 816, in add_specific
    self.driver.find_element_by_xpath("//div[@class='form-group' and contains(.,'è®¾å¤åå·åç§°')]//input").send_keys(model)
  File "C:\Python27\lib\site-packages\selenium-2.47.1-py2.7.egg\selenium\webdriver\remote\webdriver.py", line 253, in find_element_by_xpath
    return self.find_element(by=By.XPATH, value=xpath)
  File "C:\Python27\lib\site-packages\selenium-2.47.1-py2.7.egg\selenium\webdriver\remote\webdriver.py", line 707, in find_element
    {'using': by, 'value': value})['value']
  File "C:\Python27\lib\site-packages\selenium-2.47.1-py2.7.egg\selenium\webdriver\remote\webdriver.py", line 196, in execute
    self.error_handler.check_response(response)
  File "C:\Python27\lib\site-packages\selenium-2.47.1-py2.7.egg\selenium\webdriver\remote\errorhandler.py", line 181, in check_response
    raise exception_class(message, screen, stacktrace)
NoSuchElementException: Message: no such element: Unable to locate element: {"method":"xpath","selector":"//div[@class='form-group' and contains(.,'\u8bbe\u5907\u578b\u53f7\u540d\u79f0')]//input"}
  (Session info: chrome=44.0.2403.107)
  (Driver info: chromedriver=2.19.346078 (6f1f0cde889532d48ce8242342d0b84f94b114a1),platform=Windows NT 10.0 x86_64)



        </pre>
    </div>
    <!--css div popup end-->

    </td>
</tr>

<tr id='pt6.7' class='hiddenRow'>
    <td class='none'><div class='testcase'>test_C602495</div></td>
    <td colspan='5' align='center'>pass</td>
</tr>

<tr id='ft6.8' class='none'>
    <td class='errorCase'><div class='testcase'>test_C639821</div></td>
    <td colspan='5' align='center'>

    <!--css div popup start-->
    <a class="popup_link" onfocus='this.blur();' href="javascript:showTestDetail('div_ft6.8')" >
        error</a>

    <div id='div_ft6.8' class="popup_window">
        <div style='text-align: right; color:red;cursor:pointer'>
        <a onfocus='this.blur();' onclick="document.getElementById('div_ft6.8').style.display = 'none' " >
           [x]</a>
        </div>
        <pre>
        
ft6.8: Traceback (most recent call last):
  File "E:\touchstone_qa\gemstone\Asset_analysis\test_manul_fulltest.py", line 80, in test_C639821
    result = asset.cancel_add_device()
  File "E:\touchstone_qa\gemstone\GemstoneLib\page_class.py", line 882, in cancel_add_device
    self.find_ele("//div[@class='name ng-binding' and text()='æ·»å è®¾å¤']")
  File "E:\touchstone_qa\gemstone\GemstoneLib\page_class.py", line 397, in find_ele
    self.driver.find_element_by_xpath(xpath)
  File "C:\Python27\lib\site-packages\selenium-2.47.1-py2.7.egg\selenium\webdriver\remote\webdriver.py", line 253, in find_element_by_xpath
    return self.find_element(by=By.XPATH, value=xpath)
  File "C:\Python27\lib\site-packages\selenium-2.47.1-py2.7.egg\selenium\webdriver\remote\webdriver.py", line 707, in find_element
    {'using': by, 'value': value})['value']
  File "C:\Python27\lib\site-packages\selenium-2.47.1-py2.7.egg\selenium\webdriver\remote\webdriver.py", line 196, in execute
    self.error_handler.check_response(response)
  File "C:\Python27\lib\site-packages\selenium-2.47.1-py2.7.egg\selenium\webdriver\remote\errorhandler.py", line 181, in check_response
    raise exception_class(message, screen, stacktrace)
NoSuchElementException: Message: no such element: Unable to locate element: {"method":"xpath","selector":"//div[@class='name ng-binding' and text()='\u6dfb\u52a0\u8bbe\u5907']"}
  (Session info: chrome=44.0.2403.107)
  (Driver info: chromedriver=2.19.346078 (6f1f0cde889532d48ce8242342d0b84f94b114a1),platform=Windows NT 10.0 x86_64)



        </pre>
    </div>
    <!--css div popup end-->

    </td>
</tr>

<tr id='pt6.9' class='hiddenRow'>
    <td class='none'><div class='testcase'>test_C639822</div></td>
    <td colspan='5' align='center'>pass</td>
</tr>

<tr id='ft6.10' class='none'>
    <td class='errorCase'><div class='testcase'>test_C640408</div></td>
    <td colspan='5' align='center'>

    <!--css div popup start-->
    <a class="popup_link" onfocus='this.blur();' href="javascript:showTestDetail('div_ft6.10')" >
        error</a>

    <div id='div_ft6.10' class="popup_window">
        <div style='text-align: right; color:red;cursor:pointer'>
        <a onfocus='this.blur();' onclick="document.getElementById('div_ft6.10').style.display = 'none' " >
           [x]</a>
        </div>
        <pre>
        
ft6.10: Traceback (most recent call last):
  File "E:\touchstone_qa\gemstone\Asset_analysis\test_manul_fulltest.py", line 105, in test_C640408
    asset.add_specific(vendor=vendor, model=model)
  File "E:\touchstone_qa\gemstone\GemstoneLib\page_class.py", line 816, in add_specific
    self.driver.find_element_by_xpath("//div[@class='form-group' and contains(.,'è®¾å¤åå·åç§°')]//input").send_keys(model)
  File "C:\Python27\lib\site-packages\selenium-2.47.1-py2.7.egg\selenium\webdriver\remote\webdriver.py", line 253, in find_element_by_xpath
    return self.find_element(by=By.XPATH, value=xpath)
  File "C:\Python27\lib\site-packages\selenium-2.47.1-py2.7.egg\selenium\webdriver\remote\webdriver.py", line 707, in find_element
    {'using': by, 'value': value})['value']
  File "C:\Python27\lib\site-packages\selenium-2.47.1-py2.7.egg\selenium\webdriver\remote\webdriver.py", line 196, in execute
    self.error_handler.check_response(response)
  File "C:\Python27\lib\site-packages\selenium-2.47.1-py2.7.egg\selenium\webdriver\remote\errorhandler.py", line 181, in check_response
    raise exception_class(message, screen, stacktrace)
NoSuchElementException: Message: no such element: Unable to locate element: {"method":"xpath","selector":"//div[@class='form-group' and contains(.,'\u8bbe\u5907\u578b\u53f7\u540d\u79f0')]//input"}
  (Session info: chrome=44.0.2403.107)
  (Driver info: chromedriver=2.19.346078 (6f1f0cde889532d48ce8242342d0b84f94b114a1),platform=Windows NT 10.0 x86_64)



        </pre>
    </div>
    <!--css div popup end-->

    </td>
</tr>

<tr id='pt6.11' class='hiddenRow'>
    <td class='none'><div class='testcase'>test_C683445</div></td>
    <td colspan='5' align='center'>pass</td>
</tr>

<tr id='pt6.12' class='hiddenRow'>
    <td class='none'><div class='testcase'>test_C683446</div></td>
    <td colspan='5' align='center'>pass</td>
</tr>

<tr class='errorClass'>
    <td>Asset_analysis.test_autoscan_fulltest.Test_suite_full</td>
    <td>9</td>
    <td>5</td>
    <td>1</td>
    <td>3</td>
    <td><a href="javascript:showClassDetail('c7',9)">Detail</a></td>
</tr>

<tr id='pt7.1' class='hiddenRow'>
    <td class='none'><div class='testcase'>test_C571743</div></td>
    <td colspan='5' align='center'>pass</td>
</tr>

<tr id='pt7.2' class='hiddenRow'>
    <td class='none'><div class='testcase'>test_C571730</div></td>
    <td colspan='5' align='center'>pass</td>
</tr>

<tr id='ft7.3' class='none'>
    <td class='errorCase'><div class='testcase'>test_C602357</div></td>
    <td colspan='5' align='center'>

    <!--css div popup start-->
    <a class="popup_link" onfocus='this.blur();' href="javascript:showTestDetail('div_ft7.3')" >
        error</a>

    <div id='div_ft7.3' class="popup_window">
        <div style='text-align: right; color:red;cursor:pointer'>
        <a onfocus='this.blur();' onclick="document.getElementById('div_ft7.3').style.display = 'none' " >
           [x]</a>
        </div>
        <pre>
        
ft7.3: Traceback (most recent call last):
  File "E:\touchstone_qa\gemstone\Asset_analysis\test_autoscan_fulltest.py", line 105, in test_C602357
    asset.auto_entry(scan_port=para.SCAN_PORT, ip_address=para.SCAN_SUBNET)
  File "E:\touchstone_qa\gemstone\GemstoneLib\page_class.py", line 520, in auto_entry
    self.driver.find_element_by_xpath("//input[@name='scanPortIp']").click()
  File "C:\Python27\lib\site-packages\selenium-2.47.1-py2.7.egg\selenium\webdriver\remote\webdriver.py", line 253, in find_element_by_xpath
    return self.find_element(by=By.XPATH, value=xpath)
  File "C:\Python27\lib\site-packages\selenium-2.47.1-py2.7.egg\selenium\webdriver\remote\webdriver.py", line 707, in find_element
    {'using': by, 'value': value})['value']
  File "C:\Python27\lib\site-packages\selenium-2.47.1-py2.7.egg\selenium\webdriver\remote\webdriver.py", line 196, in execute
    self.error_handler.check_response(response)
  File "C:\Python27\lib\site-packages\selenium-2.47.1-py2.7.egg\selenium\webdriver\remote\errorhandler.py", line 181, in check_response
    raise exception_class(message, screen, stacktrace)
NoSuchElementException: Message: no such element: Unable to locate element: {"method":"xpath","selector":"//input[@name='scanPortIp']"}
  (Session info: chrome=44.0.2403.107)
  (Driver info: chromedriver=2.19.346078 (6f1f0cde889532d48ce8242342d0b84f94b114a1),platform=Windows NT 10.0 x86_64)



        </pre>
    </div>
    <!--css div popup end-->

    </td>
</tr>

<tr id='pt7.4' class='hiddenRow'>
    <td class='none'><div class='testcase'>test_C618919</div></td>
    <td colspan='5' align='center'>pass</td>
</tr>

<tr id='ft7.5' class='none'>
    <td class='errorCase'><div class='testcase'>test_C618963</div></td>
    <td colspan='5' align='center'>

    <!--css div popup start-->
    <a class="popup_link" onfocus='this.blur();' href="javascript:showTestDetail('div_ft7.5')" >
        error</a>

    <div id='div_ft7.5' class="popup_window">
        <div style='text-align: right; color:red;cursor:pointer'>
        <a onfocus='this.blur();' onclick="document.getElementById('div_ft7.5').style.display = 'none' " >
           [x]</a>
        </div>
        <pre>
        
ft7.5: Traceback (most recent call last):
  File "E:\touchstone_qa\gemstone\Asset_analysis\test_autoscan_fulltest.py", line 22, in test_C618963
    self.project_manager.delete_project(task_name)
  File "E:\touchstone_qa\gemstone\GemstoneLib\page_class.py", line 249, in delete_project
    driver.find_element_by_xpath("//div[@class='project-item-image']").click()
  File "C:\Python27\lib\site-packages\selenium-2.47.1-py2.7.egg\selenium\webdriver\remote\webdriver.py", line 253, in find_element_by_xpath
    return self.find_element(by=By.XPATH, value=xpath)
  File "C:\Python27\lib\site-packages\selenium-2.47.1-py2.7.egg\selenium\webdriver\remote\webdriver.py", line 707, in find_element
    {'using': by, 'value': value})['value']
  File "C:\Python27\lib\site-packages\selenium-2.47.1-py2.7.egg\selenium\webdriver\remote\webdriver.py", line 196, in execute
    self.error_handler.check_response(response)
  File "C:\Python27\lib\site-packages\selenium-2.47.1-py2.7.egg\selenium\webdriver\remote\errorhandler.py", line 181, in check_response
    raise exception_class(message, screen, stacktrace)
NoSuchElementException: Message: no such element: Unable to locate element: {"method":"xpath","selector":"//div[@class='project-item-image']"}
  (Session info: chrome=44.0.2403.107)
  (Driver info: chromedriver=2.19.346078 (6f1f0cde889532d48ce8242342d0b84f94b114a1),platform=Windows NT 10.0 x86_64)



        </pre>
    </div>
    <!--css div popup end-->

    </td>
</tr>

<tr id='ft7.6' class='none'>
    <td class='errorCase'><div class='testcase'>test_C578735</div></td>
    <td colspan='5' align='center'>

    <!--css div popup start-->
    <a class="popup_link" onfocus='this.blur();' href="javascript:showTestDetail('div_ft7.6')" >
        error</a>

    <div id='div_ft7.6' class="popup_window">
        <div style='text-align: right; color:red;cursor:pointer'>
        <a onfocus='this.blur();' onclick="document.getElementById('div_ft7.6').style.display = 'none' " >
           [x]</a>
        </div>
        <pre>
        
ft7.6: Traceback (most recent call last):
  File "E:\touchstone_qa\gemstone\Asset_analysis\test_autoscan_fulltest.py", line 77, in test_C578735
    result = asset.cancel_autoscan(scan_port=para.SCAN_PORT, subnet_ip=para.SCAN_SUBNET)
  File "E:\touchstone_qa\gemstone\GemstoneLib\page_class.py", line 655, in cancel_autoscan
    self.driver.find_element_by_xpath("//input[@name='scanPortIp']").send_keys(scan_port)
  File "C:\Python27\lib\site-packages\selenium-2.47.1-py2.7.egg\selenium\webdriver\remote\webdriver.py", line 253, in find_element_by_xpath
    return self.find_element(by=By.XPATH, value=xpath)
  File "C:\Python27\lib\site-packages\selenium-2.47.1-py2.7.egg\selenium\webdriver\remote\webdriver.py", line 707, in find_element
    {'using': by, 'value': value})['value']
  File "C:\Python27\lib\site-packages\selenium-2.47.1-py2.7.egg\selenium\webdriver\remote\webdriver.py", line 196, in execute
    self.error_handler.check_response(response)
  File "C:\Python27\lib\site-packages\selenium-2.47.1-py2.7.egg\selenium\webdriver\remote\errorhandler.py", line 181, in check_response
    raise exception_class(message, screen, stacktrace)
NoSuchElementException: Message: no such element: Unable to locate element: {"method":"xpath","selector":"//input[@name='scanPortIp']"}
  (Session info: chrome=44.0.2403.107)
  (Driver info: chromedriver=2.19.346078 (6f1f0cde889532d48ce8242342d0b84f94b114a1),platform=Windows NT 10.0 x86_64)



        </pre>
    </div>
    <!--css div popup end-->

    </td>
</tr>

<tr id='pt7.7' class='hiddenRow'>
    <td class='none'><div class='testcase'>test_C683444</div></td>
    <td colspan='5' align='center'>pass</td>
</tr>

<tr id='pt7.8' class='hiddenRow'>
    <td class='none'><div class='testcase'>test_C736391</div></td>
    <td colspan='5' align='center'>pass</td>
</tr>

<tr id='ft7.9' class='none'>
    <td class='failCase'><div class='testcase'>test_C736392</div></td>
    <td colspan='5' align='center'>

    <!--css div popup start-->
    <a class="popup_link" onfocus='this.blur();' href="javascript:showTestDetail('div_ft7.9')" >
        fail</a>

    <div id='div_ft7.9' class="popup_window">
        <div style='text-align: right; color:red;cursor:pointer'>
        <a onfocus='this.blur();' onclick="document.getElementById('div_ft7.9').style.display = 'none' " >
           [x]</a>
        </div>
        <pre>
        
ft7.9: Traceback (most recent call last):
  File "E:\touchstone_qa\gemstone\Asset_analysis\test_autoscan_fulltest.py", line 71, in test_C736392
    self.assertTrue(result)
AssertionError: False is not true


        </pre>
    </div>
    <!--css div popup end-->

    </td>
</tr>

<tr class='passClass'>
    <td>Asset_analysis.test_asset_setup.Test_suite_full</td>
    <td>1</td>
    <td>1</td>
    <td>0</td>
    <td>0</td>
    <td><a href="javascript:showClassDetail('c8',1)">Detail</a></td>
</tr>

<tr id='pt8.1' class='hiddenRow'>
    <td class='none'><div class='testcase'>test_C595354</div></td>
    <td colspan='5' align='center'>pass</td>
</tr>

<tr class='errorClass'>
    <td>Asset_analysis.test_asset_list_fulltest.Test_suite_full</td>
    <td>14</td>
    <td>7</td>
    <td>0</td>
    <td>7</td>
    <td><a href="javascript:showClassDetail('c9',14)">Detail</a></td>
</tr>

<tr id='ft9.1' class='none'>
    <td class='errorCase'><div class='testcase'>test_C571736</div></td>
    <td colspan='5' align='center'>

    <!--css div popup start-->
    <a class="popup_link" onfocus='this.blur();' href="javascript:showTestDetail('div_ft9.1')" >
        error</a>

    <div id='div_ft9.1' class="popup_window">
        <div style='text-align: right; color:red;cursor:pointer'>
        <a onfocus='this.blur();' onclick="document.getElementById('div_ft9.1').style.display = 'none' " >
           [x]</a>
        </div>
        <pre>
        
ft9.1: Traceback (most recent call last):
  File "E:\touchstone_qa\gemstone\Asset_analysis\test_asset_list_fulltest.py", line 19, in test_C571736
    asset.manul_entry()
  File "E:\touchstone_qa\gemstone\GemstoneLib\page_class.py", line 504, in manul_entry
    self.driver.find_element_by_xpath("//button[@ng-click='assetCtrl.startEntry()']")
  File "C:\Python27\lib\site-packages\selenium-2.47.1-py2.7.egg\selenium\webdriver\remote\webdriver.py", line 253, in find_element_by_xpath
    return self.find_element(by=By.XPATH, value=xpath)
  File "C:\Python27\lib\site-packages\selenium-2.47.1-py2.7.egg\selenium\webdriver\remote\webdriver.py", line 707, in find_element
    {'using': by, 'value': value})['value']
  File "C:\Python27\lib\site-packages\selenium-2.47.1-py2.7.egg\selenium\webdriver\remote\webdriver.py", line 196, in execute
    self.error_handler.check_response(response)
  File "C:\Python27\lib\site-packages\selenium-2.47.1-py2.7.egg\selenium\webdriver\remote\errorhandler.py", line 181, in check_response
    raise exception_class(message, screen, stacktrace)
NoSuchElementException: Message: no such element: Unable to locate element: {"method":"xpath","selector":"//button[@ng-click='assetCtrl.startEntry()']"}
  (Session info: chrome=44.0.2403.107)
  (Driver info: chromedriver=2.19.346078 (6f1f0cde889532d48ce8242342d0b84f94b114a1),platform=Windows NT 10.0 x86_64)



        </pre>
    </div>
    <!--css div popup end-->

    </td>
</tr>

<tr id='ft9.2' class='none'>
    <td class='errorCase'><div class='testcase'>test_C571737</div></td>
    <td colspan='5' align='center'>

    <!--css div popup start-->
    <a class="popup_link" onfocus='this.blur();' href="javascript:showTestDetail('div_ft9.2')" >
        error</a>

    <div id='div_ft9.2' class="popup_window">
        <div style='text-align: right; color:red;cursor:pointer'>
        <a onfocus='this.blur();' onclick="document.getElementById('div_ft9.2').style.display = 'none' " >
           [x]</a>
        </div>
        <pre>
        
ft9.2: Traceback (most recent call last):
  File "E:\touchstone_qa\gemstone\Asset_analysis\test_asset_list_fulltest.py", line 35, in test_C571737
    asset.manul_entry()
  File "E:\touchstone_qa\gemstone\GemstoneLib\page_class.py", line 504, in manul_entry
    self.driver.find_element_by_xpath("//button[@ng-click='assetCtrl.startEntry()']")
  File "C:\Python27\lib\site-packages\selenium-2.47.1-py2.7.egg\selenium\webdriver\remote\webdriver.py", line 253, in find_element_by_xpath
    return self.find_element(by=By.XPATH, value=xpath)
  File "C:\Python27\lib\site-packages\selenium-2.47.1-py2.7.egg\selenium\webdriver\remote\webdriver.py", line 707, in find_element
    {'using': by, 'value': value})['value']
  File "C:\Python27\lib\site-packages\selenium-2.47.1-py2.7.egg\selenium\webdriver\remote\webdriver.py", line 196, in execute
    self.error_handler.check_response(response)
  File "C:\Python27\lib\site-packages\selenium-2.47.1-py2.7.egg\selenium\webdriver\remote\errorhandler.py", line 181, in check_response
    raise exception_class(message, screen, stacktrace)
NoSuchElementException: Message: no such element: Unable to locate element: {"method":"xpath","selector":"//button[@ng-click='assetCtrl.startEntry()']"}
  (Session info: chrome=44.0.2403.107)
  (Driver info: chromedriver=2.19.346078 (6f1f0cde889532d48ce8242342d0b84f94b114a1),platform=Windows NT 10.0 x86_64)



        </pre>
    </div>
    <!--css div popup end-->

    </td>
</tr>

<tr id='ft9.3' class='none'>
    <td class='errorCase'><div class='testcase'>test_C736291</div></td>
    <td colspan='5' align='center'>

    <!--css div popup start-->
    <a class="popup_link" onfocus='this.blur();' href="javascript:showTestDetail('div_ft9.3')" >
        error</a>

    <div id='div_ft9.3' class="popup_window">
        <div style='text-align: right; color:red;cursor:pointer'>
        <a onfocus='this.blur();' onclick="document.getElementById('div_ft9.3').style.display = 'none' " >
           [x]</a>
        </div>
        <pre>
        
ft9.3: Traceback (most recent call last):
  File "E:\touchstone_qa\gemstone\Asset_analysis\test_asset_list_fulltest.py", line 61, in test_C736291
    result = asset.get_area_name()
  File "E:\touchstone_qa\gemstone\GemstoneLib\page_class.py", line 528, in get_area_name
    self.find_ele("//div[@class='name' and text()='èµäº§å½å¥è¡¨']")
  File "E:\touchstone_qa\gemstone\GemstoneLib\page_class.py", line 397, in find_ele
    self.driver.find_element_by_xpath(xpath)
  File "C:\Python27\lib\site-packages\selenium-2.47.1-py2.7.egg\selenium\webdriver\remote\webdriver.py", line 253, in find_element_by_xpath
    return self.find_element(by=By.XPATH, value=xpath)
  File "C:\Python27\lib\site-packages\selenium-2.47.1-py2.7.egg\selenium\webdriver\remote\webdriver.py", line 707, in find_element
    {'using': by, 'value': value})['value']
  File "C:\Python27\lib\site-packages\selenium-2.47.1-py2.7.egg\selenium\webdriver\remote\webdriver.py", line 196, in execute
    self.error_handler.check_response(response)
  File "C:\Python27\lib\site-packages\selenium-2.47.1-py2.7.egg\selenium\webdriver\remote\errorhandler.py", line 181, in check_response
    raise exception_class(message, screen, stacktrace)
NoSuchElementException: Message: no such element: Unable to locate element: {"method":"xpath","selector":"//div[@class='name' and text()='\u8d44\u4ea7\u5f55\u5165\u8868']"}
  (Session info: chrome=44.0.2403.107)
  (Driver info: chromedriver=2.19.346078 (6f1f0cde889532d48ce8242342d0b84f94b114a1),platform=Windows NT 10.0 x86_64)



        </pre>
    </div>
    <!--css div popup end-->

    </td>
</tr>

<tr id='ft9.4' class='none'>
    <td class='errorCase'><div class='testcase'>test_C581269</div></td>
    <td colspan='5' align='center'>

    <!--css div popup start-->
    <a class="popup_link" onfocus='this.blur();' href="javascript:showTestDetail('div_ft9.4')" >
        error</a>

    <div id='div_ft9.4' class="popup_window">
        <div style='text-align: right; color:red;cursor:pointer'>
        <a onfocus='this.blur();' onclick="document.getElementById('div_ft9.4').style.display = 'none' " >
           [x]</a>
        </div>
        <pre>
        
ft9.4: Traceback (most recent call last):
  File "E:\touchstone_qa\gemstone\Asset_analysis\test_asset_list_fulltest.py", line 81, in test_C581269
    self.project_manager.delete_project(task_name)
  File "E:\touchstone_qa\gemstone\GemstoneLib\page_class.py", line 245, in delete_project
    driver.find_element_by_xpath("//input[@placeholder='æç´¢']").send_keys(project_name)
  File "C:\Python27\lib\site-packages\selenium-2.47.1-py2.7.egg\selenium\webdriver\remote\webdriver.py", line 253, in find_element_by_xpath
    return self.find_element(by=By.XPATH, value=xpath)
  File "C:\Python27\lib\site-packages\selenium-2.47.1-py2.7.egg\selenium\webdriver\remote\webdriver.py", line 707, in find_element
    {'using': by, 'value': value})['value']
  File "C:\Python27\lib\site-packages\selenium-2.47.1-py2.7.egg\selenium\webdriver\remote\webdriver.py", line 196, in execute
    self.error_handler.check_response(response)
  File "C:\Python27\lib\site-packages\selenium-2.47.1-py2.7.egg\selenium\webdriver\remote\errorhandler.py", line 181, in check_response
    raise exception_class(message, screen, stacktrace)
NoSuchElementException: Message: no such element: Unable to locate element: {"method":"xpath","selector":"//input[@placeholder='\u641c\u7d22']"}
  (Session info: chrome=44.0.2403.107)
  (Driver info: chromedriver=2.19.346078 (6f1f0cde889532d48ce8242342d0b84f94b114a1),platform=Windows NT 10.0 x86_64)



        </pre>
    </div>
    <!--css div popup end-->

    </td>
</tr>

<tr id='pt9.5' class='hiddenRow'>
    <td class='none'><div class='testcase'>test_C617738</div></td>
    <td colspan='5' align='center'>pass</td>
</tr>

<tr id='pt9.6' class='hiddenRow'>
    <td class='none'><div class='testcase'>test_C618006</div></td>
    <td colspan='5' align='center'>pass</td>
</tr>

<tr id='ft9.7' class='none'>
    <td class='errorCase'><div class='testcase'>test_C618040</div></td>
    <td colspan='5' align='center'>

    <!--css div popup start-->
    <a class="popup_link" onfocus='this.blur();' href="javascript:showTestDetail('div_ft9.7')" >
        error</a>

    <div id='div_ft9.7' class="popup_window">
        <div style='text-align: right; color:red;cursor:pointer'>
        <a onfocus='this.blur();' onclick="document.getElementById('div_ft9.7').style.display = 'none' " >
           [x]</a>
        </div>
        <pre>
        
ft9.7: Traceback (most recent call last):
  File "E:\touchstone_qa\gemstone\Asset_analysis\test_asset_list_fulltest.py", line 122, in test_C618040
    asset.calculate_score()
  File "E:\touchstone_qa\gemstone\GemstoneLib\page_class.py", line 1105, in calculate_score
    self.find_ele("//button[contains(@ng-click,'calculateScore') and contains(.,'è®¡ç®å¨èè¯å')]")
  File "E:\touchstone_qa\gemstone\GemstoneLib\page_class.py", line 397, in find_ele
    self.driver.find_element_by_xpath(xpath)
  File "C:\Python27\lib\site-packages\selenium-2.47.1-py2.7.egg\selenium\webdriver\remote\webdriver.py", line 253, in find_element_by_xpath
    return self.find_element(by=By.XPATH, value=xpath)
  File "C:\Python27\lib\site-packages\selenium-2.47.1-py2.7.egg\selenium\webdriver\remote\webdriver.py", line 707, in find_element
    {'using': by, 'value': value})['value']
  File "C:\Python27\lib\site-packages\selenium-2.47.1-py2.7.egg\selenium\webdriver\remote\webdriver.py", line 196, in execute
    self.error_handler.check_response(response)
  File "C:\Python27\lib\site-packages\selenium-2.47.1-py2.7.egg\selenium\webdriver\remote\errorhandler.py", line 181, in check_response
    raise exception_class(message, screen, stacktrace)
NoSuchElementException: Message: no such element: Unable to locate element: {"method":"xpath","selector":"//button[contains(@ng-click,'calculateScore') and contains(.,'\u8ba1\u7b97\u5a01\u80c1\u8bc4\u5206')]"}
  (Session info: chrome=44.0.2403.107)
  (Driver info: chromedriver=2.19.346078 (6f1f0cde889532d48ce8242342d0b84f94b114a1),platform=Windows NT 10.0 x86_64)



        </pre>
    </div>
    <!--css div popup end-->

    </td>
</tr>

<tr id='ft9.8' class='none'>
    <td class='errorCase'><div class='testcase'>test_C618911</div></td>
    <td colspan='5' align='center'>

    <!--css div popup start-->
    <a class="popup_link" onfocus='this.blur();' href="javascript:showTestDetail('div_ft9.8')" >
        error</a>

    <div id='div_ft9.8' class="popup_window">
        <div style='text-align: right; color:red;cursor:pointer'>
        <a onfocus='this.blur();' onclick="document.getElementById('div_ft9.8').style.display = 'none' " >
           [x]</a>
        </div>
        <pre>
        
ft9.8: Traceback (most recent call last):
  File "E:\touchstone_qa\gemstone\Asset_analysis\test_asset_list_fulltest.py", line 144, in test_C618911
    self.project_manager.delete_project(task_name)
  File "E:\touchstone_qa\gemstone\GemstoneLib\page_class.py", line 249, in delete_project
    driver.find_element_by_xpath("//div[@class='project-item-image']").click()
  File "C:\Python27\lib\site-packages\selenium-2.47.1-py2.7.egg\selenium\webdriver\remote\webdriver.py", line 253, in find_element_by_xpath
    return self.find_element(by=By.XPATH, value=xpath)
  File "C:\Python27\lib\site-packages\selenium-2.47.1-py2.7.egg\selenium\webdriver\remote\webdriver.py", line 707, in find_element
    {'using': by, 'value': value})['value']
  File "C:\Python27\lib\site-packages\selenium-2.47.1-py2.7.egg\selenium\webdriver\remote\webdriver.py", line 196, in execute
    self.error_handler.check_response(response)
  File "C:\Python27\lib\site-packages\selenium-2.47.1-py2.7.egg\selenium\webdriver\remote\errorhandler.py", line 181, in check_response
    raise exception_class(message, screen, stacktrace)
NoSuchElementException: Message: no such element: Unable to locate element: {"method":"xpath","selector":"//div[@class='project-item-image']"}
  (Session info: chrome=44.0.2403.107)
  (Driver info: chromedriver=2.19.346078 (6f1f0cde889532d48ce8242342d0b84f94b114a1),platform=Windows NT 10.0 x86_64)



        </pre>
    </div>
    <!--css div popup end-->

    </td>
</tr>

<tr id='ft9.9' class='none'>
    <td class='errorCase'><div class='testcase'>test_C618962</div></td>
    <td colspan='5' align='center'>

    <!--css div popup start-->
    <a class="popup_link" onfocus='this.blur();' href="javascript:showTestDetail('div_ft9.9')" >
        error</a>

    <div id='div_ft9.9' class="popup_window">
        <div style='text-align: right; color:red;cursor:pointer'>
        <a onfocus='this.blur();' onclick="document.getElementById('div_ft9.9').style.display = 'none' " >
           [x]</a>
        </div>
        <pre>
        
ft9.9: Traceback (most recent call last):
  File "E:\touchstone_qa\gemstone\Asset_analysis\test_asset_list_fulltest.py", line 153, in test_C618962
    asset.go_back()
  File "E:\touchstone_qa\gemstone\GemstoneLib\page_class.py", line 1118, in go_back
    self.find_ele("//span[text()='è¿å']")
  File "E:\touchstone_qa\gemstone\GemstoneLib\page_class.py", line 397, in find_ele
    self.driver.find_element_by_xpath(xpath)
  File "C:\Python27\lib\site-packages\selenium-2.47.1-py2.7.egg\selenium\webdriver\remote\webdriver.py", line 253, in find_element_by_xpath
    return self.find_element(by=By.XPATH, value=xpath)
  File "C:\Python27\lib\site-packages\selenium-2.47.1-py2.7.egg\selenium\webdriver\remote\webdriver.py", line 707, in find_element
    {'using': by, 'value': value})['value']
  File "C:\Python27\lib\site-packages\selenium-2.47.1-py2.7.egg\selenium\webdriver\remote\webdriver.py", line 196, in execute
    self.error_handler.check_response(response)
  File "C:\Python27\lib\site-packages\selenium-2.47.1-py2.7.egg\selenium\webdriver\remote\errorhandler.py", line 181, in check_response
    raise exception_class(message, screen, stacktrace)
NoSuchElementException: Message: no such element: Unable to locate element: {"method":"xpath","selector":"//span[text()='\u8fd4\u56de']"}
  (Session info: chrome=44.0.2403.107)
  (Driver info: chromedriver=2.19.346078 (6f1f0cde889532d48ce8242342d0b84f94b114a1),platform=Windows NT 10.0 x86_64)



        </pre>
    </div>
    <!--css div popup end-->

    </td>
</tr>

<tr id='pt9.10' class='hiddenRow'>
    <td class='none'><div class='testcase'>test_C595361</div></td>
    <td colspan='5' align='center'>pass</td>
</tr>

<tr id='pt9.11' class='hiddenRow'>
    <td class='none'><div class='testcase'>test_C618004</div></td>
    <td colspan='5' align='center'>pass</td>
</tr>

<tr id='pt9.12' class='hiddenRow'>
    <td class='none'><div class='testcase'>test_C622927</div></td>
    <td colspan='5' align='center'>pass</td>
</tr>

<tr id='pt9.13' class='hiddenRow'>
    <td class='none'><div class='testcase'>test_C639820</div></td>
    <td colspan='5' align='center'>pass</td>
</tr>

<tr id='pt9.14' class='hiddenRow'>
    <td class='none'><div class='testcase'>test_C736268</div></td>
    <td colspan='5' align='center'>

    <!--css div popup start-->
    <a class="popup_link" onfocus='this.blur();' href="javascript:showTestDetail('div_pt9.14')" >
        pass</a>

    <div id='div_pt9.14' class="popup_window">
        <div style='text-align: right; color:red;cursor:pointer'>
        <a onfocus='this.blur();' onclick="document.getElementById('div_pt9.14').style.display = 'none' " >
           [x]</a>
        </div>
        <pre>
        
pt9.14: True True True


        </pre>
    </div>
    <!--css div popup end-->

    </td>
</tr>

<tr class='errorClass'>
    <td>Asset_analysis.test_asset_GA1_2.Test_suite_1</td>
    <td>7</td>
    <td>5</td>
    <td>1</td>
    <td>1</td>
    <td><a href="javascript:showClassDetail('c10',7)">Detail</a></td>
</tr>

<tr id='pt10.1' class='hiddenRow'>
    <td class='none'><div class='testcase'>test_C707252</div></td>
    <td colspan='5' align='center'>pass</td>
</tr>

<tr id='pt10.2' class='hiddenRow'>
    <td class='none'><div class='testcase'>test_C707303</div></td>
    <td colspan='5' align='center'>pass</td>
</tr>

<tr id='pt10.3' class='hiddenRow'>
    <td class='none'><div class='testcase'>test_C707345</div></td>
    <td colspan='5' align='center'>

    <!--css div popup start-->
    <a class="popup_link" onfocus='this.blur();' href="javascript:showTestDetail('div_pt10.3')" >
        pass</a>

    <div id='div_pt10.3' class="popup_window">
        <div style='text-align: right; color:red;cursor:pointer'>
        <a onfocus='this.blur();' onclick="document.getElementById('div_pt10.3').style.display = 'none' " >
           [x]</a>
        </div>
        <pre>
        
pt10.3: True True False


        </pre>
    </div>
    <!--css div popup end-->

    </td>
</tr>

<tr id='ft10.4' class='none'>
    <td class='failCase'><div class='testcase'>test_C777606</div></td>
    <td colspan='5' align='center'>

    <!--css div popup start-->
    <a class="popup_link" onfocus='this.blur();' href="javascript:showTestDetail('div_ft10.4')" >
        fail</a>

    <div id='div_ft10.4' class="popup_window">
        <div style='text-align: right; color:red;cursor:pointer'>
        <a onfocus='this.blur();' onclick="document.getElementById('div_ft10.4').style.display = 'none' " >
           [x]</a>
        </div>
        <pre>
        
ft10.4: Traceback (most recent call last):
  File "E:\touchstone_qa\gemstone\Asset_analysis\test_asset_GA1_2.py", line 71, in test_C777606
    self.assertTrue(res)
AssertionError: False is not true


        </pre>
    </div>
    <!--css div popup end-->

    </td>
</tr>

<tr id='pt10.5' class='hiddenRow'>
    <td class='none'><div class='testcase'>test_C777615</div></td>
    <td colspan='5' align='center'>pass</td>
</tr>

<tr id='ft10.6' class='none'>
    <td class='errorCase'><div class='testcase'>test_C784151</div></td>
    <td colspan='5' align='center'>

    <!--css div popup start-->
    <a class="popup_link" onfocus='this.blur();' href="javascript:showTestDetail('div_ft10.6')" >
        error</a>

    <div id='div_ft10.6' class="popup_window">
        <div style='text-align: right; color:red;cursor:pointer'>
        <a onfocus='this.blur();' onclick="document.getElementById('div_ft10.6').style.display = 'none' " >
           [x]</a>
        </div>
        <pre>
        
ft10.6: Traceback (most recent call last):
  File "E:\touchstone_qa\gemstone\Asset_analysis\test_asset_GA1_2.py", line 100, in test_C784151
    self.project_manager.delete_project(task_name)
  File "E:\touchstone_qa\gemstone\GemstoneLib\page_class.py", line 249, in delete_project
    driver.find_element_by_xpath("//div[@class='project-item-image']").click()
  File "C:\Python27\lib\site-packages\selenium-2.47.1-py2.7.egg\selenium\webdriver\remote\webdriver.py", line 253, in find_element_by_xpath
    return self.find_element(by=By.XPATH, value=xpath)
  File "C:\Python27\lib\site-packages\selenium-2.47.1-py2.7.egg\selenium\webdriver\remote\webdriver.py", line 707, in find_element
    {'using': by, 'value': value})['value']
  File "C:\Python27\lib\site-packages\selenium-2.47.1-py2.7.egg\selenium\webdriver\remote\webdriver.py", line 196, in execute
    self.error_handler.check_response(response)
  File "C:\Python27\lib\site-packages\selenium-2.47.1-py2.7.egg\selenium\webdriver\remote\errorhandler.py", line 181, in check_response
    raise exception_class(message, screen, stacktrace)
NoSuchElementException: Message: no such element: Unable to locate element: {"method":"xpath","selector":"//div[@class='project-item-image']"}
  (Session info: chrome=44.0.2403.107)
  (Driver info: chromedriver=2.19.346078 (6f1f0cde889532d48ce8242342d0b84f94b114a1),platform=Windows NT 10.0 x86_64)



        </pre>
    </div>
    <!--css div popup end-->

    </td>
</tr>

<tr id='pt10.7' class='hiddenRow'>
    <td class='none'><div class='testcase'>test_C784156</div></td>
    <td colspan='5' align='center'>pass</td>
</tr>

<tr class='errorClass'>
    <td>Asset_analysis.test_score_overview.Test_suite_full</td>
    <td>6</td>
    <td>4</td>
    <td>0</td>
    <td>2</td>
    <td><a href="javascript:showClassDetail('c11',6)">Detail</a></td>
</tr>

<tr id='ft11.1' class='none'>
    <td class='errorCase'><div class='testcase'>test_C590626</div></td>
    <td colspan='5' align='center'>

    <!--css div popup start-->
    <a class="popup_link" onfocus='this.blur();' href="javascript:showTestDetail('div_ft11.1')" >
        error</a>

    <div id='div_ft11.1' class="popup_window">
        <div style='text-align: right; color:red;cursor:pointer'>
        <a onfocus='this.blur();' onclick="document.getElementById('div_ft11.1').style.display = 'none' " >
           [x]</a>
        </div>
        <pre>
        
ft11.1: Traceback (most recent call last):
  File "E:\touchstone_qa\gemstone\Asset_analysis\test_score_overview.py", line 79, in test_C590626
    asset.go_back()
  File "E:\touchstone_qa\gemstone\GemstoneLib\page_class.py", line 1118, in go_back
    self.find_ele("//span[text()='è¿å']")
  File "E:\touchstone_qa\gemstone\GemstoneLib\page_class.py", line 397, in find_ele
    self.driver.find_element_by_xpath(xpath)
  File "C:\Python27\lib\site-packages\selenium-2.47.1-py2.7.egg\selenium\webdriver\remote\webdriver.py", line 253, in find_element_by_xpath
    return self.find_element(by=By.XPATH, value=xpath)
  File "C:\Python27\lib\site-packages\selenium-2.47.1-py2.7.egg\selenium\webdriver\remote\webdriver.py", line 707, in find_element
    {'using': by, 'value': value})['value']
  File "C:\Python27\lib\site-packages\selenium-2.47.1-py2.7.egg\selenium\webdriver\remote\webdriver.py", line 196, in execute
    self.error_handler.check_response(response)
  File "C:\Python27\lib\site-packages\selenium-2.47.1-py2.7.egg\selenium\webdriver\remote\errorhandler.py", line 181, in check_response
    raise exception_class(message, screen, stacktrace)
NoSuchElementException: Message: no such element: Unable to locate element: {"method":"xpath","selector":"//span[text()='\u8fd4\u56de']"}
  (Session info: chrome=44.0.2403.107)
  (Driver info: chromedriver=2.19.346078 (6f1f0cde889532d48ce8242342d0b84f94b114a1),platform=Windows NT 10.0 x86_64)



        </pre>
    </div>
    <!--css div popup end-->

    </td>
</tr>

<tr id='pt11.2' class='hiddenRow'>
    <td class='none'><div class='testcase'>test_C603385</div></td>
    <td colspan='5' align='center'>pass</td>
</tr>

<tr id='pt11.3' class='hiddenRow'>
    <td class='none'><div class='testcase'>test_C618003</div></td>
    <td colspan='5' align='center'>pass</td>
</tr>

<tr id='pt11.4' class='hiddenRow'>
    <td class='none'><div class='testcase'>test_C602492</div></td>
    <td colspan='5' align='center'>pass</td>
</tr>

<tr id='ft11.5' class='none'>
    <td class='errorCase'><div class='testcase'>test_C618948</div></td>
    <td colspan='5' align='center'>

    <!--css div popup start-->
    <a class="popup_link" onfocus='this.blur();' href="javascript:showTestDetail('div_ft11.5')" >
        error</a>

    <div id='div_ft11.5' class="popup_window">
        <div style='text-align: right; color:red;cursor:pointer'>
        <a onfocus='this.blur();' onclick="document.getElementById('div_ft11.5').style.display = 'none' " >
           [x]</a>
        </div>
        <pre>
        
ft11.5: Traceback (most recent call last):
  File "E:\touchstone_qa\gemstone\Asset_analysis\test_score_overview.py", line 105, in test_C618948
    score1 = asset.get_score_in_topology()
  File "E:\touchstone_qa\gemstone\GemstoneLib\page_class.py", line 1187, in get_score_in_topology
    self.find_ele("//span[@class='small' and text()='æ«æç½æ®µï¼ ']")
  File "E:\touchstone_qa\gemstone\GemstoneLib\page_class.py", line 397, in find_ele
    self.driver.find_element_by_xpath(xpath)
  File "C:\Python27\lib\site-packages\selenium-2.47.1-py2.7.egg\selenium\webdriver\remote\webdriver.py", line 253, in find_element_by_xpath
    return self.find_element(by=By.XPATH, value=xpath)
  File "C:\Python27\lib\site-packages\selenium-2.47.1-py2.7.egg\selenium\webdriver\remote\webdriver.py", line 707, in find_element
    {'using': by, 'value': value})['value']
  File "C:\Python27\lib\site-packages\selenium-2.47.1-py2.7.egg\selenium\webdriver\remote\webdriver.py", line 196, in execute
    self.error_handler.check_response(response)
  File "C:\Python27\lib\site-packages\selenium-2.47.1-py2.7.egg\selenium\webdriver\remote\errorhandler.py", line 181, in check_response
    raise exception_class(message, screen, stacktrace)
NoSuchElementException: Message: no such element: Unable to locate element: {"method":"xpath","selector":"//span[@class='small' and text()='\u626b\u63cf\u7f51\u6bb5\uff1a ']"}
  (Session info: chrome=44.0.2403.107)
  (Driver info: chromedriver=2.19.346078 (6f1f0cde889532d48ce8242342d0b84f94b114a1),platform=Windows NT 10.0 x86_64)



        </pre>
    </div>
    <!--css div popup end-->

    </td>
</tr>

<tr id='pt11.6' class='hiddenRow'>
    <td class='none'><div class='testcase'>test_C640906</div></td>
    <td colspan='5' align='center'>pass</td>
</tr>

<tr class='errorClass'>
    <td>Asset_analysis.test_topology_fulltest.Test_suite_1</td>
    <td>5</td>
    <td>2</td>
    <td>0</td>
    <td>3</td>
    <td><a href="javascript:showClassDetail('c12',5)">Detail</a></td>
</tr>

<tr id='ft12.1' class='none'>
    <td class='errorCase'><div class='testcase'>test_C588247</div></td>
    <td colspan='5' align='center'>

    <!--css div popup start-->
    <a class="popup_link" onfocus='this.blur();' href="javascript:showTestDetail('div_ft12.1')" >
        error</a>

    <div id='div_ft12.1' class="popup_window">
        <div style='text-align: right; color:red;cursor:pointer'>
        <a onfocus='this.blur();' onclick="document.getElementById('div_ft12.1').style.display = 'none' " >
           [x]</a>
        </div>
        <pre>
        
ft12.1: Traceback (most recent call last):
  File "E:\touchstone_qa\gemstone\Asset_analysis\test_topology_fulltest.py", line 80, in test_C588247
    asset.auto_entry(scan_port=para.SCAN_PORT, ip_address=para.SCAN_SUBNET)
  File "E:\touchstone_qa\gemstone\GemstoneLib\page_class.py", line 520, in auto_entry
    self.driver.find_element_by_xpath("//input[@name='scanPortIp']").click()
  File "C:\Python27\lib\site-packages\selenium-2.47.1-py2.7.egg\selenium\webdriver\remote\webdriver.py", line 253, in find_element_by_xpath
    return self.find_element(by=By.XPATH, value=xpath)
  File "C:\Python27\lib\site-packages\selenium-2.47.1-py2.7.egg\selenium\webdriver\remote\webdriver.py", line 707, in find_element
    {'using': by, 'value': value})['value']
  File "C:\Python27\lib\site-packages\selenium-2.47.1-py2.7.egg\selenium\webdriver\remote\webdriver.py", line 196, in execute
    self.error_handler.check_response(response)
  File "C:\Python27\lib\site-packages\selenium-2.47.1-py2.7.egg\selenium\webdriver\remote\errorhandler.py", line 181, in check_response
    raise exception_class(message, screen, stacktrace)
NoSuchElementException: Message: no such element: Unable to locate element: {"method":"xpath","selector":"//input[@name='scanPortIp']"}
  (Session info: chrome=44.0.2403.107)
  (Driver info: chromedriver=2.19.346078 (6f1f0cde889532d48ce8242342d0b84f94b114a1),platform=Windows NT 10.0 x86_64)



        </pre>
    </div>
    <!--css div popup end-->

    </td>
</tr>

<tr id='ft12.2' class='none'>
    <td class='errorCase'><div class='testcase'>test_C618050</div></td>
    <td colspan='5' align='center'>

    <!--css div popup start-->
    <a class="popup_link" onfocus='this.blur();' href="javascript:showTestDetail('div_ft12.2')" >
        error</a>

    <div id='div_ft12.2' class="popup_window">
        <div style='text-align: right; color:red;cursor:pointer'>
        <a onfocus='this.blur();' onclick="document.getElementById('div_ft12.2').style.display = 'none' " >
           [x]</a>
        </div>
        <pre>
        
ft12.2: Traceback (most recent call last):
  File "E:\touchstone_qa\gemstone\Asset_analysis\test_topology_fulltest.py", line 23, in test_C618050
    asset.auto_entry(scan_port=para.SCAN_PORT, ip_address=invaild_ip)
  File "E:\touchstone_qa\gemstone\GemstoneLib\page_class.py", line 520, in auto_entry
    self.driver.find_element_by_xpath("//input[@name='scanPortIp']").click()
  File "C:\Python27\lib\site-packages\selenium-2.47.1-py2.7.egg\selenium\webdriver\remote\webdriver.py", line 253, in find_element_by_xpath
    return self.find_element(by=By.XPATH, value=xpath)
  File "C:\Python27\lib\site-packages\selenium-2.47.1-py2.7.egg\selenium\webdriver\remote\webdriver.py", line 707, in find_element
    {'using': by, 'value': value})['value']
  File "C:\Python27\lib\site-packages\selenium-2.47.1-py2.7.egg\selenium\webdriver\remote\webdriver.py", line 196, in execute
    self.error_handler.check_response(response)
  File "C:\Python27\lib\site-packages\selenium-2.47.1-py2.7.egg\selenium\webdriver\remote\errorhandler.py", line 181, in check_response
    raise exception_class(message, screen, stacktrace)
NoSuchElementException: Message: no such element: Unable to locate element: {"method":"xpath","selector":"//input[@name='scanPortIp']"}
  (Session info: chrome=44.0.2403.107)
  (Driver info: chromedriver=2.19.346078 (6f1f0cde889532d48ce8242342d0b84f94b114a1),platform=Windows NT 10.0 x86_64)



        </pre>
    </div>
    <!--css div popup end-->

    </td>
</tr>

<tr id='ft12.3' class='none'>
    <td class='errorCase'><div class='testcase'>test_C618912</div></td>
    <td colspan='5' align='center'>

    <!--css div popup start-->
    <a class="popup_link" onfocus='this.blur();' href="javascript:showTestDetail('div_ft12.3')" >
        error</a>

    <div id='div_ft12.3' class="popup_window">
        <div style='text-align: right; color:red;cursor:pointer'>
        <a onfocus='this.blur();' onclick="document.getElementById('div_ft12.3').style.display = 'none' " >
           [x]</a>
        </div>
        <pre>
        
ft12.3: Traceback (most recent call last):
  File "E:\touchstone_qa\gemstone\Asset_analysis\test_topology_fulltest.py", line 41, in test_C618912
    subnet = asset.get_subnet_in_topology()
  File "E:\touchstone_qa\gemstone\GemstoneLib\page_class.py", line 1152, in get_subnet_in_topology
    self.find_ele("//span[@class='small' and text()='æ«æç½æ®µï¼ ']")
  File "E:\touchstone_qa\gemstone\GemstoneLib\page_class.py", line 397, in find_ele
    self.driver.find_element_by_xpath(xpath)
  File "C:\Python27\lib\site-packages\selenium-2.47.1-py2.7.egg\selenium\webdriver\remote\webdriver.py", line 253, in find_element_by_xpath
    return self.find_element(by=By.XPATH, value=xpath)
  File "C:\Python27\lib\site-packages\selenium-2.47.1-py2.7.egg\selenium\webdriver\remote\webdriver.py", line 707, in find_element
    {'using': by, 'value': value})['value']
  File "C:\Python27\lib\site-packages\selenium-2.47.1-py2.7.egg\selenium\webdriver\remote\webdriver.py", line 196, in execute
    self.error_handler.check_response(response)
  File "C:\Python27\lib\site-packages\selenium-2.47.1-py2.7.egg\selenium\webdriver\remote\errorhandler.py", line 181, in check_response
    raise exception_class(message, screen, stacktrace)
NoSuchElementException: Message: no such element: Unable to locate element: {"method":"xpath","selector":"//span[@class='small' and text()='\u626b\u63cf\u7f51\u6bb5\uff1a ']"}
  (Session info: chrome=44.0.2403.107)
  (Driver info: chromedriver=2.19.346078 (6f1f0cde889532d48ce8242342d0b84f94b114a1),platform=Windows NT 10.0 x86_64)



        </pre>
    </div>
    <!--css div popup end-->

    </td>
</tr>

<tr id='pt12.4' class='hiddenRow'>
    <td class='none'><div class='testcase'>test_C618915</div></td>
    <td colspan='5' align='center'>pass</td>
</tr>

<tr id='pt12.5' class='hiddenRow'>
    <td class='none'><div class='testcase'>test_C571725</div></td>
    <td colspan='5' align='center'>pass</td>
</tr>

<tr class='passClass'>
    <td>Threat_analysis.test_threat_fulltest.Test_suite_threat_full</td>
    <td>16</td>
    <td>16</td>
    <td>0</td>
    <td>0</td>
    <td><a href="javascript:showClassDetail('c13',16)">Detail</a></td>
</tr>

<tr id='pt13.1' class='hiddenRow'>
    <td class='none'><div class='testcase'>test_C640237</div></td>
    <td colspan='5' align='center'>pass</td>
</tr>

<tr id='pt13.2' class='hiddenRow'>
    <td class='none'><div class='testcase'>test_C736410</div></td>
    <td colspan='5' align='center'>pass</td>
</tr>

<tr id='pt13.3' class='hiddenRow'>
    <td class='none'><div class='testcase'>test_C619023</div></td>
    <td colspan='5' align='center'>pass</td>
</tr>

<tr id='pt13.4' class='hiddenRow'>
    <td class='none'><div class='testcase'>test_C571692</div></td>
    <td colspan='5' align='center'>pass</td>
</tr>

<tr id='pt13.5' class='hiddenRow'>
    <td class='none'><div class='testcase'>test_C571693</div></td>
    <td colspan='5' align='center'>pass</td>
</tr>

<tr id='pt13.6' class='hiddenRow'>
    <td class='none'><div class='testcase'>test_C571697</div></td>
    <td colspan='5' align='center'>

    <!--css div popup start-->
    <a class="popup_link" onfocus='this.blur();' href="javascript:showTestDetail('div_pt13.6')" >
        pass</a>

    <div id='div_pt13.6' class="popup_window">
        <div style='text-align: right; color:red;cursor:pointer'>
        <a onfocus='this.blur();' onclick="document.getElementById('div_pt13.6').style.display = 'none' " >
           [x]</a>
        </div>
        <pre>
        
pt13.6: True True True


        </pre>
    </div>
    <!--css div popup end-->

    </td>
</tr>

<tr id='pt13.7' class='hiddenRow'>
    <td class='none'><div class='testcase'>test_C578736</div></td>
    <td colspan='5' align='center'>pass</td>
</tr>

<tr id='pt13.8' class='hiddenRow'>
    <td class='none'><div class='testcase'>test_C619025</div></td>
    <td colspan='5' align='center'>

    <!--css div popup start-->
    <a class="popup_link" onfocus='this.blur();' href="javascript:showTestDetail('div_pt13.8')" >
        pass</a>

    <div id='div_pt13.8' class="popup_window">
        <div style='text-align: right; color:red;cursor:pointer'>
        <a onfocus='this.blur();' onclick="document.getElementById('div_pt13.8').style.display = 'none' " >
           [x]</a>
        </div>
        <pre>
        
pt13.8: 2016-06-03 "\u4e0a\u6b21\u66f4\u65b0:2016-06-03"


        </pre>
    </div>
    <!--css div popup end-->

    </td>
</tr>

<tr id='pt13.9' class='hiddenRow'>
    <td class='none'><div class='testcase'>test_C736412</div></td>
    <td colspan='5' align='center'>pass</td>
</tr>

<tr id='pt13.10' class='hiddenRow'>
    <td class='none'><div class='testcase'>test_C736413</div></td>
    <td colspan='5' align='center'>pass</td>
</tr>

<tr id='pt13.11' class='hiddenRow'>
    <td class='none'><div class='testcase'>test_C736414</div></td>
    <td colspan='5' align='center'>pass</td>
</tr>

<tr id='pt13.12' class='hiddenRow'>
    <td class='none'><div class='testcase'>test_C618943</div></td>
    <td colspan='5' align='center'>

    <!--css div popup start-->
    <a class="popup_link" onfocus='this.blur();' href="javascript:showTestDetail('div_pt13.12')" >
        pass</a>

    <div id='div_pt13.12' class="popup_window">
        <div style='text-align: right; color:red;cursor:pointer'>
        <a onfocus='this.blur();' onclick="document.getElementById('div_pt13.12').style.display = 'none' " >
           [x]</a>
        </div>
        <pre>
        
pt13.12: \u672c\u5957\u5a01\u80c1\u5206\u6790\u6807\u51c6\u6839\u636e \u56fd\u80fd\u5b89\u516836\u53f7\u6587 \u7535\u529b\u76d1\u63a7\u7cfb\u7edf\u5b89\u5168\u9632\u62a4\u8bc4\u4f30\u89c4\u8303\u7684\u76f8\u5173\u8981\u6c42\u6574\u7406\uff0c\u9002\u7528\u4e8e\u5404\u7535\u529b\u4f01\u4e1a\u7535\u529b\u76d1\u63a7\u7cfb\u7edf\u7684\u5b89\u5168\u9632\u62a4\u8bc4\u4f30\u5de5\u4f5c\u3002


        </pre>
    </div>
    <!--css div popup end-->

    </td>
</tr>

<tr id='pt13.13' class='hiddenRow'>
    <td class='none'><div class='testcase'>test_C571702</div></td>
    <td colspan='5' align='center'>pass</td>
</tr>

<tr id='pt13.14' class='hiddenRow'>
    <td class='none'><div class='testcase'>test_C610560</div></td>
    <td colspan='5' align='center'>pass</td>
</tr>

<tr id='pt13.15' class='hiddenRow'>
    <td class='none'><div class='testcase'>test_C571699</div></td>
    <td colspan='5' align='center'>pass</td>
</tr>

<tr id='pt13.16' class='hiddenRow'>
    <td class='none'><div class='testcase'>test_C618037</div></td>
    <td colspan='5' align='center'>pass</td>
</tr>

<tr class='passClass'>
    <td>Threat_analysis.test_threat_analysis.Test_suite_adds_functionality</td>
    <td>5</td>
    <td>5</td>
    <td>0</td>
    <td>0</td>
    <td><a href="javascript:showClassDetail('c14',5)">Detail</a></td>
</tr>

<tr id='pt14.1' class='hiddenRow'>
    <td class='none'><div class='testcase'>test_C640888</div></td>
    <td colspan='5' align='center'>pass</td>
</tr>

<tr id='pt14.2' class='hiddenRow'>
    <td class='none'><div class='testcase'>test_C618009</div></td>
    <td colspan='5' align='center'>pass</td>
</tr>

<tr id='pt14.3' class='hiddenRow'>
    <td class='none'><div class='testcase'>test_C571705</div></td>
    <td colspan='5' align='center'>pass</td>
</tr>

<tr id='pt14.4' class='hiddenRow'>
    <td class='none'><div class='testcase'>test_C571703</div></td>
    <td colspan='5' align='center'>pass</td>
</tr>

<tr id='pt14.5' class='hiddenRow'>
    <td class='none'><div class='testcase'>test_C571704</div></td>
    <td colspan='5' align='center'>pass</td>
</tr>

<tr class='passClass'>
    <td>Threat_analysis.test_threat_GA1_2.Test_suite_adds_functionality</td>
    <td>13</td>
    <td>13</td>
    <td>0</td>
    <td>0</td>
    <td><a href="javascript:showClassDetail('c15',13)">Detail</a></td>
</tr>

<tr id='pt15.1' class='hiddenRow'>
    <td class='none'><div class='testcase'>test_C747330</div></td>
    <td colspan='5' align='center'>

    <!--css div popup start-->
    <a class="popup_link" onfocus='this.blur();' href="javascript:showTestDetail('div_pt15.1')" >
        pass</a>

    <div id='div_pt15.1' class="popup_window">
        <div style='text-align: right; color:red;cursor:pointer'>
        <a onfocus='this.blur();' onclick="document.getElementById('div_pt15.1').style.display = 'none' " >
           [x]</a>
        </div>
        <pre>
        
pt15.1: 未达标


        </pre>
    </div>
    <!--css div popup end-->

    </td>
</tr>

<tr id='pt15.2' class='hiddenRow'>
    <td class='none'><div class='testcase'>test_C747331</div></td>
    <td colspan='5' align='center'>

    <!--css div popup start-->
    <a class="popup_link" onfocus='this.blur();' href="javascript:showTestDetail('div_pt15.2')" >
        pass</a>

    <div id='div_pt15.2' class="popup_window">
        <div style='text-align: right; color:red;cursor:pointer'>
        <a onfocus='this.blur();' onclick="document.getElementById('div_pt15.2').style.display = 'none' " >
           [x]</a>
        </div>
        <pre>
        
pt15.2: 未达标


        </pre>
    </div>
    <!--css div popup end-->

    </td>
</tr>

<tr id='pt15.3' class='hiddenRow'>
    <td class='none'><div class='testcase'>test_C747332</div></td>
    <td colspan='5' align='center'>

    <!--css div popup start-->
    <a class="popup_link" onfocus='this.blur();' href="javascript:showTestDetail('div_pt15.3')" >
        pass</a>

    <div id='div_pt15.3' class="popup_window">
        <div style='text-align: right; color:red;cursor:pointer'>
        <a onfocus='this.blur();' onclick="document.getElementById('div_pt15.3').style.display = 'none' " >
           [x]</a>
        </div>
        <pre>
        
pt15.3: 等级选项: 厂站端系统2级  等级选项: 厂站端系统3级 


        </pre>
    </div>
    <!--css div popup end-->

    </td>
</tr>

<tr id='pt15.4' class='hiddenRow'>
    <td class='none'><div class='testcase'>test_C747333</div></td>
    <td colspan='5' align='center'>

    <!--css div popup start-->
    <a class="popup_link" onfocus='this.blur();' href="javascript:showTestDetail('div_pt15.4')" >
        pass</a>

    <div id='div_pt15.4' class="popup_window">
        <div style='text-align: right; color:red;cursor:pointer'>
        <a onfocus='this.blur();' onclick="document.getElementById('div_pt15.4').style.display = 'none' " >
           [x]</a>
        </div>
        <pre>
        
pt15.4: 等级选项: 调度端系统2级  等级选项: 调度端系统3级  等级选项: 调度端系统4级 


        </pre>
    </div>
    <!--css div popup end-->

    </td>
</tr>

<tr id='pt15.5' class='hiddenRow'>
    <td class='none'><div class='testcase'>test_C747334</div></td>
    <td colspan='5' align='center'>pass</td>
</tr>

<tr id='pt15.6' class='hiddenRow'>
    <td class='none'><div class='testcase'>test_C595363</div></td>
    <td colspan='5' align='center'>pass</td>
</tr>

<tr id='pt15.7' class='hiddenRow'>
    <td class='none'><div class='testcase'>test_C707346</div></td>
    <td colspan='5' align='center'>pass</td>
</tr>

<tr id='pt15.8' class='hiddenRow'>
    <td class='none'><div class='testcase'>test_C726634</div></td>
    <td colspan='5' align='center'>pass</td>
</tr>

<tr id='pt15.9' class='hiddenRow'>
    <td class='none'><div class='testcase'>test_C726635</div></td>
    <td colspan='5' align='center'>pass</td>
</tr>

<tr id='pt15.10' class='hiddenRow'>
    <td class='none'><div class='testcase'>test_C726636</div></td>
    <td colspan='5' align='center'>pass</td>
</tr>

<tr id='pt15.11' class='hiddenRow'>
    <td class='none'><div class='testcase'>test_C747424</div></td>
    <td colspan='5' align='center'>pass</td>
</tr>

<tr id='pt15.12' class='hiddenRow'>
    <td class='none'><div class='testcase'>test_C747423</div></td>
    <td colspan='5' align='center'>pass</td>
</tr>

<tr id='pt15.13' class='hiddenRow'>
    <td class='none'><div class='testcase'>test_C763105</div></td>
    <td colspan='5' align='center'>pass</td>
</tr>

<tr class='passClass'>
    <td>Traffic_ananlyis.test_traffic_analysis.Test_suite_traffic</td>
    <td>6</td>
    <td>6</td>
    <td>0</td>
    <td>0</td>
    <td><a href="javascript:showClassDetail('c16',6)">Detail</a></td>
</tr>

<tr id='pt16.1' class='hiddenRow'>
    <td class='none'><div class='testcase'>test_C571717</div></td>
    <td colspan='5' align='center'>pass</td>
</tr>

<tr id='pt16.2' class='hiddenRow'>
    <td class='none'><div class='testcase'>test_C618049</div></td>
    <td colspan='5' align='center'>pass</td>
</tr>

<tr id='pt16.3' class='hiddenRow'>
    <td class='none'><div class='testcase'>test_C571715</div></td>
    <td colspan='5' align='center'>pass</td>
</tr>

<tr id='pt16.4' class='hiddenRow'>
    <td class='none'><div class='testcase'>test_C571724</div></td>
    <td colspan='5' align='center'>pass</td>
</tr>

<tr id='pt16.5' class='hiddenRow'>
    <td class='none'><div class='testcase'>test_C736878</div></td>
    <td colspan='5' align='center'>pass</td>
</tr>

<tr id='pt16.6' class='hiddenRow'>
    <td class='none'><div class='testcase'>test_C736898</div></td>
    <td colspan='5' align='center'>pass</td>
</tr>

<tr class='passClass'>
    <td>Traffic_ananlyis.test_traffic_GA1_2.Test_suite_traffic</td>
    <td>8</td>
    <td>8</td>
    <td>0</td>
    <td>0</td>
    <td><a href="javascript:showClassDetail('c17',8)">Detail</a></td>
</tr>

<tr id='pt17.1' class='hiddenRow'>
    <td class='none'><div class='testcase'>test_C736879</div></td>
    <td colspan='5' align='center'>

    <!--css div popup start-->
    <a class="popup_link" onfocus='this.blur();' href="javascript:showTestDetail('div_pt17.1')" >
        pass</a>

    <div id='div_pt17.1' class="popup_window">
        <div style='text-align: right; color:red;cursor:pointer'>
        <a onfocus='this.blur();' onclick="document.getElementById('div_pt17.1').style.display = 'none' " >
           [x]</a>
        </div>
        <pre>
        
pt17.1: 1464932164 数据包名称已存在.


        </pre>
    </div>
    <!--css div popup end-->

    </td>
</tr>

<tr id='pt17.2' class='hiddenRow'>
    <td class='none'><div class='testcase'>test_C736880</div></td>
    <td colspan='5' align='center'>pass</td>
</tr>

<tr id='pt17.3' class='hiddenRow'>
    <td class='none'><div class='testcase'>test_C736886</div></td>
    <td colspan='5' align='center'>pass</td>
</tr>

<tr id='pt17.4' class='hiddenRow'>
    <td class='none'><div class='testcase'>test_C736888</div></td>
    <td colspan='5' align='center'>pass</td>
</tr>

<tr id='pt17.5' class='hiddenRow'>
    <td class='none'><div class='testcase'>test_C736897</div></td>
    <td colspan='5' align='center'>pass</td>
</tr>

<tr id='pt17.6' class='hiddenRow'>
    <td class='none'><div class='testcase'>test_C747684</div></td>
    <td colspan='5' align='center'>pass</td>
</tr>

<tr id='pt17.7' class='hiddenRow'>
    <td class='none'><div class='testcase'>test_C747402</div></td>
    <td colspan='5' align='center'>pass</td>
</tr>

<tr id='pt17.8' class='hiddenRow'>
    <td class='none'><div class='testcase'>test_C747687</div></td>
    <td colspan='5' align='center'>pass</td>
</tr>

<tr class='passClass'>
    <td>Project_management.test_project_fulltest.Test_suite_project</td>
    <td>9</td>
    <td>9</td>
    <td>0</td>
    <td>0</td>
    <td><a href="javascript:showClassDetail('c18',9)">Detail</a></td>
</tr>

<tr id='pt18.1' class='hiddenRow'>
    <td class='none'><div class='testcase'>test_C571747</div></td>
    <td colspan='5' align='center'>pass</td>
</tr>

<tr id='pt18.2' class='hiddenRow'>
    <td class='none'><div class='testcase'>test_C571748</div></td>
    <td colspan='5' align='center'>pass</td>
</tr>

<tr id='pt18.3' class='hiddenRow'>
    <td class='none'><div class='testcase'>test_C571749</div></td>
    <td colspan='5' align='center'>pass</td>
</tr>

<tr id='pt18.4' class='hiddenRow'>
    <td class='none'><div class='testcase'>test_C578734</div></td>
    <td colspan='5' align='center'>

    <!--css div popup start-->
    <a class="popup_link" onfocus='this.blur();' href="javascript:showTestDetail('div_pt18.4')" >
        pass</a>

    <div id='div_pt18.4' class="popup_window">
        <div style='text-align: right; color:red;cursor:pointer'>
        <a onfocus='this.blur();' onclick="document.getElementById('div_pt18.4').style.display = 'none' " >
           [x]</a>
        </div>
        <pre>
        
pt18.4: 项目基本信息 项目管理 &lt;type 'unicode'&gt; &lt;type 'unicode'&gt;


        </pre>
    </div>
    <!--css div popup end-->

    </td>
</tr>

<tr id='pt18.5' class='hiddenRow'>
    <td class='none'><div class='testcase'>test_C602355</div></td>
    <td colspan='5' align='center'>

    <!--css div popup start-->
    <a class="popup_link" onfocus='this.blur();' href="javascript:showTestDetail('div_pt18.5')" >
        pass</a>

    <div id='div_pt18.5' class="popup_window">
        <div style='text-align: right; color:red;cursor:pointer'>
        <a onfocus='this.blur();' onclick="document.getElementById('div_pt18.5').style.display = 'none' " >
           [x]</a>
        </div>
        <pre>
        
pt18.5: 区域名称不能重复.
此区域已产生分析数据无法删除.


        </pre>
    </div>
    <!--css div popup end-->

    </td>
</tr>

<tr id='pt18.6' class='hiddenRow'>
    <td class='none'><div class='testcase'>test_C618033</div></td>
    <td colspan='5' align='center'>pass</td>
</tr>

<tr id='pt18.7' class='hiddenRow'>
    <td class='none'><div class='testcase'>test_C618986</div></td>
    <td colspan='5' align='center'>pass</td>
</tr>

<tr id='pt18.8' class='hiddenRow'>
    <td class='none'><div class='testcase'>test_C640411</div></td>
    <td colspan='5' align='center'>pass</td>
</tr>

<tr id='pt18.9' class='hiddenRow'>
    <td class='none'><div class='testcase'>test_C707344</div></td>
    <td colspan='5' align='center'>pass</td>
</tr>

<tr class='errorClass'>
    <td>Project_management.test_project_management.Test_suite_project</td>
    <td>4</td>
    <td>3</td>
    <td>0</td>
    <td>1</td>
    <td><a href="javascript:showClassDetail('c19',4)">Detail</a></td>
</tr>

<tr id='pt19.1' class='hiddenRow'>
    <td class='none'><div class='testcase'>test_C618917</div></td>
    <td colspan='5' align='center'>pass</td>
</tr>

<tr id='ft19.2' class='none'>
    <td class='errorCase'><div class='testcase'>test_C747678</div></td>
    <td colspan='5' align='center'>

    <!--css div popup start-->
    <a class="popup_link" onfocus='this.blur();' href="javascript:showTestDetail('div_ft19.2')" >
        error</a>

    <div id='div_ft19.2' class="popup_window">
        <div style='text-align: right; color:red;cursor:pointer'>
        <a onfocus='this.blur();' onclick="document.getElementById('div_ft19.2').style.display = 'none' " >
           [x]</a>
        </div>
        <pre>
        
ft19.2: Traceback (most recent call last):
  File "E:\touchstone_qa\gemstone\Project_management\test_project_management.py", line 26, in test_C747678
    self.project_manager.delete_project(task_name)
  File "E:\touchstone_qa\gemstone\GemstoneLib\page_class.py", line 249, in delete_project
    driver.find_element_by_xpath("//div[@class='project-item-image']").click()
  File "C:\Python27\lib\site-packages\selenium-2.47.1-py2.7.egg\selenium\webdriver\remote\webdriver.py", line 253, in find_element_by_xpath
    return self.find_element(by=By.XPATH, value=xpath)
  File "C:\Python27\lib\site-packages\selenium-2.47.1-py2.7.egg\selenium\webdriver\remote\webdriver.py", line 707, in find_element
    {'using': by, 'value': value})['value']
  File "C:\Python27\lib\site-packages\selenium-2.47.1-py2.7.egg\selenium\webdriver\remote\webdriver.py", line 196, in execute
    self.error_handler.check_response(response)
  File "C:\Python27\lib\site-packages\selenium-2.47.1-py2.7.egg\selenium\webdriver\remote\errorhandler.py", line 181, in check_response
    raise exception_class(message, screen, stacktrace)
NoSuchElementException: Message: no such element: Unable to locate element: {"method":"xpath","selector":"//div[@class='project-item-image']"}
  (Session info: chrome=44.0.2403.107)
  (Driver info: chromedriver=2.19.346078 (6f1f0cde889532d48ce8242342d0b84f94b114a1),platform=Windows NT 10.0 x86_64)



        </pre>
    </div>
    <!--css div popup end-->

    </td>
</tr>

<tr id='pt19.3' class='hiddenRow'>
    <td class='none'><div class='testcase'>test_C747679</div></td>
    <td colspan='5' align='center'>pass</td>
</tr>

<tr id='pt19.4' class='hiddenRow'>
    <td class='none'><div class='testcase'>test_C747681</div></td>
    <td colspan='5' align='center'>pass</td>
</tr>

<tr class='passClass'>
    <td>System_setup.test_system_factory.Test_suite_sys</td>
    <td>2</td>
    <td>2</td>
    <td>0</td>
    <td>0</td>
    <td><a href="javascript:showClassDetail('c20',2)">Detail</a></td>
</tr>

<tr id='pt20.1' class='hiddenRow'>
    <td class='none'><div class='testcase'>test_C581201</div></td>
    <td colspan='5' align='center'>pass</td>
</tr>

<tr id='pt20.2' class='hiddenRow'>
    <td class='none'><div class='testcase'>test_C617975</div></td>
    <td colspan='5' align='center'>pass</td>
</tr>

<tr class='errorClass'>
    <td>System_setup.test_system_setup.Test_suite_management</td>
    <td>3</td>
    <td>2</td>
    <td>0</td>
    <td>1</td>
    <td><a href="javascript:showClassDetail('c21',3)">Detail</a></td>
</tr>

<tr id='pt21.1' class='hiddenRow'>
    <td class='none'><div class='testcase'>test_C581202</div></td>
    <td colspan='5' align='center'>pass</td>
</tr>

<tr id='ft21.2' class='none'>
    <td class='errorCase'><div class='testcase'>test_C617974</div></td>
    <td colspan='5' align='center'>

    <!--css div popup start-->
    <a class="popup_link" onfocus='this.blur();' href="javascript:showTestDetail('div_ft21.2')" >
        error</a>

    <div id='div_ft21.2' class="popup_window">
        <div style='text-align: right; color:red;cursor:pointer'>
        <a onfocus='this.blur();' onclick="document.getElementById('div_ft21.2').style.display = 'none' " >
           [x]</a>
        </div>
        <pre>
        
ft21.2: Traceback (most recent call last):
  File "E:\touchstone_qa\gemstone\System_setup\test_system_setup.py", line 20, in test_C617974
    self.assertTrue(system.wifi_setup())
  File "E:\touchstone_qa\gemstone\GemstoneLib\page_class.py", line 1727, in wifi_setup
    self.driver.find_element_by_xpath("//input[@name='ip']").clear()
  File "C:\Python27\lib\site-packages\selenium-2.47.1-py2.7.egg\selenium\webdriver\remote\webdriver.py", line 253, in find_element_by_xpath
    return self.find_element(by=By.XPATH, value=xpath)
  File "C:\Python27\lib\site-packages\selenium-2.47.1-py2.7.egg\selenium\webdriver\remote\webdriver.py", line 707, in find_element
    {'using': by, 'value': value})['value']
  File "C:\Python27\lib\site-packages\selenium-2.47.1-py2.7.egg\selenium\webdriver\remote\webdriver.py", line 196, in execute
    self.error_handler.check_response(response)
  File "C:\Python27\lib\site-packages\selenium-2.47.1-py2.7.egg\selenium\webdriver\remote\errorhandler.py", line 181, in check_response
    raise exception_class(message, screen, stacktrace)
NoSuchElementException: Message: no such element: Unable to locate element: {"method":"xpath","selector":"//input[@name='ip']"}
  (Session info: chrome=44.0.2403.107)
  (Driver info: chromedriver=2.19.346078 (6f1f0cde889532d48ce8242342d0b84f94b114a1),platform=Windows NT 10.0 x86_64)



        </pre>
    </div>
    <!--css div popup end-->

    </td>
</tr>

<tr id='pt21.3' class='hiddenRow'>
    <td class='none'><div class='testcase'>test_C757447</div></td>
    <td colspan='5' align='center'>pass</td>
</tr>

<tr class='passClass'>
    <td>report.test_report_GA1_2.Test_suite_report1_2</td>
    <td>8</td>
    <td>8</td>
    <td>0</td>
    <td>0</td>
    <td><a href="javascript:showClassDetail('c22',8)">Detail</a></td>
</tr>

<tr id='pt22.1' class='hiddenRow'>
    <td class='none'><div class='testcase'>test_C736430</div></td>
    <td colspan='5' align='center'>

    <!--css div popup start-->
    <a class="popup_link" onfocus='this.blur();' href="javascript:showTestDetail('div_pt22.1')" >
        pass</a>

    <div id='div_pt22.1' class="popup_window">
        <div style='text-align: right; color:red;cursor:pointer'>
        <a onfocus='this.blur();' onclick="document.getElementById('div_pt22.1').style.display = 'none' " >
           [x]</a>
        </div>
        <pre>
        
pt22.1: [u'1', u'1', u'310000', u'1', u'1', u'1'] [u'1', u'1', u'310000', u'1', u'1', u'1'] [u'3', u'3', u'333333', u'3', u'3', u'3']


        </pre>
    </div>
    <!--css div popup end-->

    </td>
</tr>

<tr id='pt22.2' class='hiddenRow'>
    <td class='none'><div class='testcase'>test_C736431</div></td>
    <td colspan='5' align='center'>

    <!--css div popup start-->
    <a class="popup_link" onfocus='this.blur();' href="javascript:showTestDetail('div_pt22.2')" >
        pass</a>

    <div id='div_pt22.2' class="popup_window">
        <div style='text-align: right; color:red;cursor:pointer'>
        <a onfocus='this.blur();' onclick="document.getElementById('div_pt22.2').style.display = 'none' " >
           [x]</a>
        </div>
        <pre>
        
pt22.2: [u'', u'', u'', u''] [u'', u'', u'', u''] [u'3', u'3', u'333333', u'3qwe@gmail.com']


        </pre>
    </div>
    <!--css div popup end-->

    </td>
</tr>

<tr id='pt22.3' class='hiddenRow'>
    <td class='none'><div class='testcase'>test_C736432</div></td>
    <td colspan='5' align='center'>

    <!--css div popup start-->
    <a class="popup_link" onfocus='this.blur();' href="javascript:showTestDetail('div_pt22.3')" >
        pass</a>

    <div id='div_pt22.3' class="popup_window">
        <div style='text-align: right; color:red;cursor:pointer'>
        <a onfocus='this.blur();' onclick="document.getElementById('div_pt22.3').style.display = 'none' " >
           [x]</a>
        </div>
        <pre>
        
pt22.3: [u'1464924200', u'1464924200', u'111111'] [u'1464924200', u'1464924200', u'111111'] [u'3', u'3', u'333333']


        </pre>
    </div>
    <!--css div popup end-->

    </td>
</tr>

<tr id='pt22.4' class='hiddenRow'>
    <td class='none'><div class='testcase'>test_C736847</div></td>
    <td colspan='5' align='center'>

    <!--css div popup start-->
    <a class="popup_link" onfocus='this.blur();' href="javascript:showTestDetail('div_pt22.4')" >
        pass</a>

    <div id='div_pt22.4' class="popup_window">
        <div style='text-align: right; color:red;cursor:pointer'>
        <a onfocus='this.blur();' onclick="document.getElementById('div_pt22.4').style.display = 'none' " >
           [x]</a>
        </div>
        <pre>
        
pt22.4: [u'1464933364', u'', u'', u'', u''] [u'1464933364', u'', u'', u'', u''] [u'1464933364', u'3', u'3', u'333333', u'3qwe@gmail.com']


        </pre>
    </div>
    <!--css div popup end-->

    </td>
</tr>

<tr id='pt22.5' class='hiddenRow'>
    <td class='none'><div class='testcase'>test_C747388</div></td>
    <td colspan='5' align='center'>pass</td>
</tr>

<tr id='pt22.6' class='hiddenRow'>
    <td class='none'><div class='testcase'>test_C747390</div></td>
    <td colspan='5' align='center'>pass</td>
</tr>

<tr id='pt22.7' class='hiddenRow'>
    <td class='none'><div class='testcase'>test_C747403</div></td>
    <td colspan='5' align='center'>pass</td>
</tr>

<tr id='pt22.8' class='hiddenRow'>
    <td class='none'><div class='testcase'>test_C747408</div></td>
    <td colspan='5' align='center'>

    <!--css div popup start-->
    <a class="popup_link" onfocus='this.blur();' href="javascript:showTestDetail('div_pt22.8')" >
        pass</a>

    <div id='div_pt22.8' class="popup_window">
        <div style='text-align: right; color:red;cursor:pointer'>
        <a onfocus='this.blur();' onclick="document.getElementById('div_pt22.8').style.display = 'none' " >
           [x]</a>
        </div>
        <pre>
        
pt22.8: [u'3', u'3', u'333333'] [u'3', u'3', u'333333'] [u'3', u'3', u'333333']


        </pre>
    </div>
    <!--css div popup end-->

    </td>
</tr>

<tr class='errorClass'>
    <td>System_setup.test_log.Test_suite_project</td>
    <td>3</td>
    <td>0</td>
    <td>1</td>
    <td>2</td>
    <td><a href="javascript:showClassDetail('c23',3)">Detail</a></td>
</tr>

<tr id='ft23.1' class='none'>
    <td class='failCase'><div class='testcase'>test_C707384</div></td>
    <td colspan='5' align='center'>

    <!--css div popup start-->
    <a class="popup_link" onfocus='this.blur();' href="javascript:showTestDetail('div_ft23.1')" >
        fail</a>

    <div id='div_ft23.1' class="popup_window">
        <div style='text-align: right; color:red;cursor:pointer'>
        <a onfocus='this.blur();' onclick="document.getElementById('div_ft23.1').style.display = 'none' " >
           [x]</a>
        </div>
        <pre>
        
ft23.1: False False
Traceback (most recent call last):
  File "E:\touchstone_qa\gemstone\System_setup\test_log.py", line 28, in test_C707384
    self.assertTrue(res1 and res2)
AssertionError: False is not true


        </pre>
    </div>
    <!--css div popup end-->

    </td>
</tr>

<tr id='ft23.2' class='none'>
    <td class='errorCase'><div class='testcase'>test_C707385</div></td>
    <td colspan='5' align='center'>

    <!--css div popup start-->
    <a class="popup_link" onfocus='this.blur();' href="javascript:showTestDetail('div_ft23.2')" >
        error</a>

    <div id='div_ft23.2' class="popup_window">
        <div style='text-align: right; color:red;cursor:pointer'>
        <a onfocus='this.blur();' onclick="document.getElementById('div_ft23.2').style.display = 'none' " >
           [x]</a>
        </div>
        <pre>
        
ft23.2: False False
Traceback (most recent call last):
  File "E:\touchstone_qa\gemstone\System_setup\test_log.py", line 45, in test_C707385
    self.project_manager.delete_project(task_name)
  File "E:\touchstone_qa\gemstone\GemstoneLib\page_class.py", line 249, in delete_project
    driver.find_element_by_xpath("//div[@class='project-item-image']").click()
  File "C:\Python27\lib\site-packages\selenium-2.47.1-py2.7.egg\selenium\webdriver\remote\webdriver.py", line 253, in find_element_by_xpath
    return self.find_element(by=By.XPATH, value=xpath)
  File "C:\Python27\lib\site-packages\selenium-2.47.1-py2.7.egg\selenium\webdriver\remote\webdriver.py", line 707, in find_element
    {'using': by, 'value': value})['value']
  File "C:\Python27\lib\site-packages\selenium-2.47.1-py2.7.egg\selenium\webdriver\remote\webdriver.py", line 196, in execute
    self.error_handler.check_response(response)
  File "C:\Python27\lib\site-packages\selenium-2.47.1-py2.7.egg\selenium\webdriver\remote\errorhandler.py", line 181, in check_response
    raise exception_class(message, screen, stacktrace)
NoSuchElementException: Message: no such element: Unable to locate element: {"method":"xpath","selector":"//div[@class='project-item-image']"}
  (Session info: chrome=44.0.2403.107)
  (Driver info: chromedriver=2.19.346078 (6f1f0cde889532d48ce8242342d0b84f94b114a1),platform=Windows NT 10.0 x86_64)



        </pre>
    </div>
    <!--css div popup end-->

    </td>
</tr>

<tr id='ft23.3' class='none'>
    <td class='errorCase'><div class='testcase'>test_C707386</div></td>
    <td colspan='5' align='center'>

    <!--css div popup start-->
    <a class="popup_link" onfocus='this.blur();' href="javascript:showTestDetail('div_ft23.3')" >
        error</a>

    <div id='div_ft23.3' class="popup_window">
        <div style='text-align: right; color:red;cursor:pointer'>
        <a onfocus='this.blur();' onclick="document.getElementById('div_ft23.3').style.display = 'none' " >
           [x]</a>
        </div>
        <pre>
        
ft23.3: Traceback (most recent call last):
  File "E:\touchstone_qa\gemstone\System_setup\test_log.py", line 52, in test_C707386
    asset.auto_entry(scan_port=para.SCAN_PORT, ip_address=para.SCAN_SUBNET)
  File "E:\touchstone_qa\gemstone\GemstoneLib\page_class.py", line 520, in auto_entry
    self.driver.find_element_by_xpath("//input[@name='scanPortIp']").click()
  File "C:\Python27\lib\site-packages\selenium-2.47.1-py2.7.egg\selenium\webdriver\remote\webdriver.py", line 253, in find_element_by_xpath
    return self.find_element(by=By.XPATH, value=xpath)
  File "C:\Python27\lib\site-packages\selenium-2.47.1-py2.7.egg\selenium\webdriver\remote\webdriver.py", line 707, in find_element
    {'using': by, 'value': value})['value']
  File "C:\Python27\lib\site-packages\selenium-2.47.1-py2.7.egg\selenium\webdriver\remote\webdriver.py", line 196, in execute
    self.error_handler.check_response(response)
  File "C:\Python27\lib\site-packages\selenium-2.47.1-py2.7.egg\selenium\webdriver\remote\errorhandler.py", line 181, in check_response
    raise exception_class(message, screen, stacktrace)
NoSuchElementException: Message: no such element: Unable to locate element: {"method":"xpath","selector":"//input[@name='scanPortIp']"}
  (Session info: chrome=44.0.2403.107)
  (Driver info: chromedriver=2.19.346078 (6f1f0cde889532d48ce8242342d0b84f94b114a1),platform=Windows NT 10.0 x86_64)



        </pre>
    </div>
    <!--css div popup end-->

    </td>
</tr>

<tr class='passClass'>
    <td>Project_management.test_ui_GA1_2.Test_suite_project</td>
    <td>1</td>
    <td>1</td>
    <td>0</td>
    <td>0</td>
    <td><a href="javascript:showClassDetail('c24',1)">Detail</a></td>
</tr>

<tr id='pt24.1' class='hiddenRow'>
    <td class='none'><div class='testcase'>test_C707348</div></td>
    <td colspan='5' align='center'>pass</td>
</tr>

<tr id='total_row'>
    <td>Total</td>
    <td>156</td>
    <td>122</td>
    <td>4</td>
    <td>30</td>
    <td>&nbsp;</td>
</tr>
</table>

<div id='ending'>&nbsp;</div>

</body>
</html>
