<?xml version="1.0" encoding="UTF-8"?>
<!DOCTYPE html PUBLIC "-//W3C//DTD XHTML 1.0 Strict//EN" "http://www.w3.org/TR/xhtml1/DTD/xhtml1-strict.dtd">
<html xmlns="http://www.w3.org/1999/xhtml">
<head>
    <title>Result</title>
    <meta name="generator" content="HTMLTestRunner 0.8.2"/>
    <meta http-equiv="Content-Type" content="text/html; charset=UTF-8"/>
    
<style type="text/css" media="screen">
body        { font-family: verdana, arial, helvetica, sans-serif; font-size: 80%; }
table       { font-size: 100%; }
pre         { }

/* -- heading ---------------------------------------------------------------------- */
h1 {
	font-size: 16pt;
	color: gray;
}
.heading {
    margin-top: 0ex;
    margin-bottom: 1ex;
}

.heading .attribute {
    margin-top: 1ex;
    margin-bottom: 0;
}

.heading .description {
    margin-top: 4ex;
    margin-bottom: 6ex;
}

/* -- css div popup ------------------------------------------------------------------------ */
a.popup_link {
}

a.popup_link:hover {
    color: red;
}

.popup_window {
    display: none;
    position: relative;
    left: 0px;
    top: 0px;
    /*border: solid #627173 1px; */
    padding: 10px;
    background-color: #E6E6D6;
    font-family: "Lucida Console", "Courier New", Courier, monospace;
    text-align: left;
    font-size: 8pt;
    width: 500px;
}

}
/* -- report ------------------------------------------------------------------------ */
#show_detail_line {
    margin-top: 3ex;
    margin-bottom: 1ex;
}
#result_table {
    width: 80%;
    border-collapse: collapse;
    border: 1px solid #777;
}
#header_row {
    font-weight: bold;
    color: white;
    background-color: #777;
}
#result_table td {
    border: 1px solid #777;
    padding: 2px;
}
#total_row  { font-weight: bold; }
.passClass  { background-color: #6c6; }
.failClass  { background-color: #c60; }
.errorClass { background-color: #c00; }
.passCase   { color: #6c6; }
.failCase   { color: #c60; font-weight: bold; }
.errorCase  { color: #c00; font-weight: bold; }
.hiddenRow  { display: none; }
.testcase   { margin-left: 2em; }


/* -- ending ---------------------------------------------------------------------- */
#ending {
}

</style>

</head>
<body>
<script language="javascript" type="text/javascript"><!--
output_list = Array();

/* level - 0:Summary; 1:Failed; 2:All */
function showCase(level) {
    trs = document.getElementsByTagName("tr");
    for (var i = 0; i < trs.length; i++) {
        tr = trs[i];
        id = tr.id;
        if (id.substr(0,2) == 'ft') {
            if (level < 1) {
                tr.className = 'hiddenRow';
            }
            else {
                tr.className = '';
            }
        }
        if (id.substr(0,2) == 'pt') {
            if (level > 1) {
                tr.className = '';
            }
            else {
                tr.className = 'hiddenRow';
            }
        }
    }
}


function showClassDetail(cid, count) {
    var id_list = Array(count);
    var toHide = 1;
    for (var i = 0; i < count; i++) {
        tid0 = 't' + cid.substr(1) + '.' + (i+1);
        tid = 'f' + tid0;
        tr = document.getElementById(tid);
        if (!tr) {
            tid = 'p' + tid0;
            tr = document.getElementById(tid);
        }
        id_list[i] = tid;
        if (tr.className) {
            toHide = 0;
        }
    }
    for (var i = 0; i < count; i++) {
        tid = id_list[i];
        if (toHide) {
            document.getElementById('div_'+tid).style.display = 'none'
            document.getElementById(tid).className = 'hiddenRow';
        }
        else {
            document.getElementById(tid).className = '';
        }
    }
}


function showTestDetail(div_id){
    var details_div = document.getElementById(div_id)
    var displayState = details_div.style.display
    // alert(displayState)
    if (displayState != 'block' ) {
        displayState = 'block'
        details_div.style.display = 'block'
    }
    else {
        details_div.style.display = 'none'
    }
}


function html_escape(s) {
    s = s.replace(/&/g,'&amp;');
    s = s.replace(/</g,'&lt;');
    s = s.replace(/>/g,'&gt;');
    return s;
}

/* obsoleted by detail in <div>
function showOutput(id, name) {
    var w = window.open("", //url
                    name,
                    "resizable,scrollbars,status,width=800,height=450");
    d = w.document;
    d.write("<pre>");
    d.write(html_escape(output_list[id]));
    d.write("\n");
    d.write("<a href='javascript:window.close()'>close</a>\n");
    d.write("</pre>\n");
    d.close();
}
*/
--></script>

<div class='heading'>
<h1>Result</h1>
<p class='attribute'><strong>Start Time:</strong> 2016-05-10 17:35:07</p>
<p class='attribute'><strong>Duration:</strong> 1:34:10.334000</p>
<p class='attribute'><strong>Status:</strong> Pass 73 Failure 2 Error 9</p>

<p class='description'>Test_Report</p>
</div>



<p id='show_detail_line'>Show
<a href='javascript:showCase(0)'>Summary</a>
<a href='javascript:showCase(1)'>Failed</a>
<a href='javascript:showCase(2)'>All</a>
</p>
<table id='result_table'>
<colgroup>
<col align='left' />
<col align='right' />
<col align='right' />
<col align='right' />
<col align='right' />
<col align='right' />
</colgroup>
<tr id='header_row'>
    <td>Test Group/Test case</td>
    <td>Count</td>
    <td>Pass</td>
    <td>Fail</td>
    <td>Error</td>
    <td>View</td>
</tr>

<tr class='passClass'>
    <td>Project_management.test_account_factory.Test_suite_account</td>
    <td>1</td>
    <td>1</td>
    <td>0</td>
    <td>0</td>
    <td><a href="javascript:showClassDetail('c1',1)">Detail</a></td>
</tr>

<tr id='pt1.1' class='hiddenRow'>
    <td class='none'><div class='testcase'>test_C581271</div></td>
    <td colspan='5' align='center'>pass</td>
</tr>

<tr class='failClass'>
    <td>Asset_analysis.test_asset_factory.Test_suite_1</td>
    <td>6</td>
    <td>5</td>
    <td>1</td>
    <td>0</td>
    <td><a href="javascript:showClassDetail('c2',6)">Detail</a></td>
</tr>

<tr id='pt2.1' class='hiddenRow'>
    <td class='none'><div class='testcase'>test_C640425</div></td>
    <td colspan='5' align='center'>pass</td>
</tr>

<tr id='pt2.2' class='hiddenRow'>
    <td class='none'><div class='testcase'>test_C618947</div></td>
    <td colspan='5' align='center'>pass</td>
</tr>

<tr id='ft2.3' class='none'>
    <td class='failCase'><div class='testcase'>test_C618913</div></td>
    <td colspan='5' align='center'>

    <!--css div popup start-->
    <a class="popup_link" onfocus='this.blur();' href="javascript:showTestDetail('div_ft2.3')" >
        fail</a>

    <div id='div_ft2.3' class="popup_window">
        <div style='text-align: right; color:red;cursor:pointer'>
        <a onfocus='this.blur();' onclick="document.getElementById('div_ft2.3').style.display = 'none' " >
           [x]</a>
        </div>
        <pre>
        
ft2.3: Traceback (most recent call last):
  File "E:\touchstone_qa\gemstone\Asset_analysis\test_asset_factory.py", line 74, in test_C618913
    self.assertTrue(result)
AssertionError: False is not true


        </pre>
    </div>
    <!--css div popup end-->

    </td>
</tr>

<tr id='pt2.4' class='hiddenRow'>
    <td class='none'><div class='testcase'>test_C571740</div></td>
    <td colspan='5' align='center'>pass</td>
</tr>

<tr id='pt2.5' class='hiddenRow'>
    <td class='none'><div class='testcase'>test_C571727</div></td>
    <td colspan='5' align='center'>

    <!--css div popup start-->
    <a class="popup_link" onfocus='this.blur();' href="javascript:showTestDetail('div_pt2.5')" >
        pass</a>

    <div id='div_pt2.5' class="popup_window">
        <div style='text-align: right; color:red;cursor:pointer'>
        <a onfocus='this.blur();' onclick="document.getElementById('div_pt2.5').style.display = 'none' " >
           [x]</a>
        </div>
        <pre>
        
pt2.5: true CVE
true CNNVD
true CNVD
true æ¼æ´å¬å
true å¨èç±»å
true æ¼æ´ç±»å
true æ¼æ´ç»æ
true æ´æ°æ¶é´
true åå¸æ¶é´
true æ»å»å¤æåº¦
true èº«ä»½è®¤è¯
true å¯ç¨æ§å½±å
true æºå¯æ§å½±å
true å®æ´æ§å½±å
true æ»å»åé


        </pre>
    </div>
    <!--css div popup end-->

    </td>
</tr>

<tr id='pt2.6' class='hiddenRow'>
    <td class='none'><div class='testcase'>test_C571722</div></td>
    <td colspan='5' align='center'>pass</td>
</tr>

<tr class='errorClass'>
    <td>Asset_analysis.test_asset_analysis.Test_suite_1</td>
    <td>4</td>
    <td>3</td>
    <td>0</td>
    <td>1</td>
    <td><a href="javascript:showClassDetail('c3',4)">Detail</a></td>
</tr>

<tr id='pt3.1' class='hiddenRow'>
    <td class='none'><div class='testcase'>test_C581268</div></td>
    <td colspan='5' align='center'>

    <!--css div popup start-->
    <a class="popup_link" onfocus='this.blur();' href="javascript:showTestDetail('div_pt3.1')" >
        pass</a>

    <div id='div_pt3.1' class="popup_window">
        <div style='text-align: right; color:red;cursor:pointer'>
        <a onfocus='this.blur();' onclick="document.getElementById('div_pt3.1').style.display = 'none' " >
           [x]</a>
        </div>
        <pre>
        
pt3.1: true test


        </pre>
    </div>
    <!--css div popup end-->

    </td>
</tr>

<tr id='ft3.2' class='none'>
    <td class='errorCase'><div class='testcase'>test_C581263</div></td>
    <td colspan='5' align='center'>

    <!--css div popup start-->
    <a class="popup_link" onfocus='this.blur();' href="javascript:showTestDetail('div_ft3.2')" >
        error</a>

    <div id='div_ft3.2' class="popup_window">
        <div style='text-align: right; color:red;cursor:pointer'>
        <a onfocus='this.blur();' onclick="document.getElementById('div_ft3.2').style.display = 'none' " >
           [x]</a>
        </div>
        <pre>
        
ft3.2: Traceback (most recent call last):
  File "E:\touchstone_qa\gemstone\Asset_analysis\test_asset_analysis.py", line 50, in test_C581263
    first = Asset_analysis.stop_autoscan(scan_port=para.SCAN_PORT, subnet_ip=para.SCAN_SUBNET)
  File "E:\touchstone_qa\gemstone\GemstoneLib\page_class.py", line 675, in stop_autoscan
    self.driver.find_element_by_xpath("//input[@name='scanPortIp']").click()
  File "C:\Python27\lib\site-packages\selenium-2.47.1-py2.7.egg\selenium\webdriver\remote\webdriver.py", line 253, in find_element_by_xpath
    return self.find_element(by=By.XPATH, value=xpath)
  File "C:\Python27\lib\site-packages\selenium-2.47.1-py2.7.egg\selenium\webdriver\remote\webdriver.py", line 707, in find_element
    {'using': by, 'value': value})['value']
  File "C:\Python27\lib\site-packages\selenium-2.47.1-py2.7.egg\selenium\webdriver\remote\webdriver.py", line 196, in execute
    self.error_handler.check_response(response)
  File "C:\Python27\lib\site-packages\selenium-2.47.1-py2.7.egg\selenium\webdriver\remote\errorhandler.py", line 181, in check_response
    raise exception_class(message, screen, stacktrace)
NoSuchElementException: Message: no such element: Unable to locate element: {"method":"xpath","selector":"//input[@name='scanPortIp']"}
  (Session info: chrome=44.0.2403.107)
  (Driver info: chromedriver=2.19.346078 (6f1f0cde889532d48ce8242342d0b84f94b114a1),platform=Windows NT 10.0 x86_64)



        </pre>
    </div>
    <!--css div popup end-->

    </td>
</tr>

<tr id='pt3.3' class='hiddenRow'>
    <td class='none'><div class='testcase'>test_C588245</div></td>
    <td colspan='5' align='center'>pass</td>
</tr>

<tr id='pt3.4' class='hiddenRow'>
    <td class='none'><div class='testcase'>test_C618005</div></td>
    <td colspan='5' align='center'>pass</td>
</tr>

<tr class='errorClass'>
    <td>Asset_analysis.test_manul_fulltest.Test_suite_full</td>
    <td>10</td>
    <td>8</td>
    <td>0</td>
    <td>2</td>
    <td><a href="javascript:showClassDetail('c4',10)">Detail</a></td>
</tr>

<tr id='ft4.1' class='none'>
    <td class='errorCase'><div class='testcase'>test_C602491</div></td>
    <td colspan='5' align='center'>

    <!--css div popup start-->
    <a class="popup_link" onfocus='this.blur();' href="javascript:showTestDetail('div_ft4.1')" >
        error</a>

    <div id='div_ft4.1' class="popup_window">
        <div style='text-align: right; color:red;cursor:pointer'>
        <a onfocus='this.blur();' onclick="document.getElementById('div_ft4.1').style.display = 'none' " >
           [x]</a>
        </div>
        <pre>
        
ft4.1: Traceback (most recent call last):
  File "E:\touchstone_qa\gemstone\Asset_analysis\test_manul_fulltest.py", line 180, in test_C602491
    asset.go_back()
  File "E:\touchstone_qa\gemstone\GemstoneLib\page_class.py", line 1059, in go_back
    self.find_ele("//span[text()='è¿å']")
  File "E:\touchstone_qa\gemstone\GemstoneLib\page_class.py", line 396, in find_ele
    self.driver.find_element_by_xpath(xpath)
  File "C:\Python27\lib\site-packages\selenium-2.47.1-py2.7.egg\selenium\webdriver\remote\webdriver.py", line 253, in find_element_by_xpath
    return self.find_element(by=By.XPATH, value=xpath)
  File "C:\Python27\lib\site-packages\selenium-2.47.1-py2.7.egg\selenium\webdriver\remote\webdriver.py", line 707, in find_element
    {'using': by, 'value': value})['value']
  File "C:\Python27\lib\site-packages\selenium-2.47.1-py2.7.egg\selenium\webdriver\remote\webdriver.py", line 196, in execute
    self.error_handler.check_response(response)
  File "C:\Python27\lib\site-packages\selenium-2.47.1-py2.7.egg\selenium\webdriver\remote\errorhandler.py", line 181, in check_response
    raise exception_class(message, screen, stacktrace)
NoSuchElementException: Message: no such element: Unable to locate element: {"method":"xpath","selector":"//span[text()='\u8fd4\u56de']"}
  (Session info: chrome=44.0.2403.107)
  (Driver info: chromedriver=2.19.346078 (6f1f0cde889532d48ce8242342d0b84f94b114a1),platform=Windows NT 10.0 x86_64)



        </pre>
    </div>
    <!--css div popup end-->

    </td>
</tr>

<tr id='pt4.2' class='hiddenRow'>
    <td class='none'><div class='testcase'>test_C618008</div></td>
    <td colspan='5' align='center'>pass</td>
</tr>

<tr id='pt4.3' class='hiddenRow'>
    <td class='none'><div class='testcase'>test_C618945</div></td>
    <td colspan='5' align='center'>pass</td>
</tr>

<tr id='pt4.4' class='hiddenRow'>
    <td class='none'><div class='testcase'>test_C618946</div></td>
    <td colspan='5' align='center'>pass</td>
</tr>

<tr id='pt4.5' class='hiddenRow'>
    <td class='none'><div class='testcase'>test_C571733</div></td>
    <td colspan='5' align='center'>pass</td>
</tr>

<tr id='pt4.6' class='hiddenRow'>
    <td class='none'><div class='testcase'>test_C595323</div></td>
    <td colspan='5' align='center'>pass</td>
</tr>

<tr id='pt4.7' class='hiddenRow'>
    <td class='none'><div class='testcase'>test_C602495</div></td>
    <td colspan='5' align='center'>pass</td>
</tr>

<tr id='pt4.8' class='hiddenRow'>
    <td class='none'><div class='testcase'>test_C639821</div></td>
    <td colspan='5' align='center'>pass</td>
</tr>

<tr id='ft4.9' class='none'>
    <td class='errorCase'><div class='testcase'>test_C639822</div></td>
    <td colspan='5' align='center'>

    <!--css div popup start-->
    <a class="popup_link" onfocus='this.blur();' href="javascript:showTestDetail('div_ft4.9')" >
        error</a>

    <div id='div_ft4.9' class="popup_window">
        <div style='text-align: right; color:red;cursor:pointer'>
        <a onfocus='this.blur();' onclick="document.getElementById('div_ft4.9').style.display = 'none' " >
           [x]</a>
        </div>
        <pre>
        
ft4.9: Traceback (most recent call last):
  File "E:\touchstone_qa\gemstone\Asset_analysis\test_manul_fulltest.py", line 95, in test_C639822
    self.project_manager.delete_project(task_name)
  File "E:\touchstone_qa\gemstone\GemstoneLib\page_class.py", line 248, in delete_project
    driver.find_element_by_xpath("//div[@class='project-item-image']").click()
  File "C:\Python27\lib\site-packages\selenium-2.47.1-py2.7.egg\selenium\webdriver\remote\webdriver.py", line 253, in find_element_by_xpath
    return self.find_element(by=By.XPATH, value=xpath)
  File "C:\Python27\lib\site-packages\selenium-2.47.1-py2.7.egg\selenium\webdriver\remote\webdriver.py", line 707, in find_element
    {'using': by, 'value': value})['value']
  File "C:\Python27\lib\site-packages\selenium-2.47.1-py2.7.egg\selenium\webdriver\remote\webdriver.py", line 196, in execute
    self.error_handler.check_response(response)
  File "C:\Python27\lib\site-packages\selenium-2.47.1-py2.7.egg\selenium\webdriver\remote\errorhandler.py", line 181, in check_response
    raise exception_class(message, screen, stacktrace)
NoSuchElementException: Message: no such element: Unable to locate element: {"method":"xpath","selector":"//div[@class='project-item-image']"}
  (Session info: chrome=44.0.2403.107)
  (Driver info: chromedriver=2.19.346078 (6f1f0cde889532d48ce8242342d0b84f94b114a1),platform=Windows NT 10.0 x86_64)



        </pre>
    </div>
    <!--css div popup end-->

    </td>
</tr>

<tr id='pt4.10' class='hiddenRow'>
    <td class='none'><div class='testcase'>test_C640408</div></td>
    <td colspan='5' align='center'>pass</td>
</tr>

<tr class='errorClass'>
    <td>Asset_analysis.test_autoscan_fulltest.Test_suite_full</td>
    <td>6</td>
    <td>4</td>
    <td>1</td>
    <td>1</td>
    <td><a href="javascript:showClassDetail('c5',6)">Detail</a></td>
</tr>

<tr id='ft5.1' class='none'>
    <td class='errorCase'><div class='testcase'>test_C602357</div></td>
    <td colspan='5' align='center'>

    <!--css div popup start-->
    <a class="popup_link" onfocus='this.blur();' href="javascript:showTestDetail('div_ft5.1')" >
        error</a>

    <div id='div_ft5.1' class="popup_window">
        <div style='text-align: right; color:red;cursor:pointer'>
        <a onfocus='this.blur();' onclick="document.getElementById('div_ft5.1').style.display = 'none' " >
           [x]</a>
        </div>
        <pre>
        
ft5.1: Traceback (most recent call last):
  File "E:\touchstone_qa\gemstone\Asset_analysis\test_autoscan_fulltest.py", line 105, in test_C602357
    asset.auto_entry(scan_port=para.SCAN_PORT, ip_address=para.SCAN_SUBNET)
  File "E:\touchstone_qa\gemstone\GemstoneLib\page_class.py", line 515, in auto_entry
    self.driver.find_element_by_xpath("//input[@name='scanPortIp']").click()
  File "C:\Python27\lib\site-packages\selenium-2.47.1-py2.7.egg\selenium\webdriver\remote\webdriver.py", line 253, in find_element_by_xpath
    return self.find_element(by=By.XPATH, value=xpath)
  File "C:\Python27\lib\site-packages\selenium-2.47.1-py2.7.egg\selenium\webdriver\remote\webdriver.py", line 707, in find_element
    {'using': by, 'value': value})['value']
  File "C:\Python27\lib\site-packages\selenium-2.47.1-py2.7.egg\selenium\webdriver\remote\webdriver.py", line 196, in execute
    self.error_handler.check_response(response)
  File "C:\Python27\lib\site-packages\selenium-2.47.1-py2.7.egg\selenium\webdriver\remote\errorhandler.py", line 181, in check_response
    raise exception_class(message, screen, stacktrace)
NoSuchElementException: Message: no such element: Unable to locate element: {"method":"xpath","selector":"//input[@name='scanPortIp']"}
  (Session info: chrome=44.0.2403.107)
  (Driver info: chromedriver=2.19.346078 (6f1f0cde889532d48ce8242342d0b84f94b114a1),platform=Windows NT 10.0 x86_64)



        </pre>
    </div>
    <!--css div popup end-->

    </td>
</tr>

<tr id='pt5.2' class='hiddenRow'>
    <td class='none'><div class='testcase'>test_C618919</div></td>
    <td colspan='5' align='center'>pass</td>
</tr>

<tr id='pt5.3' class='hiddenRow'>
    <td class='none'><div class='testcase'>test_C618963</div></td>
    <td colspan='5' align='center'>pass</td>
</tr>

<tr id='ft5.4' class='none'>
    <td class='failCase'><div class='testcase'>test_C578735</div></td>
    <td colspan='5' align='center'>

    <!--css div popup start-->
    <a class="popup_link" onfocus='this.blur();' href="javascript:showTestDetail('div_ft5.4')" >
        fail</a>

    <div id='div_ft5.4' class="popup_window">
        <div style='text-align: right; color:red;cursor:pointer'>
        <a onfocus='this.blur();' onclick="document.getElementById('div_ft5.4').style.display = 'none' " >
           [x]</a>
        </div>
        <pre>
        
ft5.4: Traceback (most recent call last):
  File "E:\touchstone_qa\gemstone\Asset_analysis\test_autoscan_fulltest.py", line 80, in test_C578735
    self.assertTrue(result)
AssertionError: False is not true


        </pre>
    </div>
    <!--css div popup end-->

    </td>
</tr>

<tr id='pt5.5' class='hiddenRow'>
    <td class='none'><div class='testcase'>test_C571743</div></td>
    <td colspan='5' align='center'>pass</td>
</tr>

<tr id='pt5.6' class='hiddenRow'>
    <td class='none'><div class='testcase'>test_C571730</div></td>
    <td colspan='5' align='center'>pass</td>
</tr>

<tr class='passClass'>
    <td>Asset_analysis.test_asset_setup.Test_suite_full</td>
    <td>1</td>
    <td>1</td>
    <td>0</td>
    <td>0</td>
    <td><a href="javascript:showClassDetail('c6',1)">Detail</a></td>
</tr>

<tr id='pt6.1' class='hiddenRow'>
    <td class='none'><div class='testcase'>test_C595354</div></td>
    <td colspan='5' align='center'>pass</td>
</tr>

<tr class='errorClass'>
    <td>Asset_analysis.test_asset_list_fulltest.Test_suite_full</td>
    <td>12</td>
    <td>11</td>
    <td>0</td>
    <td>1</td>
    <td><a href="javascript:showClassDetail('c7',12)">Detail</a></td>
</tr>

<tr id='pt7.1' class='hiddenRow'>
    <td class='none'><div class='testcase'>test_C571736</div></td>
    <td colspan='5' align='center'>pass</td>
</tr>

<tr id='pt7.2' class='hiddenRow'>
    <td class='none'><div class='testcase'>test_C571737</div></td>
    <td colspan='5' align='center'>pass</td>
</tr>

<tr id='pt7.3' class='hiddenRow'>
    <td class='none'><div class='testcase'>test_C581269</div></td>
    <td colspan='5' align='center'>pass</td>
</tr>

<tr id='pt7.4' class='hiddenRow'>
    <td class='none'><div class='testcase'>test_C617738</div></td>
    <td colspan='5' align='center'>pass</td>
</tr>

<tr id='pt7.5' class='hiddenRow'>
    <td class='none'><div class='testcase'>test_C618006</div></td>
    <td colspan='5' align='center'>pass</td>
</tr>

<tr id='pt7.6' class='hiddenRow'>
    <td class='none'><div class='testcase'>test_C618040</div></td>
    <td colspan='5' align='center'>pass</td>
</tr>

<tr id='pt7.7' class='hiddenRow'>
    <td class='none'><div class='testcase'>test_C618911</div></td>
    <td colspan='5' align='center'>pass</td>
</tr>

<tr id='ft7.8' class='none'>
    <td class='errorCase'><div class='testcase'>test_C618962</div></td>
    <td colspan='5' align='center'>

    <!--css div popup start-->
    <a class="popup_link" onfocus='this.blur();' href="javascript:showTestDetail('div_ft7.8')" >
        error</a>

    <div id='div_ft7.8' class="popup_window">
        <div style='text-align: right; color:red;cursor:pointer'>
        <a onfocus='this.blur();' onclick="document.getElementById('div_ft7.8').style.display = 'none' " >
           [x]</a>
        </div>
        <pre>
        
ft7.8: Traceback (most recent call last):
  File "E:\touchstone_qa\gemstone\Asset_analysis\test_asset_list_fulltest.py", line 153, in test_C618962
    asset.go_back()
  File "E:\touchstone_qa\gemstone\GemstoneLib\page_class.py", line 1059, in go_back
    self.find_ele("//span[text()='è¿å']")
  File "E:\touchstone_qa\gemstone\GemstoneLib\page_class.py", line 396, in find_ele
    self.driver.find_element_by_xpath(xpath)
  File "C:\Python27\lib\site-packages\selenium-2.47.1-py2.7.egg\selenium\webdriver\remote\webdriver.py", line 253, in find_element_by_xpath
    return self.find_element(by=By.XPATH, value=xpath)
  File "C:\Python27\lib\site-packages\selenium-2.47.1-py2.7.egg\selenium\webdriver\remote\webdriver.py", line 707, in find_element
    {'using': by, 'value': value})['value']
  File "C:\Python27\lib\site-packages\selenium-2.47.1-py2.7.egg\selenium\webdriver\remote\webdriver.py", line 196, in execute
    self.error_handler.check_response(response)
  File "C:\Python27\lib\site-packages\selenium-2.47.1-py2.7.egg\selenium\webdriver\remote\errorhandler.py", line 181, in check_response
    raise exception_class(message, screen, stacktrace)
NoSuchElementException: Message: no such element: Unable to locate element: {"method":"xpath","selector":"//span[text()='\u8fd4\u56de']"}
  (Session info: chrome=44.0.2403.107)
  (Driver info: chromedriver=2.19.346078 (6f1f0cde889532d48ce8242342d0b84f94b114a1),platform=Windows NT 10.0 x86_64)



        </pre>
    </div>
    <!--css div popup end-->

    </td>
</tr>

<tr id='pt7.9' class='hiddenRow'>
    <td class='none'><div class='testcase'>test_C595361</div></td>
    <td colspan='5' align='center'>pass</td>
</tr>

<tr id='pt7.10' class='hiddenRow'>
    <td class='none'><div class='testcase'>test_C618004</div></td>
    <td colspan='5' align='center'>pass</td>
</tr>

<tr id='pt7.11' class='hiddenRow'>
    <td class='none'><div class='testcase'>test_C622927</div></td>
    <td colspan='5' align='center'>pass</td>
</tr>

<tr id='pt7.12' class='hiddenRow'>
    <td class='none'><div class='testcase'>test_C639820</div></td>
    <td colspan='5' align='center'>pass</td>
</tr>

<tr class='errorClass'>
    <td>Asset_analysis.test_topology_fulltest.Test_suite_1</td>
    <td>4</td>
    <td>2</td>
    <td>0</td>
    <td>2</td>
    <td><a href="javascript:showClassDetail('c8',4)">Detail</a></td>
</tr>

<tr id='ft8.1' class='none'>
    <td class='errorCase'><div class='testcase'>test_C588247</div></td>
    <td colspan='5' align='center'>

    <!--css div popup start-->
    <a class="popup_link" onfocus='this.blur();' href="javascript:showTestDetail('div_ft8.1')" >
        error</a>

    <div id='div_ft8.1' class="popup_window">
        <div style='text-align: right; color:red;cursor:pointer'>
        <a onfocus='this.blur();' onclick="document.getElementById('div_ft8.1').style.display = 'none' " >
           [x]</a>
        </div>
        <pre>
        
ft8.1: Traceback (most recent call last):
  File "E:\touchstone_qa\gemstone\Asset_analysis\test_topology_fulltest.py", line 82, in test_C588247
    score = asset.get_score_in_topology()[:-5]
  File "E:\touchstone_qa\gemstone\GemstoneLib\page_class.py", line 1128, in get_score_in_topology
    self.find_ele("//span[@class='small' and text()='æ«æç½æ®µï¼ ']")
  File "E:\touchstone_qa\gemstone\GemstoneLib\page_class.py", line 396, in find_ele
    self.driver.find_element_by_xpath(xpath)
  File "C:\Python27\lib\site-packages\selenium-2.47.1-py2.7.egg\selenium\webdriver\remote\webdriver.py", line 253, in find_element_by_xpath
    return self.find_element(by=By.XPATH, value=xpath)
  File "C:\Python27\lib\site-packages\selenium-2.47.1-py2.7.egg\selenium\webdriver\remote\webdriver.py", line 707, in find_element
    {'using': by, 'value': value})['value']
  File "C:\Python27\lib\site-packages\selenium-2.47.1-py2.7.egg\selenium\webdriver\remote\webdriver.py", line 196, in execute
    self.error_handler.check_response(response)
  File "C:\Python27\lib\site-packages\selenium-2.47.1-py2.7.egg\selenium\webdriver\remote\errorhandler.py", line 181, in check_response
    raise exception_class(message, screen, stacktrace)
NoSuchElementException: Message: no such element: Unable to locate element: {"method":"xpath","selector":"//span[@class='small' and text()='\u626b\u63cf\u7f51\u6bb5\uff1a ']"}
  (Session info: chrome=44.0.2403.107)
  (Driver info: chromedriver=2.19.346078 (6f1f0cde889532d48ce8242342d0b84f94b114a1),platform=Windows NT 10.0 x86_64)



        </pre>
    </div>
    <!--css div popup end-->

    </td>
</tr>

<tr id='pt8.2' class='hiddenRow'>
    <td class='none'><div class='testcase'>test_C618050</div></td>
    <td colspan='5' align='center'>pass</td>
</tr>

<tr id='ft8.3' class='none'>
    <td class='errorCase'><div class='testcase'>test_C618912</div></td>
    <td colspan='5' align='center'>

    <!--css div popup start-->
    <a class="popup_link" onfocus='this.blur();' href="javascript:showTestDetail('div_ft8.3')" >
        error</a>

    <div id='div_ft8.3' class="popup_window">
        <div style='text-align: right; color:red;cursor:pointer'>
        <a onfocus='this.blur();' onclick="document.getElementById('div_ft8.3').style.display = 'none' " >
           [x]</a>
        </div>
        <pre>
        
ft8.3: Traceback (most recent call last):
  File "E:\touchstone_qa\gemstone\Asset_analysis\test_topology_fulltest.py", line 41, in test_C618912
    subnet = asset.get_subnet_in_topology()
  File "E:\touchstone_qa\gemstone\GemstoneLib\page_class.py", line 1093, in get_subnet_in_topology
    self.find_ele("//span[@class='small' and text()='æ«æç½æ®µï¼ ']")
  File "E:\touchstone_qa\gemstone\GemstoneLib\page_class.py", line 396, in find_ele
    self.driver.find_element_by_xpath(xpath)
  File "C:\Python27\lib\site-packages\selenium-2.47.1-py2.7.egg\selenium\webdriver\remote\webdriver.py", line 253, in find_element_by_xpath
    return self.find_element(by=By.XPATH, value=xpath)
  File "C:\Python27\lib\site-packages\selenium-2.47.1-py2.7.egg\selenium\webdriver\remote\webdriver.py", line 707, in find_element
    {'using': by, 'value': value})['value']
  File "C:\Python27\lib\site-packages\selenium-2.47.1-py2.7.egg\selenium\webdriver\remote\webdriver.py", line 196, in execute
    self.error_handler.check_response(response)
  File "C:\Python27\lib\site-packages\selenium-2.47.1-py2.7.egg\selenium\webdriver\remote\errorhandler.py", line 181, in check_response
    raise exception_class(message, screen, stacktrace)
NoSuchElementException: Message: no such element: Unable to locate element: {"method":"xpath","selector":"//span[@class='small' and text()='\u626b\u63cf\u7f51\u6bb5\uff1a ']"}
  (Session info: chrome=44.0.2403.107)
  (Driver info: chromedriver=2.19.346078 (6f1f0cde889532d48ce8242342d0b84f94b114a1),platform=Windows NT 10.0 x86_64)



        </pre>
    </div>
    <!--css div popup end-->

    </td>
</tr>

<tr id='pt8.4' class='hiddenRow'>
    <td class='none'><div class='testcase'>test_C618915</div></td>
    <td colspan='5' align='center'>pass</td>
</tr>

<tr class='errorClass'>
    <td>Asset_analysis.test_score_overview.Test_suite_full</td>
    <td>6</td>
    <td>4</td>
    <td>0</td>
    <td>2</td>
    <td><a href="javascript:showClassDetail('c9',6)">Detail</a></td>
</tr>

<tr id='ft9.1' class='none'>
    <td class='errorCase'><div class='testcase'>test_C590626</div></td>
    <td colspan='5' align='center'>

    <!--css div popup start-->
    <a class="popup_link" onfocus='this.blur();' href="javascript:showTestDetail('div_ft9.1')" >
        error</a>

    <div id='div_ft9.1' class="popup_window">
        <div style='text-align: right; color:red;cursor:pointer'>
        <a onfocus='this.blur();' onclick="document.getElementById('div_ft9.1').style.display = 'none' " >
           [x]</a>
        </div>
        <pre>
        
ft9.1: Traceback (most recent call last):
  File "E:\touchstone_qa\gemstone\Asset_analysis\test_score_overview.py", line 79, in test_C590626
    asset.go_back()
  File "E:\touchstone_qa\gemstone\GemstoneLib\page_class.py", line 1059, in go_back
    self.find_ele("//span[text()='è¿å']")
  File "E:\touchstone_qa\gemstone\GemstoneLib\page_class.py", line 396, in find_ele
    self.driver.find_element_by_xpath(xpath)
  File "C:\Python27\lib\site-packages\selenium-2.47.1-py2.7.egg\selenium\webdriver\remote\webdriver.py", line 253, in find_element_by_xpath
    return self.find_element(by=By.XPATH, value=xpath)
  File "C:\Python27\lib\site-packages\selenium-2.47.1-py2.7.egg\selenium\webdriver\remote\webdriver.py", line 707, in find_element
    {'using': by, 'value': value})['value']
  File "C:\Python27\lib\site-packages\selenium-2.47.1-py2.7.egg\selenium\webdriver\remote\webdriver.py", line 196, in execute
    self.error_handler.check_response(response)
  File "C:\Python27\lib\site-packages\selenium-2.47.1-py2.7.egg\selenium\webdriver\remote\errorhandler.py", line 181, in check_response
    raise exception_class(message, screen, stacktrace)
NoSuchElementException: Message: no such element: Unable to locate element: {"method":"xpath","selector":"//span[text()='\u8fd4\u56de']"}
  (Session info: chrome=44.0.2403.107)
  (Driver info: chromedriver=2.19.346078 (6f1f0cde889532d48ce8242342d0b84f94b114a1),platform=Windows NT 10.0 x86_64)



        </pre>
    </div>
    <!--css div popup end-->

    </td>
</tr>

<tr id='pt9.2' class='hiddenRow'>
    <td class='none'><div class='testcase'>test_C603385</div></td>
    <td colspan='5' align='center'>pass</td>
</tr>

<tr id='pt9.3' class='hiddenRow'>
    <td class='none'><div class='testcase'>test_C618003</div></td>
    <td colspan='5' align='center'>pass</td>
</tr>

<tr id='pt9.4' class='hiddenRow'>
    <td class='none'><div class='testcase'>test_C602492</div></td>
    <td colspan='5' align='center'>pass</td>
</tr>

<tr id='ft9.5' class='none'>
    <td class='errorCase'><div class='testcase'>test_C618948</div></td>
    <td colspan='5' align='center'>

    <!--css div popup start-->
    <a class="popup_link" onfocus='this.blur();' href="javascript:showTestDetail('div_ft9.5')" >
        error</a>

    <div id='div_ft9.5' class="popup_window">
        <div style='text-align: right; color:red;cursor:pointer'>
        <a onfocus='this.blur();' onclick="document.getElementById('div_ft9.5').style.display = 'none' " >
           [x]</a>
        </div>
        <pre>
        
ft9.5: Traceback (most recent call last):
  File "E:\touchstone_qa\gemstone\Asset_analysis\test_score_overview.py", line 105, in test_C618948
    score1 = asset.get_score_in_topology()
  File "E:\touchstone_qa\gemstone\GemstoneLib\page_class.py", line 1128, in get_score_in_topology
    self.find_ele("//span[@class='small' and text()='æ«æç½æ®µï¼ ']")
  File "E:\touchstone_qa\gemstone\GemstoneLib\page_class.py", line 396, in find_ele
    self.driver.find_element_by_xpath(xpath)
  File "C:\Python27\lib\site-packages\selenium-2.47.1-py2.7.egg\selenium\webdriver\remote\webdriver.py", line 253, in find_element_by_xpath
    return self.find_element(by=By.XPATH, value=xpath)
  File "C:\Python27\lib\site-packages\selenium-2.47.1-py2.7.egg\selenium\webdriver\remote\webdriver.py", line 707, in find_element
    {'using': by, 'value': value})['value']
  File "C:\Python27\lib\site-packages\selenium-2.47.1-py2.7.egg\selenium\webdriver\remote\webdriver.py", line 196, in execute
    self.error_handler.check_response(response)
  File "C:\Python27\lib\site-packages\selenium-2.47.1-py2.7.egg\selenium\webdriver\remote\errorhandler.py", line 181, in check_response
    raise exception_class(message, screen, stacktrace)
NoSuchElementException: Message: no such element: Unable to locate element: {"method":"xpath","selector":"//span[@class='small' and text()='\u626b\u63cf\u7f51\u6bb5\uff1a ']"}
  (Session info: chrome=44.0.2403.107)
  (Driver info: chromedriver=2.19.346078 (6f1f0cde889532d48ce8242342d0b84f94b114a1),platform=Windows NT 10.0 x86_64)



        </pre>
    </div>
    <!--css div popup end-->

    </td>
</tr>

<tr id='pt9.6' class='hiddenRow'>
    <td class='none'><div class='testcase'>test_C640906</div></td>
    <td colspan='5' align='center'>pass</td>
</tr>

<tr class='passClass'>
    <td>Threat_analysis.test_threat_fulltest.Test_suite_threat_full</td>
    <td>12</td>
    <td>12</td>
    <td>0</td>
    <td>0</td>
    <td><a href="javascript:showClassDetail('c10',12)">Detail</a></td>
</tr>

<tr id='pt10.1' class='hiddenRow'>
    <td class='none'><div class='testcase'>test_C640237</div></td>
    <td colspan='5' align='center'>pass</td>
</tr>

<tr id='pt10.2' class='hiddenRow'>
    <td class='none'><div class='testcase'>test_C571697</div></td>
    <td colspan='5' align='center'>

    <!--css div popup start-->
    <a class="popup_link" onfocus='this.blur();' href="javascript:showTestDetail('div_pt10.2')" >
        pass</a>

    <div id='div_pt10.2' class="popup_window">
        <div style='text-align: right; color:red;cursor:pointer'>
        <a onfocus='this.blur();' onclick="document.getElementById('div_pt10.2').style.display = 'none' " >
           [x]</a>
        </div>
        <pre>
        
pt10.2: True True True


        </pre>
    </div>
    <!--css div popup end-->

    </td>
</tr>

<tr id='pt10.3' class='hiddenRow'>
    <td class='none'><div class='testcase'>test_C578736</div></td>
    <td colspan='5' align='center'>pass</td>
</tr>

<tr id='pt10.4' class='hiddenRow'>
    <td class='none'><div class='testcase'>test_C619025</div></td>
    <td colspan='5' align='center'>

    <!--css div popup start-->
    <a class="popup_link" onfocus='this.blur();' href="javascript:showTestDetail('div_pt10.4')" >
        pass</a>

    <div id='div_pt10.4' class="popup_window">
        <div style='text-align: right; color:red;cursor:pointer'>
        <a onfocus='this.blur();' onclick="document.getElementById('div_pt10.4').style.display = 'none' " >
           [x]</a>
        </div>
        <pre>
        
pt10.4: 2016-05-10 "\u4e0a\u6b21\u66f4\u65b0:2016-05-10"


        </pre>
    </div>
    <!--css div popup end-->

    </td>
</tr>

<tr id='pt10.5' class='hiddenRow'>
    <td class='none'><div class='testcase'>test_C618943</div></td>
    <td colspan='5' align='center'>

    <!--css div popup start-->
    <a class="popup_link" onfocus='this.blur();' href="javascript:showTestDetail('div_pt10.5')" >
        pass</a>

    <div id='div_pt10.5' class="popup_window">
        <div style='text-align: right; color:red;cursor:pointer'>
        <a onfocus='this.blur();' onclick="document.getElementById('div_pt10.5').style.display = 'none' " >
           [x]</a>
        </div>
        <pre>
        
pt10.5: \u672c\u5957\u5a01\u80c1\u5206\u6790\u6807\u51c6\u6839\u636e \u56fd\u80fd\u5b89\u516836\u53f7\u6587 \u7535\u529b\u76d1\u63a7\u7cfb\u7edf\u5b89\u5168\u9632\u62a4\u8bc4\u4f30\u89c4\u8303\u7684\u76f8\u5173\u8981\u6c42\u6574\u7406\uff0c\u9002\u7528\u4e8e\u5404\u7535\u529b\u4f01\u4e1a\u7535\u529b\u76d1\u63a7\u7cfb\u7edf\u7684\u5b89\u5168\u9632\u62a4\u8bc4\u4f30\u5de5\u4f5c\u3002


        </pre>
    </div>
    <!--css div popup end-->

    </td>
</tr>

<tr id='pt10.6' class='hiddenRow'>
    <td class='none'><div class='testcase'>test_C571702</div></td>
    <td colspan='5' align='center'>pass</td>
</tr>

<tr id='pt10.7' class='hiddenRow'>
    <td class='none'><div class='testcase'>test_C610560</div></td>
    <td colspan='5' align='center'>pass</td>
</tr>

<tr id='pt10.8' class='hiddenRow'>
    <td class='none'><div class='testcase'>test_C571692</div></td>
    <td colspan='5' align='center'>pass</td>
</tr>

<tr id='pt10.9' class='hiddenRow'>
    <td class='none'><div class='testcase'>test_C571693</div></td>
    <td colspan='5' align='center'>pass</td>
</tr>

<tr id='pt10.10' class='hiddenRow'>
    <td class='none'><div class='testcase'>test_C571699</div></td>
    <td colspan='5' align='center'>pass</td>
</tr>

<tr id='pt10.11' class='hiddenRow'>
    <td class='none'><div class='testcase'>test_C618037</div></td>
    <td colspan='5' align='center'>pass</td>
</tr>

<tr id='pt10.12' class='hiddenRow'>
    <td class='none'><div class='testcase'>test_C619023</div></td>
    <td colspan='5' align='center'>pass</td>
</tr>

<tr class='passClass'>
    <td>Threat_analysis.test_threat_analysis.Test_suite_adds_functionality</td>
    <td>5</td>
    <td>5</td>
    <td>0</td>
    <td>0</td>
    <td><a href="javascript:showClassDetail('c11',5)">Detail</a></td>
</tr>

<tr id='pt11.1' class='hiddenRow'>
    <td class='none'><div class='testcase'>test_C640888</div></td>
    <td colspan='5' align='center'>pass</td>
</tr>

<tr id='pt11.2' class='hiddenRow'>
    <td class='none'><div class='testcase'>test_C618009</div></td>
    <td colspan='5' align='center'>pass</td>
</tr>

<tr id='pt11.3' class='hiddenRow'>
    <td class='none'><div class='testcase'>test_C571705</div></td>
    <td colspan='5' align='center'>pass</td>
</tr>

<tr id='pt11.4' class='hiddenRow'>
    <td class='none'><div class='testcase'>test_C571703</div></td>
    <td colspan='5' align='center'>pass</td>
</tr>

<tr id='pt11.5' class='hiddenRow'>
    <td class='none'><div class='testcase'>test_C571704</div></td>
    <td colspan='5' align='center'>pass</td>
</tr>

<tr class='passClass'>
    <td>Traffic_ananlyis.test_traffic_analysis.Test_suite_traffic</td>
    <td>4</td>
    <td>4</td>
    <td>0</td>
    <td>0</td>
    <td><a href="javascript:showClassDetail('c12',4)">Detail</a></td>
</tr>

<tr id='pt12.1' class='hiddenRow'>
    <td class='none'><div class='testcase'>test_C571715</div></td>
    <td colspan='5' align='center'>pass</td>
</tr>

<tr id='pt12.2' class='hiddenRow'>
    <td class='none'><div class='testcase'>test_C571717</div></td>
    <td colspan='5' align='center'>pass</td>
</tr>

<tr id='pt12.3' class='hiddenRow'>
    <td class='none'><div class='testcase'>test_C571718</div></td>
    <td colspan='5' align='center'>pass</td>
</tr>

<tr id='pt12.4' class='hiddenRow'>
    <td class='none'><div class='testcase'>test_C618049</div></td>
    <td colspan='5' align='center'>pass</td>
</tr>

<tr class='passClass'>
    <td>Project_management.test_project_fulltest.Test_suite_project</td>
    <td>8</td>
    <td>8</td>
    <td>0</td>
    <td>0</td>
    <td><a href="javascript:showClassDetail('c13',8)">Detail</a></td>
</tr>

<tr id='pt13.1' class='hiddenRow'>
    <td class='none'><div class='testcase'>test_C571747</div></td>
    <td colspan='5' align='center'>pass</td>
</tr>

<tr id='pt13.2' class='hiddenRow'>
    <td class='none'><div class='testcase'>test_C571748</div></td>
    <td colspan='5' align='center'>pass</td>
</tr>

<tr id='pt13.3' class='hiddenRow'>
    <td class='none'><div class='testcase'>test_C571749</div></td>
    <td colspan='5' align='center'>pass</td>
</tr>

<tr id='pt13.4' class='hiddenRow'>
    <td class='none'><div class='testcase'>test_C578734</div></td>
    <td colspan='5' align='center'>

    <!--css div popup start-->
    <a class="popup_link" onfocus='this.blur();' href="javascript:showTestDetail('div_pt13.4')" >
        pass</a>

    <div id='div_pt13.4' class="popup_window">
        <div style='text-align: right; color:red;cursor:pointer'>
        <a onfocus='this.blur();' onclick="document.getElementById('div_pt13.4').style.display = 'none' " >
           [x]</a>
        </div>
        <pre>
        
pt13.4: 项目基本信息 项目管理 &lt;type 'unicode'&gt; &lt;type 'unicode'&gt;


        </pre>
    </div>
    <!--css div popup end-->

    </td>
</tr>

<tr id='pt13.5' class='hiddenRow'>
    <td class='none'><div class='testcase'>test_C602355</div></td>
    <td colspan='5' align='center'>

    <!--css div popup start-->
    <a class="popup_link" onfocus='this.blur();' href="javascript:showTestDetail('div_pt13.5')" >
        pass</a>

    <div id='div_pt13.5' class="popup_window">
        <div style='text-align: right; color:red;cursor:pointer'>
        <a onfocus='this.blur();' onclick="document.getElementById('div_pt13.5').style.display = 'none' " >
           [x]</a>
        </div>
        <pre>
        
pt13.5: 区域名称不能重复.
此区域已产生分析数据无法删除.


        </pre>
    </div>
    <!--css div popup end-->

    </td>
</tr>

<tr id='pt13.6' class='hiddenRow'>
    <td class='none'><div class='testcase'>test_C618033</div></td>
    <td colspan='5' align='center'>pass</td>
</tr>

<tr id='pt13.7' class='hiddenRow'>
    <td class='none'><div class='testcase'>test_C618986</div></td>
    <td colspan='5' align='center'>pass</td>
</tr>

<tr id='pt13.8' class='hiddenRow'>
    <td class='none'><div class='testcase'>test_C640411</div></td>
    <td colspan='5' align='center'>pass</td>
</tr>

<tr class='passClass'>
    <td>Project_management.test_project_management.Test_suite_project</td>
    <td>1</td>
    <td>1</td>
    <td>0</td>
    <td>0</td>
    <td><a href="javascript:showClassDetail('c14',1)">Detail</a></td>
</tr>

<tr id='pt14.1' class='hiddenRow'>
    <td class='none'><div class='testcase'>test_C618917</div></td>
    <td colspan='5' align='center'>pass</td>
</tr>

<tr class='passClass'>
    <td>System_setup.test_system_factory.Test_suite_sys</td>
    <td>2</td>
    <td>2</td>
    <td>0</td>
    <td>0</td>
    <td><a href="javascript:showClassDetail('c15',2)">Detail</a></td>
</tr>

<tr id='pt15.1' class='hiddenRow'>
    <td class='none'><div class='testcase'>test_C581201</div></td>
    <td colspan='5' align='center'>pass</td>
</tr>

<tr id='pt15.2' class='hiddenRow'>
    <td class='none'><div class='testcase'>test_C617975</div></td>
    <td colspan='5' align='center'>pass</td>
</tr>

<tr class='passClass'>
    <td>System_setup.test_system_setup.Test_suite_management</td>
    <td>2</td>
    <td>2</td>
    <td>0</td>
    <td>0</td>
    <td><a href="javascript:showClassDetail('c16',2)">Detail</a></td>
</tr>

<tr id='pt16.1' class='hiddenRow'>
    <td class='none'><div class='testcase'>test_C581202</div></td>
    <td colspan='5' align='center'>pass</td>
</tr>

<tr id='pt16.2' class='hiddenRow'>
    <td class='none'><div class='testcase'>test_C617974</div></td>
    <td colspan='5' align='center'>pass</td>
</tr>

<tr id='total_row'>
    <td>Total</td>
    <td>84</td>
    <td>73</td>
    <td>2</td>
    <td>9</td>
    <td>&nbsp;</td>
</tr>
</table>

<div id='ending'>&nbsp;</div>

</body>
</html>
